<?xml version="1.0" encoding="UTF-8"?>
<!-- Generated by org.testng.reporters.JUnitXMLReporter -->
<testsuite ignored="0" hostname="DESKTOP-P17A15D" failures="1" tests="12" name="edgeTest" time="110.81" errors="0" timestamp="2025-05-20T12:41:48 CDT">
  <testcase classname="testCases.TC02_Login_Ng" name="testLogin" time="4.809"/>
  <testcase classname="testCases.TC02_Login_Ng" name="testLogin" time="2.813"/>
  <testcase classname="testCases.TC02_Login_Ng" name="testLogin" time="2.319"/>
  <testcase classname="testCases.TC02_Login_Ng" name="testLogin" time="2.118"/>
  <testcase classname="testCases.TC02_Login_Ng" name="testLogin" time="1.809"/>
  <testcase classname="testCases.TC05_WishListNg" name="testAddToWishList" time="15.032">
    <skipped/>
  </testcase> <!-- testAddToWishList -->
  <testcase classname="testCases.TC05_WishListNg" name="testAddToWishList" time="1.083">
    <skipped/>
  </testcase> <!-- testAddToWishList -->
  <testcase classname="testCases.TC05_WishListNg" name="testAddToWishList" time="1.094">
    <failure type="java.lang.AssertionError" message="Test failed due to exception: element click intercepted: Element is not clickable at point (813, -538)
  (Session info: MicrosoftEdge=136.0.3240.76)
Build info: version: &amp;apos;4.31.0&amp;apos;, revision: &amp;apos;1ef9f18787*&amp;apos;
System info: os.name: &amp;apos;Windows 11&amp;apos;, os.arch: &amp;apos;amd64&amp;apos;, os.version: &amp;apos;10.0&amp;apos;, java.version: &amp;apos;23.0.2&amp;apos;
Driver info: org.openqa.selenium.remote.RemoteWebDriver
Command: [010f1df095d27b332045fa365147c374, clickElement {id=f.FD0FCA60697D18209BED9B57189FD373.d.1FB08A0D0008399529D663D83543B1F4.e.103}]
Capabilities {acceptInsecureCerts: false, browserName: MicrosoftEdge, browserVersion: 136.0.3240.76, fedcm:accounts: true, ms:edgeOptions: {debuggerAddress: localhost:52686}, msedge: {msedgedriverVersion: 136.0.3240.76 (77e9ec69748f..., userDataDir: C:\Users\malli\AppData\Loca...}, networkConnectionEnabled: false, pageLoadStrategy: normal, platformName: Windows 11, proxy: Proxy(), se:bidiEnabled: false, se:cdp: ws://192.168.1.204:4444/ses..., se:cdpVersion: 136.0.3240.76, setWindowRect: true, strictFileInteractability: false, timeouts: {implicit: 0, pageLoad: 300000, script: 30000}, unhandledPromptBehavior: dismiss and notify, webauthn:extension:credBlob: true, webauthn:extension:largeBlob: true, webauthn:extension:minPinLength: true, webauthn:extension:prf: true, webauthn:virtualAuthenticators: true}
Element: [[RemoteWebDriver: MicrosoftEdge on Windows 11 (010f1df095d27b332045fa365147c374)] -&amp;gt; xpath: //i[@class=&amp;apos;fa-solid fa-user&amp;apos;]]
Session ID: 010f1df095d27b332045fa365147c374">
      <![CDATA[java.lang.AssertionError: Test failed due to exception: element click intercepted: Element is not clickable at point (813, -538)
  (Session info: MicrosoftEdge=136.0.3240.76)
Build info: version: '4.31.0', revision: '1ef9f18787*'
System info: os.name: 'Windows 11', os.arch: 'amd64', os.version: '10.0', java.version: '23.0.2'
Driver info: org.openqa.selenium.remote.RemoteWebDriver
Command: [010f1df095d27b332045fa365147c374, clickElement {id=f.FD0FCA60697D18209BED9B57189FD373.d.1FB08A0D0008399529D663D83543B1F4.e.103}]
Capabilities {acceptInsecureCerts: false, browserName: MicrosoftEdge, browserVersion: 136.0.3240.76, fedcm:accounts: true, ms:edgeOptions: {debuggerAddress: localhost:52686}, msedge: {msedgedriverVersion: 136.0.3240.76 (77e9ec69748f..., userDataDir: C:\Users\malli\AppData\Loca...}, networkConnectionEnabled: false, pageLoadStrategy: normal, platformName: Windows 11, proxy: Proxy(), se:bidiEnabled: false, se:cdp: ws://192.168.1.204:4444/ses..., se:cdpVersion: 136.0.3240.76, setWindowRect: true, strictFileInteractability: false, timeouts: {implicit: 0, pageLoad: 300000, script: 30000}, unhandledPromptBehavior: dismiss and notify, webauthn:extension:credBlob: true, webauthn:extension:largeBlob: true, webauthn:extension:minPinLength: true, webauthn:extension:prf: true, webauthn:virtualAuthenticators: true}
Element: [[RemoteWebDriver: MicrosoftEdge on Windows 11 (010f1df095d27b332045fa365147c374)] -> xpath: //i[@class='fa-solid fa-user']]
Session ID: 010f1df095d27b332045fa365147c374
at testCases.TC05_WishListNg.testAddToWishList(TC05_WishListNg.java:72)
at java.base/java.util.ArrayList.forEach(ArrayList.java:1597)
at java.base/java.util.concurrent.FutureTask.run(FutureTask.java:317)
at java.base/java.util.concurrent.ThreadPoolExecutor.runWorker(ThreadPoolExecutor.java:1144)
at java.base/java.util.concurrent.ThreadPoolExecutor$Worker.run(ThreadPoolExecutor.java:642)
at java.base/java.lang.Thread.run(Thread.java:1575)
... Removed 16 stack frames]]>
    </failure>
  </testcase> <!-- testAddToWishList -->
  <testcase classname="testCases.TC06_AddAffiliateNg" name="testAddAffiliate" time="13.462"/>
  <testcase classname="testCases.TC01_LaunchApplication" name="testLaunchApplication" time="0.015"/>
  <testcase classname="testCases.TC04_CompletePurchaseNg" name="addToCart" time="25.142"/>
  <testcase classname="testCases.TC03_AddToCartNg" name="testAddToCart" time="9.168"/>
</testsuite> <!-- edgeTest -->
