<html>
<head>
<title>TestNG:  edgeTest</title>
<link href="../testng.css" rel="stylesheet" type="text/css" />
<link href="../my-testng.css" rel="stylesheet" type="text/css" />

<style type="text/css">
.log { display: none;} 
.stack-trace { display: none;} 
</style>
<script type="text/javascript">
<!--
function flip(e) {
  current = e.style.display;
  if (current == 'block') {
    e.style.display = 'none';
    return 0;
  }
  else {
    e.style.display = 'block';
    return 1;
  }
}

function toggleBox(szDivId, elem, msg1, msg2)
{
  var res = -1;  if (document.getElementById) {
    res = flip(document.getElementById(szDivId));
  }
  else if (document.all) {
    // this is the way old msie versions work
    res = flip(document.all[szDivId]);
  }
  if(elem) {
    if(res == 0) elem.innerHTML = msg1; else elem.innerHTML = msg2;
  }

}

function toggleAllBoxes() {
  if (document.getElementsByTagName) {
    d = document.getElementsByTagName('div');
    for (i = 0; i < d.length; i++) {
      if (d[i].className == 'log') {
        flip(d[i]);
      }
    }
  }
}

// -->
</script>

</head>
<body>
<h2 align='center'>edgeTest</h2><table border='1' align="center">
<tr>
<td>Tests passed/Failed/Skipped:</td><td>9/1/2</td>
</tr><tr>
<td>Started on:</td><td>Tue May 20 12:39:56 CDT 2025</td>
</tr>
<tr><td>Total time:</td><td>110 seconds (110810 ms)</td>
</tr><tr>
<td>Included groups:</td><td>datadriven regression sanity </td>
</tr><tr>
<td>Excluded groups:</td><td></td>
</tr>
</table><p/>
<small><i>(Hover the method name to see the test class name)</i></small><p/>
<table width='100%' border='1' class='invocation-failed'>
<tr><td colspan='4' align='center'><b>FAILED TESTS</b></td></tr>
<tr><td><b>Test method</b></td>
<td><b>Attribute(s)</b></td>
<td width="30%"><b>Exception</b></td>
<td width="10%"><b>Time (seconds)</b></td>
<td><b>Instance</b></td>
</tr>
<tr>
<td title='testCases.TC05_WishListNg.testAddToWishList()'><b>testAddToWishList</b><br>Test class: testCases.TC05_WishListNg</td>
<td><div><pre>java.lang.AssertionError: Test failed due to exception: element click intercepted: Element is not clickable at point (813, -538)
  (Session info: MicrosoftEdge=136.0.3240.76)
Build info: version: &apos;4.31.0&apos;, revision: &apos;1ef9f18787*&apos;
System info: os.name: &apos;Windows 11&apos;, os.arch: &apos;amd64&apos;, os.version: &apos;10.0&apos;, java.version: &apos;23.0.2&apos;
Driver info: org.openqa.selenium.remote.RemoteWebDriver
Command: [010f1df095d27b332045fa365147c374, clickElement {id=f.FD0FCA60697D18209BED9B57189FD373.d.1FB08A0D0008399529D663D83543B1F4.e.103}]
Capabilities {acceptInsecureCerts: false, browserName: MicrosoftEdge, browserVersion: 136.0.3240.76, fedcm:accounts: true, ms:edgeOptions: {debuggerAddress: localhost:52686}, msedge: {msedgedriverVersion: 136.0.3240.76 (77e9ec69748f..., userDataDir: C:\Users\malli\AppData\Loca...}, networkConnectionEnabled: false, pageLoadStrategy: normal, platformName: Windows 11, proxy: Proxy(), se:bidiEnabled: false, se:cdp: ws://192.168.1.204:4444/ses..., se:cdpVersion: 136.0.3240.76, setWindowRect: true, strictFileInteractability: false, timeouts: {implicit: 0, pageLoad: 300000, script: 30000}, unhandledPromptBehavior: dismiss and notify, webauthn:extension:credBlob: true, webauthn:extension:largeBlob: true, webauthn:extension:minPinLength: true, webauthn:extension:prf: true, webauthn:virtualAuthenticators: true}
Element: [[RemoteWebDriver: MicrosoftEdge on Windows 11 (010f1df095d27b332045fa365147c374)] -&gt; xpath: //i[@class=&apos;fa-solid fa-user&apos;]]
Session ID: 010f1df095d27b332045fa365147c374
	at testCases.TC05_WishListNg.testAddToWishList(TC05_WishListNg.java:72)
	at java.base/java.util.ArrayList.forEach(ArrayList.java:1597)
	at java.base/java.util.concurrent.FutureTask.run(FutureTask.java:317)
	at java.base/java.util.concurrent.ThreadPoolExecutor.runWorker(ThreadPoolExecutor.java:1144)
	at java.base/java.util.concurrent.ThreadPoolExecutor$Worker.run(ThreadPoolExecutor.java:642)
	at java.base/java.lang.Thread.run(Thread.java:1575)
... Removed 16 stack frames</pre></div><a href='#' onClick='toggleBox("stack-trace1247507909", this, "Click to show all stack frames", "Click to hide stack frames")'>Click to show all stack frames</a>
<div class='stack-trace' id='stack-trace1247507909'><pre>java.lang.AssertionError: Test failed due to exception: element click intercepted: Element is not clickable at point (813, -538)
  (Session info: MicrosoftEdge=136.0.3240.76)
Build info: version: &apos;4.31.0&apos;, revision: &apos;1ef9f18787*&apos;
System info: os.name: &apos;Windows 11&apos;, os.arch: &apos;amd64&apos;, os.version: &apos;10.0&apos;, java.version: &apos;23.0.2&apos;
Driver info: org.openqa.selenium.remote.RemoteWebDriver
Command: [010f1df095d27b332045fa365147c374, clickElement {id=f.FD0FCA60697D18209BED9B57189FD373.d.1FB08A0D0008399529D663D83543B1F4.e.103}]
Capabilities {acceptInsecureCerts: false, browserName: MicrosoftEdge, browserVersion: 136.0.3240.76, fedcm:accounts: true, ms:edgeOptions: {debuggerAddress: localhost:52686}, msedge: {msedgedriverVersion: 136.0.3240.76 (77e9ec69748f..., userDataDir: C:\Users\malli\AppData\Loca...}, networkConnectionEnabled: false, pageLoadStrategy: normal, platformName: Windows 11, proxy: Proxy(), se:bidiEnabled: false, se:cdp: ws://192.168.1.204:4444/ses..., se:cdpVersion: 136.0.3240.76, setWindowRect: true, strictFileInteractability: false, timeouts: {implicit: 0, pageLoad: 300000, script: 30000}, unhandledPromptBehavior: dismiss and notify, webauthn:extension:credBlob: true, webauthn:extension:largeBlob: true, webauthn:extension:minPinLength: true, webauthn:extension:prf: true, webauthn:virtualAuthenticators: true}
Element: [[RemoteWebDriver: MicrosoftEdge on Windows 11 (010f1df095d27b332045fa365147c374)] -&gt; xpath: //i[@class=&apos;fa-solid fa-user&apos;]]
Session ID: 010f1df095d27b332045fa365147c374
	at org.testng.Assert.fail(Assert.java:111)
	at testCases.TC05_WishListNg.testAddToWishList(TC05_WishListNg.java:72)
	at java.base/jdk.internal.reflect.DirectMethodHandleAccessor.invoke(DirectMethodHandleAccessor.java:103)
	at java.base/java.lang.reflect.Method.invoke(Method.java:580)
	at org.testng.internal.invokers.MethodInvocationHelper.invokeMethod(MethodInvocationHelper.java:141)
	at org.testng.internal.invokers.TestInvoker.invokeMethod(TestInvoker.java:687)
	at org.testng.internal.invokers.TestInvoker.retryFailed(TestInvoker.java:269)
	at org.testng.internal.invokers.MethodRunner.runInSequence(MethodRunner.java:76)
	at org.testng.internal.invokers.TestInvoker$MethodInvocationAgent.invoke(TestInvoker.java:995)
	at org.testng.internal.invokers.TestInvoker.invokeTestMethods(TestInvoker.java:203)
	at org.testng.internal.invokers.TestMethodWorker.invokeTestMethods(TestMethodWorker.java:154)
	at org.testng.internal.invokers.TestMethodWorker.run(TestMethodWorker.java:134)
	at java.base/java.util.ArrayList.forEach(ArrayList.java:1597)
	at org.testng.TestRunner.privateRun(TestRunner.java:741)
	at org.testng.TestRunner.run(TestRunner.java:616)
	at org.testng.SuiteRunner.runTest(SuiteRunner.java:421)
	at org.testng.SuiteRunner$SuiteWorker.run(SuiteRunner.java:463)
	at org.testng.internal.thread.ThreadUtil.lambda$execute$0(ThreadUtil.java:64)
	at java.base/java.util.concurrent.FutureTask.run(FutureTask.java:317)
	at java.base/java.util.concurrent.ThreadPoolExecutor.runWorker(ThreadPoolExecutor.java:1144)
	at java.base/java.util.concurrent.ThreadPoolExecutor$Worker.run(ThreadPoolExecutor.java:642)
	at java.base/java.lang.Thread.run(Thread.java:1575)
</pre></div></td>
<td>1</td>
<td>testCases.TC05_WishListNg@32a68f4f</td></tr>
</table><p>
<table width='100%' border='1' class='invocation-passed'>
<tr><td colspan='4' align='center'><b>PASSED TESTS</b></td></tr>
<tr><td><b>Test method</b></td>
<td><b>Attribute(s)</b></td>
<td width="30%"><b>Exception</b></td>
<td width="10%"><b>Time (seconds)</b></td>
<td><b>Instance</b></td>
</tr>
<tr>
<td title='testCases.TC04_CompletePurchaseNg.addToCart()'><b>addToCart</b><br>Test class: testCases.TC04_CompletePurchaseNg</td>
<td></td>
<td>25</td>
<td>testCases.TC04_CompletePurchaseNg@3c9c0d96</td></tr>
<tr>
<td title='testCases.TC03_AddToCartNg.testAddToCart()'><b>testAddToCart</b><br>Test class: testCases.TC03_AddToCartNg</td>
<td></td>
<td>9</td>
<td>testCases.TC03_AddToCartNg@3a4621bd</td></tr>
<tr>
<td title='testCases.TC02_Login_Ng.testLogin()'><b>testLogin</b><br>Test class: testCases.TC02_Login_Ng<br>Parameters: hichamkhachiai@gmail.com, hicham123</td>
<td></td>
<td>1</td>
<td>testCases.TC02_Login_Ng@29a0cdb</td></tr>
<tr>
<td title='testCases.TC01_LaunchApplication.testLaunchApplication()'><b>testLaunchApplication</b><br>Test class: testCases.TC01_LaunchApplication</td>
<td></td>
<td>0</td>
<td>testCases.TC01_LaunchApplication@6eb2384f</td></tr>
<tr>
<td title='testCases.TC02_Login_Ng.testLogin()'><b>testLogin</b><br>Test class: testCases.TC02_Login_Ng<br>Parameters: smitasharma.qa@gmail.com, ss*QA123</td>
<td></td>
<td>4</td>
<td>testCases.TC02_Login_Ng@29a0cdb</td></tr>
<tr>
<td title='testCases.TC02_Login_Ng.testLogin()'><b>testLogin</b><br>Test class: testCases.TC02_Login_Ng<br>Parameters: sid@cloudberry.services, Test123</td>
<td></td>
<td>2</td>
<td>testCases.TC02_Login_Ng@29a0cdb</td></tr>
<tr>
<td title='testCases.TC06_AddAffiliateNg.testAddAffiliate()'><b>testAddAffiliate</b><br>Test class: testCases.TC06_AddAffiliateNg</td>
<td></td>
<td>13</td>
<td>testCases.TC06_AddAffiliateNg@73194df</td></tr>
<tr>
<td title='testCases.TC02_Login_Ng.testLogin()'><b>testLogin</b><br>Test class: testCases.TC02_Login_Ng<br>Parameters: apushedwoman@gmail.com, password123</td>
<td></td>
<td>2</td>
<td>testCases.TC02_Login_Ng@29a0cdb</td></tr>
<tr>
<td title='testCases.TC02_Login_Ng.testLogin()'><b>testLogin</b><br>Test class: testCases.TC02_Login_Ng<br>Parameters: nona@yahoo.com, QWER!@#$</td>
<td></td>
<td>2</td>
<td>testCases.TC02_Login_Ng@29a0cdb</td></tr>
</table><p>
<table width='100%' border='1' class='invocation-skipped'>
<tr><td colspan='4' align='center'><b>SKIPPED TESTS</b></td></tr>
<tr><td><b>Test method</b></td>
<td><b>Attribute(s)</b></td>
<td width="30%"><b>Exception</b></td>
<td width="10%"><b>Time (seconds)</b></td>
<td><b>Instance</b></td>
</tr>
<tr>
<td title='testCases.TC05_WishListNg.testAddToWishList()'><b>testAddToWishList</b><br>Test class: testCases.TC05_WishListNg</td>
<td><div><pre>java.lang.AssertionError: Test failed due to exception: no such element: Unable to locate element: {&quot;method&quot;:&quot;xpath&quot;,&quot;selector&quot;:&quot;//div[@class=&apos;alert alert-success alert-dismissible&apos;]&quot;}
  (Session info: MicrosoftEdge=136.0.3240.76)
For documentation on this error, please visit: https://www.selenium.dev/documentation/webdriver/troubleshooting/errors#no-such-element-exception
Build info: version: &apos;4.31.0&apos;, revision: &apos;1ef9f18787*&apos;
System info: os.name: &apos;Windows 11&apos;, os.arch: &apos;amd64&apos;, os.version: &apos;10.0&apos;, java.version: &apos;23.0.2&apos;
Driver info: org.openqa.selenium.remote.RemoteWebDriver
Command: [010f1df095d27b332045fa365147c374, findElement {using=xpath, value=//div[@class=&apos;alert alert-success alert-dismissible&apos;]}]
Capabilities {acceptInsecureCerts: false, browserName: MicrosoftEdge, browserVersion: 136.0.3240.76, fedcm:accounts: true, ms:edgeOptions: {debuggerAddress: localhost:52686}, msedge: {msedgedriverVersion: 136.0.3240.76 (77e9ec69748f..., userDataDir: C:\Users\malli\AppData\Loca...}, networkConnectionEnabled: false, pageLoadStrategy: normal, platformName: Windows 11, proxy: Proxy(), se:bidiEnabled: false, se:cdp: ws://192.168.1.204:4444/ses..., se:cdpVersion: 136.0.3240.76, setWindowRect: true, strictFileInteractability: false, timeouts: {implicit: 0, pageLoad: 300000, script: 30000}, unhandledPromptBehavior: dismiss and notify, webauthn:extension:credBlob: true, webauthn:extension:largeBlob: true, webauthn:extension:minPinLength: true, webauthn:extension:prf: true, webauthn:virtualAuthenticators: true}
Session ID: 010f1df095d27b332045fa365147c374
	at testCases.TC05_WishListNg.testAddToWishList(TC05_WishListNg.java:72)
	at java.base/java.util.ArrayList.forEach(ArrayList.java:1597)
	at java.base/java.util.concurrent.FutureTask.run(FutureTask.java:317)
	at java.base/java.util.concurrent.ThreadPoolExecutor.runWorker(ThreadPoolExecutor.java:1144)
	at java.base/java.util.concurrent.ThreadPoolExecutor$Worker.run(ThreadPoolExecutor.java:642)
	at java.base/java.lang.Thread.run(Thread.java:1575)
... Removed 16 stack frames</pre></div><a href='#' onClick='toggleBox("stack-trace1680022632", this, "Click to show all stack frames", "Click to hide stack frames")'>Click to show all stack frames</a>
<div class='stack-trace' id='stack-trace1680022632'><pre>java.lang.AssertionError: Test failed due to exception: no such element: Unable to locate element: {&quot;method&quot;:&quot;xpath&quot;,&quot;selector&quot;:&quot;//div[@class=&apos;alert alert-success alert-dismissible&apos;]&quot;}
  (Session info: MicrosoftEdge=136.0.3240.76)
For documentation on this error, please visit: https://www.selenium.dev/documentation/webdriver/troubleshooting/errors#no-such-element-exception
Build info: version: &apos;4.31.0&apos;, revision: &apos;1ef9f18787*&apos;
System info: os.name: &apos;Windows 11&apos;, os.arch: &apos;amd64&apos;, os.version: &apos;10.0&apos;, java.version: &apos;23.0.2&apos;
Driver info: org.openqa.selenium.remote.RemoteWebDriver
Command: [010f1df095d27b332045fa365147c374, findElement {using=xpath, value=//div[@class=&apos;alert alert-success alert-dismissible&apos;]}]
Capabilities {acceptInsecureCerts: false, browserName: MicrosoftEdge, browserVersion: 136.0.3240.76, fedcm:accounts: true, ms:edgeOptions: {debuggerAddress: localhost:52686}, msedge: {msedgedriverVersion: 136.0.3240.76 (77e9ec69748f..., userDataDir: C:\Users\malli\AppData\Loca...}, networkConnectionEnabled: false, pageLoadStrategy: normal, platformName: Windows 11, proxy: Proxy(), se:bidiEnabled: false, se:cdp: ws://192.168.1.204:4444/ses..., se:cdpVersion: 136.0.3240.76, setWindowRect: true, strictFileInteractability: false, timeouts: {implicit: 0, pageLoad: 300000, script: 30000}, unhandledPromptBehavior: dismiss and notify, webauthn:extension:credBlob: true, webauthn:extension:largeBlob: true, webauthn:extension:minPinLength: true, webauthn:extension:prf: true, webauthn:virtualAuthenticators: true}
Session ID: 010f1df095d27b332045fa365147c374
	at org.testng.Assert.fail(Assert.java:111)
	at testCases.TC05_WishListNg.testAddToWishList(TC05_WishListNg.java:72)
	at java.base/jdk.internal.reflect.DirectMethodHandleAccessor.invoke(DirectMethodHandleAccessor.java:103)
	at java.base/java.lang.reflect.Method.invoke(Method.java:580)
	at org.testng.internal.invokers.MethodInvocationHelper.invokeMethod(MethodInvocationHelper.java:141)
	at org.testng.internal.invokers.TestInvoker.invokeMethod(TestInvoker.java:687)
	at org.testng.internal.invokers.TestInvoker.invokeTestMethod(TestInvoker.java:230)
	at org.testng.internal.invokers.MethodRunner.runInSequence(MethodRunner.java:63)
	at org.testng.internal.invokers.TestInvoker$MethodInvocationAgent.invoke(TestInvoker.java:995)
	at org.testng.internal.invokers.TestInvoker.invokeTestMethods(TestInvoker.java:203)
	at org.testng.internal.invokers.TestMethodWorker.invokeTestMethods(TestMethodWorker.java:154)
	at org.testng.internal.invokers.TestMethodWorker.run(TestMethodWorker.java:134)
	at java.base/java.util.ArrayList.forEach(ArrayList.java:1597)
	at org.testng.TestRunner.privateRun(TestRunner.java:741)
	at org.testng.TestRunner.run(TestRunner.java:616)
	at org.testng.SuiteRunner.runTest(SuiteRunner.java:421)
	at org.testng.SuiteRunner$SuiteWorker.run(SuiteRunner.java:463)
	at org.testng.internal.thread.ThreadUtil.lambda$execute$0(ThreadUtil.java:64)
	at java.base/java.util.concurrent.FutureTask.run(FutureTask.java:317)
	at java.base/java.util.concurrent.ThreadPoolExecutor.runWorker(ThreadPoolExecutor.java:1144)
	at java.base/java.util.concurrent.ThreadPoolExecutor$Worker.run(ThreadPoolExecutor.java:642)
	at java.base/java.lang.Thread.run(Thread.java:1575)
</pre></div></td>
<td>15</td>
<td>testCases.TC05_WishListNg@32a68f4f</td></tr>
<tr>
<td title='testCases.TC05_WishListNg.testAddToWishList()'><b>testAddToWishList</b><br>Test class: testCases.TC05_WishListNg</td>
<td><div><pre>java.lang.AssertionError: Test failed due to exception: element click intercepted: Element is not clickable at point (813, -547)
  (Session info: MicrosoftEdge=136.0.3240.76)
Build info: version: &apos;4.31.0&apos;, revision: &apos;1ef9f18787*&apos;
System info: os.name: &apos;Windows 11&apos;, os.arch: &apos;amd64&apos;, os.version: &apos;10.0&apos;, java.version: &apos;23.0.2&apos;
Driver info: org.openqa.selenium.remote.RemoteWebDriver
Command: [010f1df095d27b332045fa365147c374, clickElement {id=f.FD0FCA60697D18209BED9B57189FD373.d.1FB08A0D0008399529D663D83543B1F4.e.103}]
Capabilities {acceptInsecureCerts: false, browserName: MicrosoftEdge, browserVersion: 136.0.3240.76, fedcm:accounts: true, ms:edgeOptions: {debuggerAddress: localhost:52686}, msedge: {msedgedriverVersion: 136.0.3240.76 (77e9ec69748f..., userDataDir: C:\Users\malli\AppData\Loca...}, networkConnectionEnabled: false, pageLoadStrategy: normal, platformName: Windows 11, proxy: Proxy(), se:bidiEnabled: false, se:cdp: ws://192.168.1.204:4444/ses..., se:cdpVersion: 136.0.3240.76, setWindowRect: true, strictFileInteractability: false, timeouts: {implicit: 0, pageLoad: 300000, script: 30000}, unhandledPromptBehavior: dismiss and notify, webauthn:extension:credBlob: true, webauthn:extension:largeBlob: true, webauthn:extension:minPinLength: true, webauthn:extension:prf: true, webauthn:virtualAuthenticators: true}
Element: [[RemoteWebDriver: MicrosoftEdge on Windows 11 (010f1df095d27b332045fa365147c374)] -&gt; xpath: //i[@class=&apos;fa-solid fa-user&apos;]]
Session ID: 010f1df095d27b332045fa365147c374
	at testCases.TC05_WishListNg.testAddToWishList(TC05_WishListNg.java:72)
	at java.base/java.util.ArrayList.forEach(ArrayList.java:1597)
	at java.base/java.util.concurrent.FutureTask.run(FutureTask.java:317)
	at java.base/java.util.concurrent.ThreadPoolExecutor.runWorker(ThreadPoolExecutor.java:1144)
	at java.base/java.util.concurrent.ThreadPoolExecutor$Worker.run(ThreadPoolExecutor.java:642)
	at java.base/java.lang.Thread.run(Thread.java:1575)
... Removed 16 stack frames</pre></div><a href='#' onClick='toggleBox("stack-trace1017700758", this, "Click to show all stack frames", "Click to hide stack frames")'>Click to show all stack frames</a>
<div class='stack-trace' id='stack-trace1017700758'><pre>java.lang.AssertionError: Test failed due to exception: element click intercepted: Element is not clickable at point (813, -547)
  (Session info: MicrosoftEdge=136.0.3240.76)
Build info: version: &apos;4.31.0&apos;, revision: &apos;1ef9f18787*&apos;
System info: os.name: &apos;Windows 11&apos;, os.arch: &apos;amd64&apos;, os.version: &apos;10.0&apos;, java.version: &apos;23.0.2&apos;
Driver info: org.openqa.selenium.remote.RemoteWebDriver
Command: [010f1df095d27b332045fa365147c374, clickElement {id=f.FD0FCA60697D18209BED9B57189FD373.d.1FB08A0D0008399529D663D83543B1F4.e.103}]
Capabilities {acceptInsecureCerts: false, browserName: MicrosoftEdge, browserVersion: 136.0.3240.76, fedcm:accounts: true, ms:edgeOptions: {debuggerAddress: localhost:52686}, msedge: {msedgedriverVersion: 136.0.3240.76 (77e9ec69748f..., userDataDir: C:\Users\malli\AppData\Loca...}, networkConnectionEnabled: false, pageLoadStrategy: normal, platformName: Windows 11, proxy: Proxy(), se:bidiEnabled: false, se:cdp: ws://192.168.1.204:4444/ses..., se:cdpVersion: 136.0.3240.76, setWindowRect: true, strictFileInteractability: false, timeouts: {implicit: 0, pageLoad: 300000, script: 30000}, unhandledPromptBehavior: dismiss and notify, webauthn:extension:credBlob: true, webauthn:extension:largeBlob: true, webauthn:extension:minPinLength: true, webauthn:extension:prf: true, webauthn:virtualAuthenticators: true}
Element: [[RemoteWebDriver: MicrosoftEdge on Windows 11 (010f1df095d27b332045fa365147c374)] -&gt; xpath: //i[@class=&apos;fa-solid fa-user&apos;]]
Session ID: 010f1df095d27b332045fa365147c374
	at org.testng.Assert.fail(Assert.java:111)
	at testCases.TC05_WishListNg.testAddToWishList(TC05_WishListNg.java:72)
	at java.base/jdk.internal.reflect.DirectMethodHandleAccessor.invoke(DirectMethodHandleAccessor.java:103)
	at java.base/java.lang.reflect.Method.invoke(Method.java:580)
	at org.testng.internal.invokers.MethodInvocationHelper.invokeMethod(MethodInvocationHelper.java:141)
	at org.testng.internal.invokers.TestInvoker.invokeMethod(TestInvoker.java:687)
	at org.testng.internal.invokers.TestInvoker.retryFailed(TestInvoker.java:269)
	at org.testng.internal.invokers.MethodRunner.runInSequence(MethodRunner.java:76)
	at org.testng.internal.invokers.TestInvoker$MethodInvocationAgent.invoke(TestInvoker.java:995)
	at org.testng.internal.invokers.TestInvoker.invokeTestMethods(TestInvoker.java:203)
	at org.testng.internal.invokers.TestMethodWorker.invokeTestMethods(TestMethodWorker.java:154)
	at org.testng.internal.invokers.TestMethodWorker.run(TestMethodWorker.java:134)
	at java.base/java.util.ArrayList.forEach(ArrayList.java:1597)
	at org.testng.TestRunner.privateRun(TestRunner.java:741)
	at org.testng.TestRunner.run(TestRunner.java:616)
	at org.testng.SuiteRunner.runTest(SuiteRunner.java:421)
	at org.testng.SuiteRunner$SuiteWorker.run(SuiteRunner.java:463)
	at org.testng.internal.thread.ThreadUtil.lambda$execute$0(ThreadUtil.java:64)
	at java.base/java.util.concurrent.FutureTask.run(FutureTask.java:317)
	at java.base/java.util.concurrent.ThreadPoolExecutor.runWorker(ThreadPoolExecutor.java:1144)
	at java.base/java.util.concurrent.ThreadPoolExecutor$Worker.run(ThreadPoolExecutor.java:642)
	at java.base/java.lang.Thread.run(Thread.java:1575)
</pre></div></td>
<td>1</td>
<td>testCases.TC05_WishListNg@32a68f4f</td></tr>
</table><p>
</body>
</html>