2025-05-20 12:07:57 WARN  RetryAnalyzer:16 - Retrying test 'addToCart' (2 of 2)
2025-05-20 12:07:57 DEBUG TC04_CompletePurchaseNg:31 - Starting Complete Purchase test (TC04_CompletePurchaseNg)
2025-05-20 12:07:57 DEBUG TC04_CompletePurchaseNg:36 - Navigating to Laptops & Notebooks section
2025-05-20 12:07:58 DEBUG TC04_CompletePurchaseNg:58 - Setting delivery date: 2025-05-25
2025-05-20 12:07:58 DEBUG TC04_CompletePurchaseNg:41 - Scrolling to select laptop
2025-05-20 12:07:59 DEBUG TC04_CompletePurchaseNg:45 - Clicking on selected laptop
2025-05-20 12:07:59 DEBUG TC04_CompletePurchaseNg:49 - Scrolling to delivery date input
2025-05-20 12:08:00 DEBUG TC04_CompletePurchaseNg:58 - Setting delivery date: 2025-05-25
2025-05-20 12:08:01 DEBUG TC04_CompletePurchaseNg:64 - Clicking Add to Cart
2025-05-20 12:08:03 DEBUG TC04_CompletePurchaseNg:68 - Scrolling to Checkout button
2025-05-20 12:08:03 DEBUG TC04_CompletePurchaseNg:64 - Clicking Add to Cart
2025-05-20 12:08:05 DEBUG TC04_CompletePurchaseNg:72 - Clicking Checkout
2025-05-20 12:08:05 DEBUG TC04_CompletePurchaseNg:68 - Scrolling to Checkout button
2025-05-20 12:08:07 DEBUG TC04_CompletePurchaseNg:76 - Clicking Login link on checkout
2025-05-20 12:08:08 DEBUG TC04_CompletePurchaseNg:72 - Clicking Checkout
2025-05-20 12:08:09 DEBUG TC04_CompletePurchaseNg:76 - Clicking Login link on checkout
2025-05-20 12:08:17 ERROR TC04_CompletePurchaseNg:126 - Exception occurred during test execution
org.openqa.selenium.NoSuchElementException: no such element: Unable to locate element: {"method":"xpath","selector":"//strong[normalize-space()='login page']"}
  (Session info: MicrosoftEdge=136.0.3240.76)
For documentation on this error, please visit: https://www.selenium.dev/documentation/webdriver/troubleshooting/errors#no-such-element-exception
Build info: version: '4.31.0', revision: '1ef9f18787*'
System info: os.name: 'Windows 11', os.arch: 'amd64', os.version: '10.0', java.version: '23.0.2'
Driver info: org.openqa.selenium.edge.EdgeDriver
Command: [9f1921d8a642217baddc818a3a90356e, findElement {using=xpath, value=//strong[normalize-space()='login page']}]
Capabilities {acceptInsecureCerts: false, browserName: MicrosoftEdge, browserVersion: 136.0.3240.76, fedcm:accounts: true, ms:edgeOptions: {debuggerAddress: localhost:51677}, msedge: {msedgedriverVersion: 136.0.3240.76 (77e9ec69748f..., userDataDir: C:\Users\malli\AppData\Loca...}, networkConnectionEnabled: false, pageLoadStrategy: normal, platformName: windows, proxy: Proxy(), se:cdp: ws://localhost:51677/devtoo..., se:cdpVersion: 136.0.3240.76, setWindowRect: true, strictFileInteractability: false, timeouts: {implicit: 0, pageLoad: 300000, script: 30000}, unhandledPromptBehavior: dismiss and notify, webauthn:extension:credBlob: true, webauthn:extension:largeBlob: true, webauthn:extension:minPinLength: true, webauthn:extension:prf: true, webauthn:virtualAuthenticators: true}
Session ID: 9f1921d8a642217baddc818a3a90356e
	at java.base/jdk.internal.reflect.DirectConstructorHandleAccessor.newInstance(DirectConstructorHandleAccessor.java:62) ~[?:?]
	at java.base/java.lang.reflect.Constructor.newInstanceWithCaller(Constructor.java:501) ~[?:?]
	at java.base/java.lang.reflect.Constructor.newInstance(Constructor.java:485) ~[?:?]
	at org.openqa.selenium.remote.ErrorCodec.decode(ErrorCodec.java:167) ~[selenium-remote-driver-4.31.0.jar:?]
	at org.openqa.selenium.remote.codec.w3c.W3CHttpResponseCodec.decode(W3CHttpResponseCodec.java:138) ~[selenium-remote-driver-4.31.0.jar:?]
	at org.openqa.selenium.remote.codec.w3c.W3CHttpResponseCodec.decode(W3CHttpResponseCodec.java:50) ~[selenium-remote-driver-4.31.0.jar:?]
	at org.openqa.selenium.remote.HttpCommandExecutor.execute(HttpCommandExecutor.java:215) ~[selenium-remote-driver-4.31.0.jar:?]
	at org.openqa.selenium.remote.service.DriverCommandExecutor.invokeExecute(DriverCommandExecutor.java:216) ~[selenium-remote-driver-4.31.0.jar:?]
	at org.openqa.selenium.remote.service.DriverCommandExecutor.execute(DriverCommandExecutor.java:174) ~[selenium-remote-driver-4.31.0.jar:?]
	at org.openqa.selenium.remote.RemoteWebDriver.execute(RemoteWebDriver.java:545) ~[selenium-remote-driver-4.31.0.jar:?]
	at org.openqa.selenium.remote.ElementLocation$ElementFinder$2.findElement(ElementLocation.java:165) ~[selenium-remote-driver-4.31.0.jar:?]
	at org.openqa.selenium.remote.ElementLocation.findElement(ElementLocation.java:59) ~[selenium-remote-driver-4.31.0.jar:?]
	at org.openqa.selenium.remote.RemoteWebDriver.findElement(RemoteWebDriver.java:368) ~[selenium-remote-driver-4.31.0.jar:?]
	at org.openqa.selenium.remote.RemoteWebDriver.findElement(RemoteWebDriver.java:362) ~[selenium-remote-driver-4.31.0.jar:?]
	at org.openqa.selenium.support.pagefactory.DefaultElementLocator.findElement(DefaultElementLocator.java:68) ~[selenium-support-4.31.0.jar:?]
	at org.openqa.selenium.support.pagefactory.internal.LocatingElementHandler.invoke(LocatingElementHandler.java:38) ~[selenium-support-4.31.0.jar:?]
	at jdk.proxy2/jdk.proxy2.$Proxy29.click(Unknown Source) ~[?:?]
	at pageObjects.ProductPage.clickLoginLink(ProductPage.java:85) ~[test-classes/:?]
	at testCases.TC04_CompletePurchaseNg.addToCart(TC04_CompletePurchaseNg.java:77) ~[test-classes/:?]
	at java.base/jdk.internal.reflect.DirectMethodHandleAccessor.invoke(DirectMethodHandleAccessor.java:103) ~[?:?]
	at java.base/java.lang.reflect.Method.invoke(Method.java:580) ~[?:?]
	at org.testng.internal.invokers.MethodInvocationHelper.invokeMethod(MethodInvocationHelper.java:141) ~[testng-7.11.0.jar:7.11.0]
	at org.testng.internal.invokers.TestInvoker.invokeMethod(TestInvoker.java:687) ~[testng-7.11.0.jar:7.11.0]
	at org.testng.internal.invokers.TestInvoker.retryFailed(TestInvoker.java:269) ~[testng-7.11.0.jar:7.11.0]
	at org.testng.internal.invokers.MethodRunner.runInSequence(MethodRunner.java:76) ~[testng-7.11.0.jar:7.11.0]
	at org.testng.internal.invokers.TestInvoker$MethodInvocationAgent.invoke(TestInvoker.java:995) ~[testng-7.11.0.jar:7.11.0]
	at org.testng.internal.invokers.TestInvoker.invokeTestMethods(TestInvoker.java:203) ~[testng-7.11.0.jar:7.11.0]
	at org.testng.internal.invokers.TestMethodWorker.invokeTestMethods(TestMethodWorker.java:154) ~[testng-7.11.0.jar:7.11.0]
	at org.testng.internal.invokers.TestMethodWorker.run(TestMethodWorker.java:134) ~[testng-7.11.0.jar:7.11.0]
	at java.base/java.util.ArrayList.forEach(ArrayList.java:1597) ~[?:?]
	at org.testng.TestRunner.privateRun(TestRunner.java:741) ~[testng-7.11.0.jar:7.11.0]
	at org.testng.TestRunner.run(TestRunner.java:616) ~[testng-7.11.0.jar:7.11.0]
	at org.testng.SuiteRunner.runTest(SuiteRunner.java:421) ~[testng-7.11.0.jar:7.11.0]
	at org.testng.SuiteRunner$SuiteWorker.run(SuiteRunner.java:463) ~[testng-7.11.0.jar:7.11.0]
	at org.testng.internal.thread.ThreadUtil.lambda$execute$0(ThreadUtil.java:64) ~[testng-7.11.0.jar:7.11.0]
	at java.base/java.util.concurrent.FutureTask.run(FutureTask.java:317) ~[?:?]
	at java.base/java.util.concurrent.ThreadPoolExecutor.runWorker(ThreadPoolExecutor.java:1144) ~[?:?]
	at java.base/java.util.concurrent.ThreadPoolExecutor$Worker.run(ThreadPoolExecutor.java:642) ~[?:?]
	at java.base/java.lang.Thread.run(Thread.java:1575) [?:?]
2025-05-20 12:08:17 INFO  BaseClass:156 - Screenshot captured: C:\Users\malli\eclipse-workspace2\April2025\NinjaV6\screenshots\addToCart_20250520120817.png
2025-05-20 12:08:18 INFO  BaseClass:141 - Browser session closed successfully
2025-05-20 12:08:18 INFO  BaseClass:45 - Starting test execution with OS: windows and Browser: edge
2025-05-20 12:08:18 DEBUG BaseClass:49 - Attempting to load config.properties file
2025-05-20 12:08:18 DEBUG BaseClass:53 - Successfully loaded properties file
2025-05-20 12:08:19 ERROR TC04_CompletePurchaseNg:126 - Exception occurred during test execution
org.openqa.selenium.NoSuchElementException: Unable to locate element: //strong[normalize-space()='login page']
For documentation on this error, please visit: https://www.selenium.dev/documentation/webdriver/troubleshooting/errors#no-such-element-exception
Build info: version: '4.31.0', revision: '1ef9f18787*'
System info: os.name: 'Windows 11', os.arch: 'amd64', os.version: '10.0', java.version: '23.0.2'
Driver info: org.openqa.selenium.firefox.FirefoxDriver
Command: [bf22f9e2-1c90-407b-9015-7af1bf86837e, findElement {using=xpath, value=//strong[normalize-space()='login page']}]
Capabilities {acceptInsecureCerts: true, browserName: firefox, browserVersion: 138.0.4, moz:accessibilityChecks: false, moz:buildID: 20250517143237, moz:geckodriverVersion: 0.36.0, moz:headless: false, moz:platformVersion: 10.0, moz:processID: 25528, moz:profile: C:\Users\malli\AppData\Loca..., moz:shutdownTimeout: 60000, moz:webdriverClick: true, moz:windowless: false, pageLoadStrategy: normal, platformName: windows, proxy: Proxy(), setWindowRect: true, strictFileInteractability: false, timeouts: {implicit: 0, pageLoad: 300000, script: 30000}, unhandledPromptBehavior: dismiss and notify, userAgent: Mozilla/5.0 (Windows NT 10....}
Session ID: bf22f9e2-1c90-407b-9015-7af1bf86837e
	at java.base/jdk.internal.reflect.DirectConstructorHandleAccessor.newInstance(DirectConstructorHandleAccessor.java:62) ~[?:?]
	at java.base/java.lang.reflect.Constructor.newInstanceWithCaller(Constructor.java:501) ~[?:?]
	at java.base/java.lang.reflect.Constructor.newInstance(Constructor.java:485) ~[?:?]
	at org.openqa.selenium.remote.ErrorCodec.decode(ErrorCodec.java:167) ~[selenium-remote-driver-4.31.0.jar:?]
	at org.openqa.selenium.remote.codec.w3c.W3CHttpResponseCodec.decode(W3CHttpResponseCodec.java:138) ~[selenium-remote-driver-4.31.0.jar:?]
	at org.openqa.selenium.remote.codec.w3c.W3CHttpResponseCodec.decode(W3CHttpResponseCodec.java:50) ~[selenium-remote-driver-4.31.0.jar:?]
	at org.openqa.selenium.remote.HttpCommandExecutor.execute(HttpCommandExecutor.java:215) ~[selenium-remote-driver-4.31.0.jar:?]
	at org.openqa.selenium.remote.service.DriverCommandExecutor.invokeExecute(DriverCommandExecutor.java:216) ~[selenium-remote-driver-4.31.0.jar:?]
	at org.openqa.selenium.remote.service.DriverCommandExecutor.execute(DriverCommandExecutor.java:174) ~[selenium-remote-driver-4.31.0.jar:?]
	at org.openqa.selenium.remote.RemoteWebDriver.execute(RemoteWebDriver.java:545) ~[selenium-remote-driver-4.31.0.jar:?]
	at org.openqa.selenium.remote.ElementLocation$ElementFinder$2.findElement(ElementLocation.java:165) ~[selenium-remote-driver-4.31.0.jar:?]
	at org.openqa.selenium.remote.ElementLocation.findElement(ElementLocation.java:59) ~[selenium-remote-driver-4.31.0.jar:?]
	at org.openqa.selenium.remote.RemoteWebDriver.findElement(RemoteWebDriver.java:368) ~[selenium-remote-driver-4.31.0.jar:?]
	at org.openqa.selenium.remote.RemoteWebDriver.findElement(RemoteWebDriver.java:362) ~[selenium-remote-driver-4.31.0.jar:?]
	at org.openqa.selenium.support.pagefactory.DefaultElementLocator.findElement(DefaultElementLocator.java:68) ~[selenium-support-4.31.0.jar:?]
	at org.openqa.selenium.support.pagefactory.internal.LocatingElementHandler.invoke(LocatingElementHandler.java:38) ~[selenium-support-4.31.0.jar:?]
	at jdk.proxy2/jdk.proxy2.$Proxy29.click(Unknown Source) ~[?:?]
	at pageObjects.ProductPage.clickLoginLink(ProductPage.java:85) ~[test-classes/:?]
	at testCases.TC04_CompletePurchaseNg.addToCart(TC04_CompletePurchaseNg.java:77) ~[test-classes/:?]
	at java.base/jdk.internal.reflect.DirectMethodHandleAccessor.invoke(DirectMethodHandleAccessor.java:103) ~[?:?]
	at java.base/java.lang.reflect.Method.invoke(Method.java:580) ~[?:?]
	at org.testng.internal.invokers.MethodInvocationHelper.invokeMethod(MethodInvocationHelper.java:141) ~[testng-7.11.0.jar:7.11.0]
	at org.testng.internal.invokers.TestInvoker.invokeMethod(TestInvoker.java:687) ~[testng-7.11.0.jar:7.11.0]
	at org.testng.internal.invokers.TestInvoker.retryFailed(TestInvoker.java:269) ~[testng-7.11.0.jar:7.11.0]
	at org.testng.internal.invokers.MethodRunner.runInSequence(MethodRunner.java:76) ~[testng-7.11.0.jar:7.11.0]
	at org.testng.internal.invokers.TestInvoker$MethodInvocationAgent.invoke(TestInvoker.java:995) ~[testng-7.11.0.jar:7.11.0]
	at org.testng.internal.invokers.TestInvoker.invokeTestMethods(TestInvoker.java:203) ~[testng-7.11.0.jar:7.11.0]
	at org.testng.internal.invokers.TestMethodWorker.invokeTestMethods(TestMethodWorker.java:154) ~[testng-7.11.0.jar:7.11.0]
	at org.testng.internal.invokers.TestMethodWorker.run(TestMethodWorker.java:134) ~[testng-7.11.0.jar:7.11.0]
	at java.base/java.util.ArrayList.forEach(ArrayList.java:1597) ~[?:?]
	at org.testng.TestRunner.privateRun(TestRunner.java:741) ~[testng-7.11.0.jar:7.11.0]
	at org.testng.TestRunner.run(TestRunner.java:616) ~[testng-7.11.0.jar:7.11.0]
	at org.testng.SuiteRunner.runTest(SuiteRunner.java:421) ~[testng-7.11.0.jar:7.11.0]
	at org.testng.SuiteRunner$SuiteWorker.run(SuiteRunner.java:463) ~[testng-7.11.0.jar:7.11.0]
	at org.testng.internal.thread.ThreadUtil.lambda$execute$0(ThreadUtil.java:64) ~[testng-7.11.0.jar:7.11.0]
	at java.base/java.util.concurrent.FutureTask.run(FutureTask.java:317) ~[?:?]
	at java.base/java.util.concurrent.ThreadPoolExecutor.runWorker(ThreadPoolExecutor.java:1144) ~[?:?]
	at java.base/java.util.concurrent.ThreadPoolExecutor$Worker.run(ThreadPoolExecutor.java:642) ~[?:?]
	at java.base/java.lang.Thread.run(Thread.java:1575) [?:?]
2025-05-20 12:08:19 INFO  BaseClass:156 - Screenshot captured: C:\Users\malli\eclipse-workspace2\April2025\NinjaV6\screenshots\addToCart_20250520120819.png
2025-05-20 12:08:20 DEBUG BaseClass:109 - EdgeDriver initialized
2025-05-20 12:08:20 DEBUG BaseClass:122 - Driver assigned to thread-local storage
2025-05-20 12:08:21 INFO  BaseClass:141 - Browser session closed successfully
2025-05-20 12:08:21 INFO  BaseClass:45 - Starting test execution with OS: windows and Browser: firefox
2025-05-20 12:08:21 DEBUG BaseClass:49 - Attempting to load config.properties file
2025-05-20 12:08:21 DEBUG BaseClass:53 - Successfully loaded properties file
2025-05-20 12:08:21 INFO  BaseClass:128 - Application launched successfully: https://cloudberrystore.services/
2025-05-20 12:08:21 DEBUG TC03_AddToCartNg:27 - Starting testAddToCart
2025-05-20 12:08:21 DEBUG TC03_AddToCartNg:31 - Navigating to Laptops & Notebooks section
2025-05-20 12:08:21 DEBUG TC03_AddToCartNg:38 - Scrolling to select laptop
2025-05-20 12:08:22 DEBUG TC03_AddToCartNg:43 - Clicking on selected laptop
2025-05-20 12:08:23 DEBUG TC03_AddToCartNg:48 - Scrolling to delivery date input
2025-05-20 12:08:24 DEBUG TC03_AddToCartNg:58 - Setting delivery date: 2025-05-25
2025-05-20 12:08:25 DEBUG BaseClass:113 - FirefoxDriver initialized
2025-05-20 12:08:25 DEBUG BaseClass:122 - Driver assigned to thread-local storage
2025-05-20 12:08:26 INFO  BaseClass:128 - Application launched successfully: https://cloudberrystore.services/
2025-05-20 12:08:26 DEBUG TC03_AddToCartNg:27 - Starting testAddToCart
2025-05-20 12:08:26 DEBUG TC03_AddToCartNg:31 - Navigating to Laptops & Notebooks section
2025-05-20 12:08:26 DEBUG TC03_AddToCartNg:38 - Scrolling to select laptop
2025-05-20 12:08:27 DEBUG TC03_AddToCartNg:43 - Clicking on selected laptop
2025-05-20 12:08:28 DEBUG TC03_AddToCartNg:48 - Scrolling to delivery date input
2025-05-20 12:08:28 DEBUG TC03_AddToCartNg:66 - Clicking Add to Cart
2025-05-20 12:08:29 DEBUG TC03_AddToCartNg:58 - Setting delivery date: 2025-05-25
2025-05-20 12:08:30 DEBUG TC03_AddToCartNg:72 - Actual success message: Success: You have added HP LP3065 to your shopping cart!
2025-05-20 12:08:30 DEBUG TC03_AddToCartNg:75 - Validating if item was added to cart successfully
2025-05-20 12:08:30 INFO  TC03_AddToCartNg:77 - Item added to cart successfully.
2025-05-20 12:08:30 DEBUG TC03_AddToCartNg:88 - testAddToCart completed
2025-05-20 12:08:31 INFO  BaseClass:141 - Browser session closed successfully
2025-05-20 12:08:33 DEBUG TC03_AddToCartNg:66 - Clicking Add to Cart
2025-05-20 12:08:45 ERROR TC03_AddToCartNg:84 - Exception occurred during test execution
org.openqa.selenium.NoSuchElementException: Unable to locate element: //div[@class='alert alert-success alert-dismissible']
For documentation on this error, please visit: https://www.selenium.dev/documentation/webdriver/troubleshooting/errors#no-such-element-exception
Build info: version: '4.31.0', revision: '1ef9f18787*'
System info: os.name: 'Windows 11', os.arch: 'amd64', os.version: '10.0', java.version: '23.0.2'
Driver info: org.openqa.selenium.firefox.FirefoxDriver
Command: [51c24ea2-0d55-4c86-8979-3b4b8ff59174, findElement {using=xpath, value=//div[@class='alert alert-success alert-dismissible']}]
Capabilities {acceptInsecureCerts: true, browserName: firefox, browserVersion: 138.0.4, moz:accessibilityChecks: false, moz:buildID: 20250517143237, moz:geckodriverVersion: 0.36.0, moz:headless: false, moz:platformVersion: 10.0, moz:processID: 35728, moz:profile: C:\Users\malli\AppData\Loca..., moz:shutdownTimeout: 60000, moz:webdriverClick: true, moz:windowless: false, pageLoadStrategy: normal, platformName: windows, proxy: Proxy(), setWindowRect: true, strictFileInteractability: false, timeouts: {implicit: 0, pageLoad: 300000, script: 30000}, unhandledPromptBehavior: dismiss and notify, userAgent: Mozilla/5.0 (Windows NT 10....}
Session ID: 51c24ea2-0d55-4c86-8979-3b4b8ff59174
	at java.base/jdk.internal.reflect.DirectConstructorHandleAccessor.newInstance(DirectConstructorHandleAccessor.java:62) ~[?:?]
	at java.base/java.lang.reflect.Constructor.newInstanceWithCaller(Constructor.java:501) ~[?:?]
	at java.base/java.lang.reflect.Constructor.newInstance(Constructor.java:485) ~[?:?]
	at org.openqa.selenium.remote.ErrorCodec.decode(ErrorCodec.java:167) ~[selenium-remote-driver-4.31.0.jar:?]
	at org.openqa.selenium.remote.codec.w3c.W3CHttpResponseCodec.decode(W3CHttpResponseCodec.java:138) ~[selenium-remote-driver-4.31.0.jar:?]
	at org.openqa.selenium.remote.codec.w3c.W3CHttpResponseCodec.decode(W3CHttpResponseCodec.java:50) ~[selenium-remote-driver-4.31.0.jar:?]
	at org.openqa.selenium.remote.HttpCommandExecutor.execute(HttpCommandExecutor.java:215) ~[selenium-remote-driver-4.31.0.jar:?]
	at org.openqa.selenium.remote.service.DriverCommandExecutor.invokeExecute(DriverCommandExecutor.java:216) ~[selenium-remote-driver-4.31.0.jar:?]
	at org.openqa.selenium.remote.service.DriverCommandExecutor.execute(DriverCommandExecutor.java:174) ~[selenium-remote-driver-4.31.0.jar:?]
	at org.openqa.selenium.remote.RemoteWebDriver.execute(RemoteWebDriver.java:545) ~[selenium-remote-driver-4.31.0.jar:?]
	at org.openqa.selenium.remote.ElementLocation$ElementFinder$2.findElement(ElementLocation.java:165) ~[selenium-remote-driver-4.31.0.jar:?]
	at org.openqa.selenium.remote.ElementLocation.findElement(ElementLocation.java:59) ~[selenium-remote-driver-4.31.0.jar:?]
	at org.openqa.selenium.remote.RemoteWebDriver.findElement(RemoteWebDriver.java:368) ~[selenium-remote-driver-4.31.0.jar:?]
	at org.openqa.selenium.remote.RemoteWebDriver.findElement(RemoteWebDriver.java:362) ~[selenium-remote-driver-4.31.0.jar:?]
	at org.openqa.selenium.support.pagefactory.DefaultElementLocator.findElement(DefaultElementLocator.java:68) ~[selenium-support-4.31.0.jar:?]
	at org.openqa.selenium.support.pagefactory.internal.LocatingElementHandler.invoke(LocatingElementHandler.java:38) ~[selenium-support-4.31.0.jar:?]
	at jdk.proxy2/jdk.proxy2.$Proxy29.getText(Unknown Source) ~[?:?]
	at testCases.TC03_AddToCartNg.testAddToCart(TC03_AddToCartNg.java:71) ~[test-classes/:?]
	at java.base/jdk.internal.reflect.DirectMethodHandleAccessor.invoke(DirectMethodHandleAccessor.java:103) ~[?:?]
	at java.base/java.lang.reflect.Method.invoke(Method.java:580) ~[?:?]
	at org.testng.internal.invokers.MethodInvocationHelper.invokeMethod(MethodInvocationHelper.java:141) ~[testng-7.11.0.jar:7.11.0]
	at org.testng.internal.invokers.TestInvoker.invokeMethod(TestInvoker.java:687) ~[testng-7.11.0.jar:7.11.0]
	at org.testng.internal.invokers.TestInvoker.invokeTestMethod(TestInvoker.java:230) ~[testng-7.11.0.jar:7.11.0]
	at org.testng.internal.invokers.MethodRunner.runInSequence(MethodRunner.java:63) ~[testng-7.11.0.jar:7.11.0]
	at org.testng.internal.invokers.TestInvoker$MethodInvocationAgent.invoke(TestInvoker.java:995) ~[testng-7.11.0.jar:7.11.0]
	at org.testng.internal.invokers.TestInvoker.invokeTestMethods(TestInvoker.java:203) ~[testng-7.11.0.jar:7.11.0]
	at org.testng.internal.invokers.TestMethodWorker.invokeTestMethods(TestMethodWorker.java:154) ~[testng-7.11.0.jar:7.11.0]
	at org.testng.internal.invokers.TestMethodWorker.run(TestMethodWorker.java:134) ~[testng-7.11.0.jar:7.11.0]
	at java.base/java.util.ArrayList.forEach(ArrayList.java:1597) ~[?:?]
	at org.testng.TestRunner.privateRun(TestRunner.java:741) ~[testng-7.11.0.jar:7.11.0]
	at org.testng.TestRunner.run(TestRunner.java:616) ~[testng-7.11.0.jar:7.11.0]
	at org.testng.SuiteRunner.runTest(SuiteRunner.java:421) ~[testng-7.11.0.jar:7.11.0]
	at org.testng.SuiteRunner$SuiteWorker.run(SuiteRunner.java:463) ~[testng-7.11.0.jar:7.11.0]
	at org.testng.internal.thread.ThreadUtil.lambda$execute$0(ThreadUtil.java:64) ~[testng-7.11.0.jar:7.11.0]
	at java.base/java.util.concurrent.FutureTask.run(FutureTask.java:317) ~[?:?]
	at java.base/java.util.concurrent.ThreadPoolExecutor.runWorker(ThreadPoolExecutor.java:1144) ~[?:?]
	at java.base/java.util.concurrent.ThreadPoolExecutor$Worker.run(ThreadPoolExecutor.java:642) ~[?:?]
	at java.base/java.lang.Thread.run(Thread.java:1575) [?:?]
2025-05-20 12:08:45 WARN  RetryAnalyzer:16 - Retrying test 'testAddToCart' (1 of 2)
2025-05-20 12:08:45 DEBUG TC03_AddToCartNg:27 - Starting testAddToCart
2025-05-20 12:08:45 DEBUG TC03_AddToCartNg:31 - Navigating to Laptops & Notebooks section
2025-05-20 12:08:45 ERROR TC03_AddToCartNg:84 - Exception occurred during test execution
org.openqa.selenium.ElementNotInteractableException: Element <a class="nav-link dropdown-toggle" href="https://www.cloudberrystore.services/index.php?route=product/category&language=en-gb&path=18"> could not be scrolled into view
Build info: version: '4.31.0', revision: '1ef9f18787*'
System info: os.name: 'Windows 11', os.arch: 'amd64', os.version: '10.0', java.version: '23.0.2'
Driver info: org.openqa.selenium.firefox.FirefoxDriver
Command: [51c24ea2-0d55-4c86-8979-3b4b8ff59174, clickElement {id=f41524a2-95e7-42ef-aedc-e240dda760c3}]
Capabilities {acceptInsecureCerts: true, browserName: firefox, browserVersion: 138.0.4, moz:accessibilityChecks: false, moz:buildID: 20250517143237, moz:geckodriverVersion: 0.36.0, moz:headless: false, moz:platformVersion: 10.0, moz:processID: 35728, moz:profile: C:\Users\malli\AppData\Loca..., moz:shutdownTimeout: 60000, moz:webdriverClick: true, moz:windowless: false, pageLoadStrategy: normal, platformName: windows, proxy: Proxy(), setWindowRect: true, strictFileInteractability: false, timeouts: {implicit: 0, pageLoad: 300000, script: 30000}, unhandledPromptBehavior: dismiss and notify, userAgent: Mozilla/5.0 (Windows NT 10....}
Element: [[FirefoxDriver: firefox on windows (51c24ea2-0d55-4c86-8979-3b4b8ff59174)] -> xpath: //a[normalize-space()='Laptops & Notebooks']]
Session ID: 51c24ea2-0d55-4c86-8979-3b4b8ff59174
	at java.base/jdk.internal.reflect.DirectConstructorHandleAccessor.newInstance(DirectConstructorHandleAccessor.java:62) ~[?:?]
	at java.base/java.lang.reflect.Constructor.newInstanceWithCaller(Constructor.java:501) ~[?:?]
	at java.base/java.lang.reflect.Constructor.newInstance(Constructor.java:485) ~[?:?]
	at org.openqa.selenium.remote.ErrorCodec.decode(ErrorCodec.java:167) ~[selenium-remote-driver-4.31.0.jar:?]
	at org.openqa.selenium.remote.codec.w3c.W3CHttpResponseCodec.decode(W3CHttpResponseCodec.java:138) ~[selenium-remote-driver-4.31.0.jar:?]
	at org.openqa.selenium.remote.codec.w3c.W3CHttpResponseCodec.decode(W3CHttpResponseCodec.java:50) ~[selenium-remote-driver-4.31.0.jar:?]
	at org.openqa.selenium.remote.HttpCommandExecutor.execute(HttpCommandExecutor.java:215) ~[selenium-remote-driver-4.31.0.jar:?]
	at org.openqa.selenium.remote.service.DriverCommandExecutor.invokeExecute(DriverCommandExecutor.java:216) ~[selenium-remote-driver-4.31.0.jar:?]
	at org.openqa.selenium.remote.service.DriverCommandExecutor.execute(DriverCommandExecutor.java:174) ~[selenium-remote-driver-4.31.0.jar:?]
	at org.openqa.selenium.remote.RemoteWebDriver.execute(RemoteWebDriver.java:545) ~[selenium-remote-driver-4.31.0.jar:?]
	at org.openqa.selenium.remote.RemoteWebElement.execute(RemoteWebElement.java:223) ~[selenium-remote-driver-4.31.0.jar:?]
	at org.openqa.selenium.remote.RemoteWebElement.click(RemoteWebElement.java:76) ~[selenium-remote-driver-4.31.0.jar:?]
	at java.base/jdk.internal.reflect.DirectMethodHandleAccessor.invoke(DirectMethodHandleAccessor.java:103) ~[?:?]
	at java.base/java.lang.reflect.Method.invoke(Method.java:580) ~[?:?]
	at org.openqa.selenium.support.pagefactory.internal.LocatingElementHandler.invoke(LocatingElementHandler.java:51) ~[selenium-support-4.31.0.jar:?]
	at jdk.proxy2/jdk.proxy2.$Proxy29.click(Unknown Source) ~[?:?]
	at testCases.TC03_AddToCartNg.testAddToCart(TC03_AddToCartNg.java:32) ~[test-classes/:?]
	at java.base/jdk.internal.reflect.DirectMethodHandleAccessor.invoke(DirectMethodHandleAccessor.java:103) ~[?:?]
	at java.base/java.lang.reflect.Method.invoke(Method.java:580) ~[?:?]
	at org.testng.internal.invokers.MethodInvocationHelper.invokeMethod(MethodInvocationHelper.java:141) ~[testng-7.11.0.jar:7.11.0]
	at org.testng.internal.invokers.TestInvoker.invokeMethod(TestInvoker.java:687) ~[testng-7.11.0.jar:7.11.0]
	at org.testng.internal.invokers.TestInvoker.retryFailed(TestInvoker.java:269) ~[testng-7.11.0.jar:7.11.0]
	at org.testng.internal.invokers.MethodRunner.runInSequence(MethodRunner.java:76) ~[testng-7.11.0.jar:7.11.0]
	at org.testng.internal.invokers.TestInvoker$MethodInvocationAgent.invoke(TestInvoker.java:995) ~[testng-7.11.0.jar:7.11.0]
	at org.testng.internal.invokers.TestInvoker.invokeTestMethods(TestInvoker.java:203) ~[testng-7.11.0.jar:7.11.0]
	at org.testng.internal.invokers.TestMethodWorker.invokeTestMethods(TestMethodWorker.java:154) ~[testng-7.11.0.jar:7.11.0]
	at org.testng.internal.invokers.TestMethodWorker.run(TestMethodWorker.java:134) ~[testng-7.11.0.jar:7.11.0]
	at java.base/java.util.ArrayList.forEach(ArrayList.java:1597) ~[?:?]
	at org.testng.TestRunner.privateRun(TestRunner.java:741) ~[testng-7.11.0.jar:7.11.0]
	at org.testng.TestRunner.run(TestRunner.java:616) ~[testng-7.11.0.jar:7.11.0]
	at org.testng.SuiteRunner.runTest(SuiteRunner.java:421) ~[testng-7.11.0.jar:7.11.0]
	at org.testng.SuiteRunner$SuiteWorker.run(SuiteRunner.java:463) ~[testng-7.11.0.jar:7.11.0]
	at org.testng.internal.thread.ThreadUtil.lambda$execute$0(ThreadUtil.java:64) ~[testng-7.11.0.jar:7.11.0]
	at java.base/java.util.concurrent.FutureTask.run(FutureTask.java:317) ~[?:?]
	at java.base/java.util.concurrent.ThreadPoolExecutor.runWorker(ThreadPoolExecutor.java:1144) ~[?:?]
	at java.base/java.util.concurrent.ThreadPoolExecutor$Worker.run(ThreadPoolExecutor.java:642) ~[?:?]
	at java.base/java.lang.Thread.run(Thread.java:1575) [?:?]
2025-05-20 12:08:45 WARN  RetryAnalyzer:16 - Retrying test 'testAddToCart' (2 of 2)
2025-05-20 12:08:45 DEBUG TC03_AddToCartNg:27 - Starting testAddToCart
2025-05-20 12:08:45 DEBUG TC03_AddToCartNg:31 - Navigating to Laptops & Notebooks section
2025-05-20 12:08:45 ERROR TC03_AddToCartNg:84 - Exception occurred during test execution
org.openqa.selenium.ElementNotInteractableException: Element <a class="nav-link dropdown-toggle" href="https://www.cloudberrystore.services/index.php?route=product/category&language=en-gb&path=18"> could not be scrolled into view
Build info: version: '4.31.0', revision: '1ef9f18787*'
System info: os.name: 'Windows 11', os.arch: 'amd64', os.version: '10.0', java.version: '23.0.2'
Driver info: org.openqa.selenium.firefox.FirefoxDriver
Command: [51c24ea2-0d55-4c86-8979-3b4b8ff59174, clickElement {id=f41524a2-95e7-42ef-aedc-e240dda760c3}]
Capabilities {acceptInsecureCerts: true, browserName: firefox, browserVersion: 138.0.4, moz:accessibilityChecks: false, moz:buildID: 20250517143237, moz:geckodriverVersion: 0.36.0, moz:headless: false, moz:platformVersion: 10.0, moz:processID: 35728, moz:profile: C:\Users\malli\AppData\Loca..., moz:shutdownTimeout: 60000, moz:webdriverClick: true, moz:windowless: false, pageLoadStrategy: normal, platformName: windows, proxy: Proxy(), setWindowRect: true, strictFileInteractability: false, timeouts: {implicit: 0, pageLoad: 300000, script: 30000}, unhandledPromptBehavior: dismiss and notify, userAgent: Mozilla/5.0 (Windows NT 10....}
Element: [[FirefoxDriver: firefox on windows (51c24ea2-0d55-4c86-8979-3b4b8ff59174)] -> xpath: //a[normalize-space()='Laptops & Notebooks']]
Session ID: 51c24ea2-0d55-4c86-8979-3b4b8ff59174
	at java.base/jdk.internal.reflect.DirectConstructorHandleAccessor.newInstance(DirectConstructorHandleAccessor.java:62) ~[?:?]
	at java.base/java.lang.reflect.Constructor.newInstanceWithCaller(Constructor.java:501) ~[?:?]
	at java.base/java.lang.reflect.Constructor.newInstance(Constructor.java:485) ~[?:?]
	at org.openqa.selenium.remote.ErrorCodec.decode(ErrorCodec.java:167) ~[selenium-remote-driver-4.31.0.jar:?]
	at org.openqa.selenium.remote.codec.w3c.W3CHttpResponseCodec.decode(W3CHttpResponseCodec.java:138) ~[selenium-remote-driver-4.31.0.jar:?]
	at org.openqa.selenium.remote.codec.w3c.W3CHttpResponseCodec.decode(W3CHttpResponseCodec.java:50) ~[selenium-remote-driver-4.31.0.jar:?]
	at org.openqa.selenium.remote.HttpCommandExecutor.execute(HttpCommandExecutor.java:215) ~[selenium-remote-driver-4.31.0.jar:?]
	at org.openqa.selenium.remote.service.DriverCommandExecutor.invokeExecute(DriverCommandExecutor.java:216) ~[selenium-remote-driver-4.31.0.jar:?]
	at org.openqa.selenium.remote.service.DriverCommandExecutor.execute(DriverCommandExecutor.java:174) ~[selenium-remote-driver-4.31.0.jar:?]
	at org.openqa.selenium.remote.RemoteWebDriver.execute(RemoteWebDriver.java:545) ~[selenium-remote-driver-4.31.0.jar:?]
	at org.openqa.selenium.remote.RemoteWebElement.execute(RemoteWebElement.java:223) ~[selenium-remote-driver-4.31.0.jar:?]
	at org.openqa.selenium.remote.RemoteWebElement.click(RemoteWebElement.java:76) ~[selenium-remote-driver-4.31.0.jar:?]
	at java.base/jdk.internal.reflect.DirectMethodHandleAccessor.invoke(DirectMethodHandleAccessor.java:103) ~[?:?]
	at java.base/java.lang.reflect.Method.invoke(Method.java:580) ~[?:?]
	at org.openqa.selenium.support.pagefactory.internal.LocatingElementHandler.invoke(LocatingElementHandler.java:51) ~[selenium-support-4.31.0.jar:?]
	at jdk.proxy2/jdk.proxy2.$Proxy29.click(Unknown Source) ~[?:?]
	at testCases.TC03_AddToCartNg.testAddToCart(TC03_AddToCartNg.java:32) ~[test-classes/:?]
	at java.base/jdk.internal.reflect.DirectMethodHandleAccessor.invoke(DirectMethodHandleAccessor.java:103) ~[?:?]
	at java.base/java.lang.reflect.Method.invoke(Method.java:580) ~[?:?]
	at org.testng.internal.invokers.MethodInvocationHelper.invokeMethod(MethodInvocationHelper.java:141) ~[testng-7.11.0.jar:7.11.0]
	at org.testng.internal.invokers.TestInvoker.invokeMethod(TestInvoker.java:687) ~[testng-7.11.0.jar:7.11.0]
	at org.testng.internal.invokers.TestInvoker.retryFailed(TestInvoker.java:269) ~[testng-7.11.0.jar:7.11.0]
	at org.testng.internal.invokers.MethodRunner.runInSequence(MethodRunner.java:76) ~[testng-7.11.0.jar:7.11.0]
	at org.testng.internal.invokers.TestInvoker$MethodInvocationAgent.invoke(TestInvoker.java:995) ~[testng-7.11.0.jar:7.11.0]
	at org.testng.internal.invokers.TestInvoker.invokeTestMethods(TestInvoker.java:203) ~[testng-7.11.0.jar:7.11.0]
	at org.testng.internal.invokers.TestMethodWorker.invokeTestMethods(TestMethodWorker.java:154) ~[testng-7.11.0.jar:7.11.0]
	at org.testng.internal.invokers.TestMethodWorker.run(TestMethodWorker.java:134) ~[testng-7.11.0.jar:7.11.0]
	at java.base/java.util.ArrayList.forEach(ArrayList.java:1597) ~[?:?]
	at org.testng.TestRunner.privateRun(TestRunner.java:741) ~[testng-7.11.0.jar:7.11.0]
	at org.testng.TestRunner.run(TestRunner.java:616) ~[testng-7.11.0.jar:7.11.0]
	at org.testng.SuiteRunner.runTest(SuiteRunner.java:421) ~[testng-7.11.0.jar:7.11.0]
	at org.testng.SuiteRunner$SuiteWorker.run(SuiteRunner.java:463) ~[testng-7.11.0.jar:7.11.0]
	at org.testng.internal.thread.ThreadUtil.lambda$execute$0(ThreadUtil.java:64) ~[testng-7.11.0.jar:7.11.0]
	at java.base/java.util.concurrent.FutureTask.run(FutureTask.java:317) ~[?:?]
	at java.base/java.util.concurrent.ThreadPoolExecutor.runWorker(ThreadPoolExecutor.java:1144) ~[?:?]
	at java.base/java.util.concurrent.ThreadPoolExecutor$Worker.run(ThreadPoolExecutor.java:642) ~[?:?]
	at java.base/java.lang.Thread.run(Thread.java:1575) [?:?]
2025-05-20 12:08:45 INFO  BaseClass:156 - Screenshot captured: C:\Users\malli\eclipse-workspace2\April2025\NinjaV6\screenshots\testAddToCart_20250520120845.png
2025-05-20 12:08:46 INFO  BaseClass:141 - Browser session closed successfully
2025-05-20 12:39:56 INFO  BaseClass:45 - Starting test execution with OS: windows and Browser: chrome
2025-05-20 12:39:56 INFO  BaseClass:45 - Starting test execution with OS: windows and Browser: edge
2025-05-20 12:39:56 INFO  BaseClass:45 - Starting test execution with OS: windows and Browser: firefox
2025-05-20 12:39:56 DEBUG BaseClass:49 - Attempting to load config.properties file
2025-05-20 12:39:56 DEBUG BaseClass:49 - Attempting to load config.properties file
2025-05-20 12:39:56 DEBUG BaseClass:49 - Attempting to load config.properties file
2025-05-20 12:39:56 DEBUG BaseClass:53 - Successfully loaded properties file
2025-05-20 12:39:56 DEBUG BaseClass:53 - Successfully loaded properties file
2025-05-20 12:39:56 DEBUG BaseClass:53 - Successfully loaded properties file
2025-05-20 12:39:56 INFO  BaseClass:73 - Initializing browser: firefox
2025-05-20 12:39:56 INFO  BaseClass:73 - Initializing browser: chrome
2025-05-20 12:39:56 INFO  BaseClass:73 - Initializing browser: edge
2025-05-20 12:39:56 DEBUG BaseClass:81 - Setting up Firefox browser
2025-05-20 12:39:56 DEBUG BaseClass:93 - Setting up Edge browser
2025-05-20 12:39:56 DEBUG BaseClass:76 - Setting up Chrome browser
2025-05-20 12:40:00 DEBUG BaseClass:122 - Driver assigned to thread-local storage
2025-05-20 12:40:00 DEBUG BaseClass:122 - Driver assigned to thread-local storage
2025-05-20 12:40:02 INFO  BaseClass:128 - Application launched successfully: https://cloudberrystore.services/
2025-05-20 12:40:02 INFO  BaseClass:128 - Application launched successfully: https://cloudberrystore.services/
2025-05-20 12:40:02 DEBUG PackageRelationshipCollection:307 - Parsing relationship: /xl/_rels/workbook.xml.rels
2025-05-20 12:40:02 DEBUG PackageRelationshipCollection:307 - Parsing relationship: /xl/_rels/workbook.xml.rels
2025-05-20 12:40:02 DEBUG PackageRelationshipCollection:307 - Parsing relationship: /xl/worksheets/_rels/sheet1.xml.rels
2025-05-20 12:40:02 DEBUG PackageRelationshipCollection:307 - Parsing relationship: /xl/worksheets/_rels/sheet1.xml.rels
2025-05-20 12:40:02 DEBUG PackageRelationshipCollection:307 - Parsing relationship: /_rels/.rels
2025-05-20 12:40:02 DEBUG PackageRelationshipCollection:307 - Parsing relationship: /_rels/.rels
2025-05-20 12:40:03 DEBUG POIXMLFactory:65 - using default POIXMLDocumentPart for http://schemas.openxmlformats.org/officeDocument/2006/relationships/printerSettings
2025-05-20 12:40:03 DEBUG POIXMLFactory:65 - using default POIXMLDocumentPart for http://schemas.openxmlformats.org/officeDocument/2006/relationships/printerSettings
2025-05-20 12:40:03 DEBUG PackageRelationshipCollection:307 - Parsing relationship: /xl/_rels/workbook.xml.rels
2025-05-20 12:40:03 DEBUG PackageRelationshipCollection:307 - Parsing relationship: /xl/worksheets/_rels/sheet1.xml.rels
2025-05-20 12:40:03 DEBUG PackageRelationshipCollection:307 - Parsing relationship: /_rels/.rels
2025-05-20 12:40:03 DEBUG PackageRelationshipCollection:307 - Parsing relationship: /xl/_rels/workbook.xml.rels
2025-05-20 12:40:03 DEBUG PackageRelationshipCollection:307 - Parsing relationship: /xl/worksheets/_rels/sheet1.xml.rels
2025-05-20 12:40:03 DEBUG PackageRelationshipCollection:307 - Parsing relationship: /_rels/.rels
2025-05-20 12:40:03 DEBUG POIXMLFactory:65 - using default POIXMLDocumentPart for http://schemas.openxmlformats.org/officeDocument/2006/relationships/printerSettings
2025-05-20 12:40:03 DEBUG PackageRelationshipCollection:307 - Parsing relationship: /xl/_rels/workbook.xml.rels
2025-05-20 12:40:03 DEBUG PackageRelationshipCollection:307 - Parsing relationship: /xl/worksheets/_rels/sheet1.xml.rels
2025-05-20 12:40:03 DEBUG PackageRelationshipCollection:307 - Parsing relationship: /_rels/.rels
2025-05-20 12:40:03 DEBUG POIXMLFactory:65 - using default POIXMLDocumentPart for http://schemas.openxmlformats.org/officeDocument/2006/relationships/printerSettings
2025-05-20 12:40:03 DEBUG POIXMLFactory:65 - using default POIXMLDocumentPart for http://schemas.openxmlformats.org/officeDocument/2006/relationships/printerSettings
2025-05-20 12:40:03 DEBUG PackageRelationshipCollection:307 - Parsing relationship: /xl/_rels/workbook.xml.rels
2025-05-20 12:40:03 DEBUG PackageRelationshipCollection:307 - Parsing relationship: /xl/worksheets/_rels/sheet1.xml.rels
2025-05-20 12:40:03 DEBUG PackageRelationshipCollection:307 - Parsing relationship: /_rels/.rels
2025-05-20 12:40:03 DEBUG PackageRelationshipCollection:307 - Parsing relationship: /xl/_rels/workbook.xml.rels
2025-05-20 12:40:03 DEBUG PackageRelationshipCollection:307 - Parsing relationship: /xl/worksheets/_rels/sheet1.xml.rels
2025-05-20 12:40:03 DEBUG PackageRelationshipCollection:307 - Parsing relationship: /_rels/.rels
2025-05-20 12:40:03 DEBUG POIXMLFactory:65 - using default POIXMLDocumentPart for http://schemas.openxmlformats.org/officeDocument/2006/relationships/printerSettings
2025-05-20 12:40:04 DEBUG PackageRelationshipCollection:307 - Parsing relationship: /xl/_rels/workbook.xml.rels
2025-05-20 12:40:04 DEBUG PackageRelationshipCollection:307 - Parsing relationship: /xl/worksheets/_rels/sheet1.xml.rels
2025-05-20 12:40:04 DEBUG PackageRelationshipCollection:307 - Parsing relationship: /_rels/.rels
2025-05-20 12:40:04 DEBUG POIXMLFactory:65 - using default POIXMLDocumentPart for http://schemas.openxmlformats.org/officeDocument/2006/relationships/printerSettings
2025-05-20 12:40:04 DEBUG POIXMLFactory:65 - using default POIXMLDocumentPart for http://schemas.openxmlformats.org/officeDocument/2006/relationships/printerSettings
2025-05-20 12:40:04 DEBUG PackageRelationshipCollection:307 - Parsing relationship: /xl/_rels/workbook.xml.rels
2025-05-20 12:40:04 DEBUG PackageRelationshipCollection:307 - Parsing relationship: /xl/worksheets/_rels/sheet1.xml.rels
2025-05-20 12:40:04 DEBUG PackageRelationshipCollection:307 - Parsing relationship: /_rels/.rels
2025-05-20 12:40:04 DEBUG PackageRelationshipCollection:307 - Parsing relationship: /xl/_rels/workbook.xml.rels
2025-05-20 12:40:04 DEBUG PackageRelationshipCollection:307 - Parsing relationship: /xl/worksheets/_rels/sheet1.xml.rels
2025-05-20 12:40:04 DEBUG PackageRelationshipCollection:307 - Parsing relationship: /_rels/.rels
2025-05-20 12:40:04 DEBUG POIXMLFactory:65 - using default POIXMLDocumentPart for http://schemas.openxmlformats.org/officeDocument/2006/relationships/printerSettings
2025-05-20 12:40:04 DEBUG POIXMLFactory:65 - using default POIXMLDocumentPart for http://schemas.openxmlformats.org/officeDocument/2006/relationships/printerSettings
2025-05-20 12:40:04 DEBUG PackageRelationshipCollection:307 - Parsing relationship: /xl/_rels/workbook.xml.rels
2025-05-20 12:40:04 DEBUG PackageRelationshipCollection:307 - Parsing relationship: /xl/worksheets/_rels/sheet1.xml.rels
2025-05-20 12:40:04 DEBUG PackageRelationshipCollection:307 - Parsing relationship: /_rels/.rels
2025-05-20 12:40:04 DEBUG POIXMLFactory:65 - using default POIXMLDocumentPart for http://schemas.openxmlformats.org/officeDocument/2006/relationships/printerSettings
2025-05-20 12:40:04 DEBUG PackageRelationshipCollection:307 - Parsing relationship: /xl/_rels/workbook.xml.rels
2025-05-20 12:40:04 DEBUG PackageRelationshipCollection:307 - Parsing relationship: /xl/worksheets/_rels/sheet1.xml.rels
2025-05-20 12:40:04 DEBUG PackageRelationshipCollection:307 - Parsing relationship: /_rels/.rels
2025-05-20 12:40:04 DEBUG PackageRelationshipCollection:307 - Parsing relationship: /xl/_rels/workbook.xml.rels
2025-05-20 12:40:04 DEBUG PackageRelationshipCollection:307 - Parsing relationship: /xl/worksheets/_rels/sheet1.xml.rels
2025-05-20 12:40:04 DEBUG PackageRelationshipCollection:307 - Parsing relationship: /_rels/.rels
2025-05-20 12:40:04 DEBUG POIXMLFactory:65 - using default POIXMLDocumentPart for http://schemas.openxmlformats.org/officeDocument/2006/relationships/printerSettings
2025-05-20 12:40:04 DEBUG POIXMLFactory:65 - using default POIXMLDocumentPart for http://schemas.openxmlformats.org/officeDocument/2006/relationships/printerSettings
2025-05-20 12:40:04 DEBUG PackageRelationshipCollection:307 - Parsing relationship: /xl/_rels/workbook.xml.rels
2025-05-20 12:40:04 DEBUG PackageRelationshipCollection:307 - Parsing relationship: /xl/worksheets/_rels/sheet1.xml.rels
2025-05-20 12:40:04 DEBUG PackageRelationshipCollection:307 - Parsing relationship: /_rels/.rels
2025-05-20 12:40:04 DEBUG PackageRelationshipCollection:307 - Parsing relationship: /xl/_rels/workbook.xml.rels
2025-05-20 12:40:04 DEBUG PackageRelationshipCollection:307 - Parsing relationship: /xl/worksheets/_rels/sheet1.xml.rels
2025-05-20 12:40:04 DEBUG POIXMLFactory:65 - using default POIXMLDocumentPart for http://schemas.openxmlformats.org/officeDocument/2006/relationships/printerSettings
2025-05-20 12:40:04 DEBUG PackageRelationshipCollection:307 - Parsing relationship: /_rels/.rels
2025-05-20 12:40:04 DEBUG POIXMLFactory:65 - using default POIXMLDocumentPart for http://schemas.openxmlformats.org/officeDocument/2006/relationships/printerSettings
2025-05-20 12:40:04 DEBUG PackageRelationshipCollection:307 - Parsing relationship: /xl/_rels/workbook.xml.rels
2025-05-20 12:40:04 DEBUG PackageRelationshipCollection:307 - Parsing relationship: /xl/worksheets/_rels/sheet1.xml.rels
2025-05-20 12:40:04 DEBUG PackageRelationshipCollection:307 - Parsing relationship: /_rels/.rels
2025-05-20 12:40:04 DEBUG PackageRelationshipCollection:307 - Parsing relationship: /xl/_rels/workbook.xml.rels
2025-05-20 12:40:04 DEBUG PackageRelationshipCollection:307 - Parsing relationship: /xl/worksheets/_rels/sheet1.xml.rels
2025-05-20 12:40:04 DEBUG PackageRelationshipCollection:307 - Parsing relationship: /_rels/.rels
2025-05-20 12:40:04 DEBUG POIXMLFactory:65 - using default POIXMLDocumentPart for http://schemas.openxmlformats.org/officeDocument/2006/relationships/printerSettings
2025-05-20 12:40:04 DEBUG POIXMLFactory:65 - using default POIXMLDocumentPart for http://schemas.openxmlformats.org/officeDocument/2006/relationships/printerSettings
2025-05-20 12:40:04 DEBUG PackageRelationshipCollection:307 - Parsing relationship: /xl/_rels/workbook.xml.rels
2025-05-20 12:40:04 DEBUG PackageRelationshipCollection:307 - Parsing relationship: /xl/worksheets/_rels/sheet1.xml.rels
2025-05-20 12:40:04 DEBUG PackageRelationshipCollection:307 - Parsing relationship: /_rels/.rels
2025-05-20 12:40:04 DEBUG PackageRelationshipCollection:307 - Parsing relationship: /xl/_rels/workbook.xml.rels
2025-05-20 12:40:04 DEBUG PackageRelationshipCollection:307 - Parsing relationship: /xl/worksheets/_rels/sheet1.xml.rels
2025-05-20 12:40:04 DEBUG POIXMLFactory:65 - using default POIXMLDocumentPart for http://schemas.openxmlformats.org/officeDocument/2006/relationships/printerSettings
2025-05-20 12:40:04 DEBUG PackageRelationshipCollection:307 - Parsing relationship: /_rels/.rels
2025-05-20 12:40:04 DEBUG POIXMLFactory:65 - using default POIXMLDocumentPart for http://schemas.openxmlformats.org/officeDocument/2006/relationships/printerSettings
2025-05-20 12:40:04 DEBUG PackageRelationshipCollection:307 - Parsing relationship: /xl/_rels/workbook.xml.rels
2025-05-20 12:40:04 DEBUG PackageRelationshipCollection:307 - Parsing relationship: /xl/worksheets/_rels/sheet1.xml.rels
2025-05-20 12:40:04 DEBUG PackageRelationshipCollection:307 - Parsing relationship: /_rels/.rels
2025-05-20 12:40:04 DEBUG POIXMLFactory:65 - using default POIXMLDocumentPart for http://schemas.openxmlformats.org/officeDocument/2006/relationships/printerSettings
2025-05-20 12:40:04 DEBUG PackageRelationshipCollection:307 - Parsing relationship: /xl/_rels/workbook.xml.rels
2025-05-20 12:40:04 DEBUG PackageRelationshipCollection:307 - Parsing relationship: /xl/worksheets/_rels/sheet1.xml.rels
2025-05-20 12:40:04 DEBUG PackageRelationshipCollection:307 - Parsing relationship: /_rels/.rels
2025-05-20 12:40:04 INFO  TC02_Login_Ng:27 - Starting login test with email: smitasharma.qa@gmail.com
2025-05-20 12:40:04 DEBUG TC02_Login_Ng:28 - Password length: 8
2025-05-20 12:40:04 DEBUG TC02_Login_Ng:37 - Creating HomePage object
2025-05-20 12:40:04 DEBUG POIXMLFactory:65 - using default POIXMLDocumentPart for http://schemas.openxmlformats.org/officeDocument/2006/relationships/printerSettings
2025-05-20 12:40:04 DEBUG TC02_Login_Ng:40 - Clicking on MyAccount menu
2025-05-20 12:40:04 DEBUG PackageRelationshipCollection:307 - Parsing relationship: /xl/_rels/workbook.xml.rels
2025-05-20 12:40:04 DEBUG PackageRelationshipCollection:307 - Parsing relationship: /xl/worksheets/_rels/sheet1.xml.rels
2025-05-20 12:40:04 DEBUG PackageRelationshipCollection:307 - Parsing relationship: /_rels/.rels
2025-05-20 12:40:04 DEBUG POIXMLFactory:65 - using default POIXMLDocumentPart for http://schemas.openxmlformats.org/officeDocument/2006/relationships/printerSettings
2025-05-20 12:40:04 DEBUG PackageRelationshipCollection:307 - Parsing relationship: /xl/_rels/workbook.xml.rels
2025-05-20 12:40:04 DEBUG PackageRelationshipCollection:307 - Parsing relationship: /xl/worksheets/_rels/sheet1.xml.rels
2025-05-20 12:40:04 DEBUG PackageRelationshipCollection:307 - Parsing relationship: /_rels/.rels
2025-05-20 12:40:04 DEBUG POIXMLFactory:65 - using default POIXMLDocumentPart for http://schemas.openxmlformats.org/officeDocument/2006/relationships/printerSettings
2025-05-20 12:40:04 DEBUG PackageRelationshipCollection:307 - Parsing relationship: /xl/_rels/workbook.xml.rels
2025-05-20 12:40:04 DEBUG PackageRelationshipCollection:307 - Parsing relationship: /xl/worksheets/_rels/sheet1.xml.rels
2025-05-20 12:40:04 DEBUG PackageRelationshipCollection:307 - Parsing relationship: /_rels/.rels
2025-05-20 12:40:04 DEBUG POIXMLFactory:65 - using default POIXMLDocumentPart for http://schemas.openxmlformats.org/officeDocument/2006/relationships/printerSettings
2025-05-20 12:40:05 INFO  TC02_Login_Ng:27 - Starting login test with email: smitasharma.qa@gmail.com
2025-05-20 12:40:05 DEBUG TC02_Login_Ng:28 - Password length: 8
2025-05-20 12:40:05 DEBUG TC02_Login_Ng:37 - Creating HomePage object
2025-05-20 12:40:05 DEBUG TC02_Login_Ng:40 - Clicking on MyAccount menu
2025-05-20 12:40:05 DEBUG TC02_Login_Ng:43 - Successfully clicked on MyAccount menu
2025-05-20 12:40:05 DEBUG TC02_Login_Ng:49 - Navigating to login page
2025-05-20 12:40:05 DEBUG TC02_Login_Ng:43 - Successfully clicked on MyAccount menu
2025-05-20 12:40:05 DEBUG TC02_Login_Ng:49 - Navigating to login page
2025-05-20 12:40:06 DEBUG TC02_Login_Ng:52 - Successfully navigated to login page
2025-05-20 12:40:06 DEBUG TC02_Login_Ng:59 - Creating LoginPage object
2025-05-20 12:40:06 DEBUG TC02_Login_Ng:62 - Setting email address
2025-05-20 12:40:06 DEBUG TC02_Login_Ng:52 - Successfully navigated to login page
2025-05-20 12:40:06 DEBUG TC02_Login_Ng:59 - Creating LoginPage object
2025-05-20 12:40:06 DEBUG TC02_Login_Ng:62 - Setting email address
2025-05-20 12:40:06 DEBUG TC02_Login_Ng:65 - Email address set successfully
2025-05-20 12:40:06 DEBUG TC02_Login_Ng:71 - Setting password
2025-05-20 12:40:06 DEBUG BaseClass:86 - Creating WebDriverWait for Firefox
2025-05-20 12:40:06 DEBUG BaseClass:122 - Driver assigned to thread-local storage
2025-05-20 12:40:06 DEBUG TC02_Login_Ng:65 - Email address set successfully
2025-05-20 12:40:06 DEBUG TC02_Login_Ng:71 - Setting password
2025-05-20 12:40:07 DEBUG TC02_Login_Ng:74 - Password set successfully
2025-05-20 12:40:07 DEBUG TC02_Login_Ng:80 - Clicking login button
2025-05-20 12:40:07 DEBUG TC02_Login_Ng:74 - Password set successfully
2025-05-20 12:40:07 DEBUG TC02_Login_Ng:80 - Clicking login button
2025-05-20 12:40:07 DEBUG TC02_Login_Ng:83 - Login button clicked successfully
2025-05-20 12:40:07 DEBUG TC02_Login_Ng:90 - Creating AccountPage object
2025-05-20 12:40:07 DEBUG TC02_Login_Ng:93 - Verifying if MyAccount section is displayed
2025-05-20 12:40:07 DEBUG TC02_Login_Ng:83 - Login button clicked successfully
2025-05-20 12:40:07 DEBUG TC02_Login_Ng:90 - Creating AccountPage object
2025-05-20 12:40:07 DEBUG TC02_Login_Ng:93 - Verifying if MyAccount section is displayed
2025-05-20 12:40:07 INFO  TC02_Login_Ng:96 - MyAccount confirmation status: true
2025-05-20 12:40:07 INFO  TC02_Login_Ng:104 - Login successful, proceeding to logout
2025-05-20 12:40:07 DEBUG TC02_Login_Ng:106 - Clicking on MyAccount dropdown
2025-05-20 12:40:07 INFO  TC02_Login_Ng:96 - MyAccount confirmation status: true
2025-05-20 12:40:07 INFO  TC02_Login_Ng:104 - Login successful, proceeding to logout
2025-05-20 12:40:07 DEBUG TC02_Login_Ng:106 - Clicking on MyAccount dropdown
2025-05-20 12:40:08 DEBUG TC02_Login_Ng:109 - MyAccount dropdown clicked successfully
2025-05-20 12:40:08 DEBUG TC02_Login_Ng:115 - Clicking logout option
2025-05-20 12:40:08 DEBUG TC02_Login_Ng:109 - MyAccount dropdown clicked successfully
2025-05-20 12:40:08 DEBUG TC02_Login_Ng:115 - Clicking logout option
2025-05-20 12:40:08 INFO  BaseClass:128 - Application launched successfully: https://cloudberrystore.services/
2025-05-20 12:40:08 DEBUG PackageRelationshipCollection:307 - Parsing relationship: /xl/_rels/workbook.xml.rels
2025-05-20 12:40:08 DEBUG PackageRelationshipCollection:307 - Parsing relationship: /xl/worksheets/_rels/sheet1.xml.rels
2025-05-20 12:40:08 DEBUG PackageRelationshipCollection:307 - Parsing relationship: /_rels/.rels
2025-05-20 12:40:08 DEBUG POIXMLFactory:65 - using default POIXMLDocumentPart for http://schemas.openxmlformats.org/officeDocument/2006/relationships/printerSettings
2025-05-20 12:40:08 DEBUG PackageRelationshipCollection:307 - Parsing relationship: /xl/_rels/workbook.xml.rels
2025-05-20 12:40:08 DEBUG PackageRelationshipCollection:307 - Parsing relationship: /xl/worksheets/_rels/sheet1.xml.rels
2025-05-20 12:40:08 DEBUG PackageRelationshipCollection:307 - Parsing relationship: /_rels/.rels
2025-05-20 12:40:08 DEBUG POIXMLFactory:65 - using default POIXMLDocumentPart for http://schemas.openxmlformats.org/officeDocument/2006/relationships/printerSettings
2025-05-20 12:40:08 DEBUG PackageRelationshipCollection:307 - Parsing relationship: /xl/_rels/workbook.xml.rels
2025-05-20 12:40:08 DEBUG PackageRelationshipCollection:307 - Parsing relationship: /xl/worksheets/_rels/sheet1.xml.rels
2025-05-20 12:40:08 DEBUG PackageRelationshipCollection:307 - Parsing relationship: /_rels/.rels
2025-05-20 12:40:08 DEBUG POIXMLFactory:65 - using default POIXMLDocumentPart for http://schemas.openxmlformats.org/officeDocument/2006/relationships/printerSettings
2025-05-20 12:40:08 DEBUG PackageRelationshipCollection:307 - Parsing relationship: /xl/_rels/workbook.xml.rels
2025-05-20 12:40:08 DEBUG PackageRelationshipCollection:307 - Parsing relationship: /xl/worksheets/_rels/sheet1.xml.rels
2025-05-20 12:40:08 DEBUG PackageRelationshipCollection:307 - Parsing relationship: /_rels/.rels
2025-05-20 12:40:08 DEBUG POIXMLFactory:65 - using default POIXMLDocumentPart for http://schemas.openxmlformats.org/officeDocument/2006/relationships/printerSettings
2025-05-20 12:40:08 DEBUG PackageRelationshipCollection:307 - Parsing relationship: /xl/_rels/workbook.xml.rels
2025-05-20 12:40:08 DEBUG PackageRelationshipCollection:307 - Parsing relationship: /xl/worksheets/_rels/sheet1.xml.rels
2025-05-20 12:40:08 DEBUG PackageRelationshipCollection:307 - Parsing relationship: /_rels/.rels
2025-05-20 12:40:08 INFO  TC02_Login_Ng:118 - Successfully logged out
2025-05-20 12:40:08 DEBUG POIXMLFactory:65 - using default POIXMLDocumentPart for http://schemas.openxmlformats.org/officeDocument/2006/relationships/printerSettings
2025-05-20 12:40:08 INFO  TC02_Login_Ng:127 - Assertion passed: Login test successful
2025-05-20 12:40:08 INFO  TC02_Login_Ng:152 - Completed login test with email: smitasharma.qa@gmail.com
2025-05-20 12:40:08 DEBUG PackageRelationshipCollection:307 - Parsing relationship: /xl/_rels/workbook.xml.rels
2025-05-20 12:40:08 DEBUG PackageRelationshipCollection:307 - Parsing relationship: /xl/worksheets/_rels/sheet1.xml.rels
2025-05-20 12:40:08 DEBUG PackageRelationshipCollection:307 - Parsing relationship: /_rels/.rels
2025-05-20 12:40:08 DEBUG POIXMLFactory:65 - using default POIXMLDocumentPart for http://schemas.openxmlformats.org/officeDocument/2006/relationships/printerSettings
2025-05-20 12:40:08 DEBUG PackageRelationshipCollection:307 - Parsing relationship: /xl/_rels/workbook.xml.rels
2025-05-20 12:40:08 DEBUG PackageRelationshipCollection:307 - Parsing relationship: /xl/worksheets/_rels/sheet1.xml.rels
2025-05-20 12:40:08 DEBUG PackageRelationshipCollection:307 - Parsing relationship: /_rels/.rels
2025-05-20 12:40:08 INFO  TC02_Login_Ng:27 - Starting login test with email: nona@yahoo.com
2025-05-20 12:40:08 DEBUG TC02_Login_Ng:28 - Password length: 8
2025-05-20 12:40:08 DEBUG TC02_Login_Ng:37 - Creating HomePage object
2025-05-20 12:40:08 DEBUG POIXMLFactory:65 - using default POIXMLDocumentPart for http://schemas.openxmlformats.org/officeDocument/2006/relationships/printerSettings
2025-05-20 12:40:08 DEBUG TC02_Login_Ng:40 - Clicking on MyAccount menu
2025-05-20 12:40:08 DEBUG PackageRelationshipCollection:307 - Parsing relationship: /xl/_rels/workbook.xml.rels
2025-05-20 12:40:08 DEBUG PackageRelationshipCollection:307 - Parsing relationship: /xl/worksheets/_rels/sheet1.xml.rels
2025-05-20 12:40:08 DEBUG PackageRelationshipCollection:307 - Parsing relationship: /_rels/.rels
2025-05-20 12:40:08 DEBUG POIXMLFactory:65 - using default POIXMLDocumentPart for http://schemas.openxmlformats.org/officeDocument/2006/relationships/printerSettings
2025-05-20 12:40:08 DEBUG PackageRelationshipCollection:307 - Parsing relationship: /xl/_rels/workbook.xml.rels
2025-05-20 12:40:08 DEBUG PackageRelationshipCollection:307 - Parsing relationship: /xl/worksheets/_rels/sheet1.xml.rels
2025-05-20 12:40:08 DEBUG PackageRelationshipCollection:307 - Parsing relationship: /_rels/.rels
2025-05-20 12:40:08 DEBUG POIXMLFactory:65 - using default POIXMLDocumentPart for http://schemas.openxmlformats.org/officeDocument/2006/relationships/printerSettings
2025-05-20 12:40:08 DEBUG PackageRelationshipCollection:307 - Parsing relationship: /xl/_rels/workbook.xml.rels
2025-05-20 12:40:08 DEBUG PackageRelationshipCollection:307 - Parsing relationship: /xl/worksheets/_rels/sheet1.xml.rels
2025-05-20 12:40:08 DEBUG PackageRelationshipCollection:307 - Parsing relationship: /_rels/.rels
2025-05-20 12:40:08 DEBUG POIXMLFactory:65 - using default POIXMLDocumentPart for http://schemas.openxmlformats.org/officeDocument/2006/relationships/printerSettings
2025-05-20 12:40:08 DEBUG PackageRelationshipCollection:307 - Parsing relationship: /xl/_rels/workbook.xml.rels
2025-05-20 12:40:08 DEBUG PackageRelationshipCollection:307 - Parsing relationship: /xl/worksheets/_rels/sheet1.xml.rels
2025-05-20 12:40:08 DEBUG PackageRelationshipCollection:307 - Parsing relationship: /_rels/.rels
2025-05-20 12:40:08 DEBUG POIXMLFactory:65 - using default POIXMLDocumentPart for http://schemas.openxmlformats.org/officeDocument/2006/relationships/printerSettings
2025-05-20 12:40:09 DEBUG PackageRelationshipCollection:307 - Parsing relationship: /xl/_rels/workbook.xml.rels
2025-05-20 12:40:09 DEBUG PackageRelationshipCollection:307 - Parsing relationship: /xl/worksheets/_rels/sheet1.xml.rels
2025-05-20 12:40:09 DEBUG PackageRelationshipCollection:307 - Parsing relationship: /_rels/.rels
2025-05-20 12:40:09 DEBUG POIXMLFactory:65 - using default POIXMLDocumentPart for http://schemas.openxmlformats.org/officeDocument/2006/relationships/printerSettings
2025-05-20 12:40:09 INFO  TC02_Login_Ng:27 - Starting login test with email: smitasharma.qa@gmail.com
2025-05-20 12:40:09 DEBUG TC02_Login_Ng:28 - Password length: 8
2025-05-20 12:40:09 DEBUG TC02_Login_Ng:37 - Creating HomePage object
2025-05-20 12:40:09 DEBUG TC02_Login_Ng:40 - Clicking on MyAccount menu
2025-05-20 12:40:09 DEBUG TC02_Login_Ng:43 - Successfully clicked on MyAccount menu
2025-05-20 12:40:09 DEBUG TC02_Login_Ng:49 - Navigating to login page
2025-05-20 12:40:09 INFO  TC02_Login_Ng:118 - Successfully logged out
2025-05-20 12:40:09 INFO  TC02_Login_Ng:127 - Assertion passed: Login test successful
2025-05-20 12:40:09 INFO  TC02_Login_Ng:152 - Completed login test with email: smitasharma.qa@gmail.com
2025-05-20 12:40:09 INFO  TC02_Login_Ng:27 - Starting login test with email: nona@yahoo.com
2025-05-20 12:40:09 DEBUG TC02_Login_Ng:28 - Password length: 8
2025-05-20 12:40:09 DEBUG TC02_Login_Ng:37 - Creating HomePage object
2025-05-20 12:40:09 DEBUG TC02_Login_Ng:40 - Clicking on MyAccount menu
2025-05-20 12:40:09 DEBUG TC02_Login_Ng:43 - Successfully clicked on MyAccount menu
2025-05-20 12:40:09 DEBUG TC02_Login_Ng:49 - Navigating to login page
2025-05-20 12:40:09 DEBUG TC02_Login_Ng:43 - Successfully clicked on MyAccount menu
2025-05-20 12:40:09 DEBUG TC02_Login_Ng:49 - Navigating to login page
2025-05-20 12:40:09 DEBUG TC02_Login_Ng:52 - Successfully navigated to login page
2025-05-20 12:40:09 DEBUG TC02_Login_Ng:59 - Creating LoginPage object
2025-05-20 12:40:09 DEBUG TC02_Login_Ng:62 - Setting email address
2025-05-20 12:40:10 DEBUG TC02_Login_Ng:65 - Email address set successfully
2025-05-20 12:40:10 DEBUG TC02_Login_Ng:71 - Setting password
2025-05-20 12:40:10 DEBUG TC02_Login_Ng:52 - Successfully navigated to login page
2025-05-20 12:40:10 DEBUG TC02_Login_Ng:59 - Creating LoginPage object
2025-05-20 12:40:10 DEBUG TC02_Login_Ng:62 - Setting email address
2025-05-20 12:40:10 DEBUG TC02_Login_Ng:52 - Successfully navigated to login page
2025-05-20 12:40:10 DEBUG TC02_Login_Ng:59 - Creating LoginPage object
2025-05-20 12:40:10 DEBUG TC02_Login_Ng:62 - Setting email address
2025-05-20 12:40:10 DEBUG TC02_Login_Ng:65 - Email address set successfully
2025-05-20 12:40:10 DEBUG TC02_Login_Ng:71 - Setting password
2025-05-20 12:40:10 DEBUG TC02_Login_Ng:74 - Password set successfully
2025-05-20 12:40:10 DEBUG TC02_Login_Ng:80 - Clicking login button
2025-05-20 12:40:10 DEBUG TC02_Login_Ng:65 - Email address set successfully
2025-05-20 12:40:10 DEBUG TC02_Login_Ng:71 - Setting password
2025-05-20 12:40:10 DEBUG TC02_Login_Ng:74 - Password set successfully
2025-05-20 12:40:10 DEBUG TC02_Login_Ng:80 - Clicking login button
2025-05-20 12:40:10 DEBUG TC02_Login_Ng:74 - Password set successfully
2025-05-20 12:40:10 DEBUG TC02_Login_Ng:80 - Clicking login button
2025-05-20 12:40:10 DEBUG TC02_Login_Ng:83 - Login button clicked successfully
2025-05-20 12:40:10 DEBUG TC02_Login_Ng:90 - Creating AccountPage object
2025-05-20 12:40:10 DEBUG TC02_Login_Ng:93 - Verifying if MyAccount section is displayed
2025-05-20 12:40:10 DEBUG TC02_Login_Ng:83 - Login button clicked successfully
2025-05-20 12:40:10 DEBUG TC02_Login_Ng:90 - Creating AccountPage object
2025-05-20 12:40:10 DEBUG TC02_Login_Ng:93 - Verifying if MyAccount section is displayed
2025-05-20 12:40:11 INFO  TC02_Login_Ng:96 - MyAccount confirmation status: true
2025-05-20 12:40:11 INFO  TC02_Login_Ng:104 - Login successful, proceeding to logout
2025-05-20 12:40:11 DEBUG TC02_Login_Ng:106 - Clicking on MyAccount dropdown
2025-05-20 12:40:11 DEBUG TC02_Login_Ng:83 - Login button clicked successfully
2025-05-20 12:40:11 DEBUG TC02_Login_Ng:90 - Creating AccountPage object
2025-05-20 12:40:11 DEBUG TC02_Login_Ng:93 - Verifying if MyAccount section is displayed
2025-05-20 12:40:11 INFO  TC02_Login_Ng:96 - MyAccount confirmation status: true
2025-05-20 12:40:11 INFO  TC02_Login_Ng:104 - Login successful, proceeding to logout
2025-05-20 12:40:11 DEBUG TC02_Login_Ng:106 - Clicking on MyAccount dropdown
2025-05-20 12:40:11 DEBUG TC02_Login_Ng:109 - MyAccount dropdown clicked successfully
2025-05-20 12:40:11 DEBUG TC02_Login_Ng:115 - Clicking logout option
2025-05-20 12:40:11 INFO  TC02_Login_Ng:96 - MyAccount confirmation status: true
2025-05-20 12:40:11 INFO  TC02_Login_Ng:104 - Login successful, proceeding to logout
2025-05-20 12:40:11 DEBUG TC02_Login_Ng:109 - MyAccount dropdown clicked successfully
2025-05-20 12:40:11 DEBUG TC02_Login_Ng:106 - Clicking on MyAccount dropdown
2025-05-20 12:40:11 DEBUG TC02_Login_Ng:115 - Clicking logout option
2025-05-20 12:40:11 DEBUG TC02_Login_Ng:109 - MyAccount dropdown clicked successfully
2025-05-20 12:40:11 DEBUG TC02_Login_Ng:115 - Clicking logout option
2025-05-20 12:40:11 INFO  TC02_Login_Ng:118 - Successfully logged out
2025-05-20 12:40:11 INFO  TC02_Login_Ng:127 - Assertion passed: Login test successful
2025-05-20 12:40:11 INFO  TC02_Login_Ng:152 - Completed login test with email: smitasharma.qa@gmail.com
2025-05-20 12:40:11 INFO  TC02_Login_Ng:27 - Starting login test with email: nona@yahoo.com
2025-05-20 12:40:11 DEBUG TC02_Login_Ng:28 - Password length: 8
2025-05-20 12:40:11 DEBUG TC02_Login_Ng:37 - Creating HomePage object
2025-05-20 12:40:11 DEBUG TC02_Login_Ng:40 - Clicking on MyAccount menu
2025-05-20 12:40:11 INFO  TC02_Login_Ng:118 - Successfully logged out
2025-05-20 12:40:11 INFO  TC02_Login_Ng:127 - Assertion passed: Login test successful
2025-05-20 12:40:11 INFO  TC02_Login_Ng:152 - Completed login test with email: nona@yahoo.com
2025-05-20 12:40:11 INFO  TC02_Login_Ng:27 - Starting login test with email: sid@cloudberry.services
2025-05-20 12:40:11 DEBUG TC02_Login_Ng:28 - Password length: 7
2025-05-20 12:40:11 DEBUG TC02_Login_Ng:37 - Creating HomePage object
2025-05-20 12:40:11 DEBUG TC02_Login_Ng:40 - Clicking on MyAccount menu
2025-05-20 12:40:12 DEBUG TC02_Login_Ng:43 - Successfully clicked on MyAccount menu
2025-05-20 12:40:12 DEBUG TC02_Login_Ng:49 - Navigating to login page
2025-05-20 12:40:12 INFO  TC02_Login_Ng:118 - Successfully logged out
2025-05-20 12:40:12 INFO  TC02_Login_Ng:127 - Assertion passed: Login test successful
2025-05-20 12:40:12 INFO  TC02_Login_Ng:152 - Completed login test with email: nona@yahoo.com
2025-05-20 12:40:12 INFO  TC02_Login_Ng:27 - Starting login test with email: sid@cloudberry.services
2025-05-20 12:40:12 DEBUG TC02_Login_Ng:28 - Password length: 7
2025-05-20 12:40:12 DEBUG TC02_Login_Ng:37 - Creating HomePage object
2025-05-20 12:40:12 DEBUG TC02_Login_Ng:40 - Clicking on MyAccount menu
2025-05-20 12:40:12 DEBUG TC02_Login_Ng:43 - Successfully clicked on MyAccount menu
2025-05-20 12:40:12 DEBUG TC02_Login_Ng:49 - Navigating to login page
2025-05-20 12:40:12 DEBUG TC02_Login_Ng:43 - Successfully clicked on MyAccount menu
2025-05-20 12:40:12 DEBUG TC02_Login_Ng:49 - Navigating to login page
2025-05-20 12:40:12 DEBUG TC02_Login_Ng:52 - Successfully navigated to login page
2025-05-20 12:40:12 DEBUG TC02_Login_Ng:59 - Creating LoginPage object
2025-05-20 12:40:12 DEBUG TC02_Login_Ng:62 - Setting email address
2025-05-20 12:40:12 DEBUG TC02_Login_Ng:65 - Email address set successfully
2025-05-20 12:40:12 DEBUG TC02_Login_Ng:71 - Setting password
2025-05-20 12:40:12 DEBUG TC02_Login_Ng:52 - Successfully navigated to login page
2025-05-20 12:40:12 DEBUG TC02_Login_Ng:59 - Creating LoginPage object
2025-05-20 12:40:12 DEBUG TC02_Login_Ng:62 - Setting email address
2025-05-20 12:40:12 DEBUG TC02_Login_Ng:74 - Password set successfully
2025-05-20 12:40:12 DEBUG TC02_Login_Ng:80 - Clicking login button
2025-05-20 12:40:12 DEBUG TC02_Login_Ng:65 - Email address set successfully
2025-05-20 12:40:12 DEBUG TC02_Login_Ng:71 - Setting password
2025-05-20 12:40:12 DEBUG TC02_Login_Ng:52 - Successfully navigated to login page
2025-05-20 12:40:12 DEBUG TC02_Login_Ng:59 - Creating LoginPage object
2025-05-20 12:40:12 DEBUG TC02_Login_Ng:62 - Setting email address
2025-05-20 12:40:13 DEBUG TC02_Login_Ng:83 - Login button clicked successfully
2025-05-20 12:40:13 DEBUG TC02_Login_Ng:90 - Creating AccountPage object
2025-05-20 12:40:13 DEBUG TC02_Login_Ng:93 - Verifying if MyAccount section is displayed
2025-05-20 12:40:13 DEBUG TC02_Login_Ng:74 - Password set successfully
2025-05-20 12:40:13 DEBUG TC02_Login_Ng:80 - Clicking login button
2025-05-20 12:40:13 DEBUG TC02_Login_Ng:65 - Email address set successfully
2025-05-20 12:40:13 DEBUG TC02_Login_Ng:71 - Setting password
2025-05-20 12:40:13 INFO  TC02_Login_Ng:96 - MyAccount confirmation status: true
2025-05-20 12:40:13 INFO  TC02_Login_Ng:104 - Login successful, proceeding to logout
2025-05-20 12:40:13 DEBUG TC02_Login_Ng:106 - Clicking on MyAccount dropdown
2025-05-20 12:40:13 DEBUG TC02_Login_Ng:83 - Login button clicked successfully
2025-05-20 12:40:13 DEBUG TC02_Login_Ng:90 - Creating AccountPage object
2025-05-20 12:40:13 DEBUG TC02_Login_Ng:93 - Verifying if MyAccount section is displayed
2025-05-20 12:40:13 DEBUG TC02_Login_Ng:74 - Password set successfully
2025-05-20 12:40:13 DEBUG TC02_Login_Ng:80 - Clicking login button
2025-05-20 12:40:13 DEBUG TC02_Login_Ng:109 - MyAccount dropdown clicked successfully
2025-05-20 12:40:13 DEBUG TC02_Login_Ng:115 - Clicking logout option
2025-05-20 12:40:13 DEBUG TC02_Login_Ng:83 - Login button clicked successfully
2025-05-20 12:40:13 DEBUG TC02_Login_Ng:90 - Creating AccountPage object
2025-05-20 12:40:13 DEBUG TC02_Login_Ng:93 - Verifying if MyAccount section is displayed
2025-05-20 12:40:13 INFO  TC02_Login_Ng:96 - MyAccount confirmation status: true
2025-05-20 12:40:13 INFO  TC02_Login_Ng:104 - Login successful, proceeding to logout
2025-05-20 12:40:13 DEBUG TC02_Login_Ng:106 - Clicking on MyAccount dropdown
2025-05-20 12:40:13 INFO  TC02_Login_Ng:118 - Successfully logged out
2025-05-20 12:40:13 INFO  TC02_Login_Ng:127 - Assertion passed: Login test successful
2025-05-20 12:40:13 INFO  TC02_Login_Ng:152 - Completed login test with email: nona@yahoo.com
2025-05-20 12:40:13 INFO  TC02_Login_Ng:27 - Starting login test with email: sid@cloudberry.services
2025-05-20 12:40:13 DEBUG TC02_Login_Ng:28 - Password length: 7
2025-05-20 12:40:13 DEBUG TC02_Login_Ng:37 - Creating HomePage object
2025-05-20 12:40:13 DEBUG TC02_Login_Ng:40 - Clicking on MyAccount menu
2025-05-20 12:40:13 DEBUG TC02_Login_Ng:109 - MyAccount dropdown clicked successfully
2025-05-20 12:40:13 DEBUG TC02_Login_Ng:115 - Clicking logout option
2025-05-20 12:40:13 INFO  TC02_Login_Ng:96 - MyAccount confirmation status: true
2025-05-20 12:40:13 INFO  TC02_Login_Ng:104 - Login successful, proceeding to logout
2025-05-20 12:40:13 DEBUG TC02_Login_Ng:106 - Clicking on MyAccount dropdown
2025-05-20 12:40:13 DEBUG TC02_Login_Ng:109 - MyAccount dropdown clicked successfully
2025-05-20 12:40:13 DEBUG TC02_Login_Ng:115 - Clicking logout option
2025-05-20 12:40:14 DEBUG TC02_Login_Ng:43 - Successfully clicked on MyAccount menu
2025-05-20 12:40:14 DEBUG TC02_Login_Ng:49 - Navigating to login page
2025-05-20 12:40:14 INFO  TC02_Login_Ng:118 - Successfully logged out
2025-05-20 12:40:14 INFO  TC02_Login_Ng:127 - Assertion passed: Login test successful
2025-05-20 12:40:14 INFO  TC02_Login_Ng:152 - Completed login test with email: sid@cloudberry.services
2025-05-20 12:40:14 INFO  TC02_Login_Ng:27 - Starting login test with email: apushedwoman@gmail.com
2025-05-20 12:40:14 DEBUG TC02_Login_Ng:28 - Password length: 11
2025-05-20 12:40:14 DEBUG TC02_Login_Ng:37 - Creating HomePage object
2025-05-20 12:40:14 DEBUG TC02_Login_Ng:40 - Clicking on MyAccount menu
2025-05-20 12:40:14 DEBUG TC02_Login_Ng:52 - Successfully navigated to login page
2025-05-20 12:40:14 DEBUG TC02_Login_Ng:59 - Creating LoginPage object
2025-05-20 12:40:14 DEBUG TC02_Login_Ng:62 - Setting email address
2025-05-20 12:40:14 INFO  TC02_Login_Ng:118 - Successfully logged out
2025-05-20 12:40:14 INFO  TC02_Login_Ng:127 - Assertion passed: Login test successful
2025-05-20 12:40:14 INFO  TC02_Login_Ng:152 - Completed login test with email: sid@cloudberry.services
2025-05-20 12:40:14 DEBUG TC02_Login_Ng:65 - Email address set successfully
2025-05-20 12:40:14 INFO  TC02_Login_Ng:27 - Starting login test with email: apushedwoman@gmail.com
2025-05-20 12:40:14 DEBUG TC02_Login_Ng:71 - Setting password
2025-05-20 12:40:14 DEBUG TC02_Login_Ng:28 - Password length: 11
2025-05-20 12:40:14 DEBUG TC02_Login_Ng:37 - Creating HomePage object
2025-05-20 12:40:14 DEBUG TC02_Login_Ng:40 - Clicking on MyAccount menu
2025-05-20 12:40:14 DEBUG TC02_Login_Ng:74 - Password set successfully
2025-05-20 12:40:14 DEBUG TC02_Login_Ng:80 - Clicking login button
2025-05-20 12:40:14 DEBUG TC02_Login_Ng:43 - Successfully clicked on MyAccount menu
2025-05-20 12:40:14 DEBUG TC02_Login_Ng:49 - Navigating to login page
2025-05-20 12:40:14 DEBUG TC02_Login_Ng:43 - Successfully clicked on MyAccount menu
2025-05-20 12:40:14 DEBUG TC02_Login_Ng:49 - Navigating to login page
2025-05-20 12:40:14 DEBUG TC02_Login_Ng:52 - Successfully navigated to login page
2025-05-20 12:40:14 DEBUG TC02_Login_Ng:59 - Creating LoginPage object
2025-05-20 12:40:14 DEBUG TC02_Login_Ng:62 - Setting email address
2025-05-20 12:40:14 DEBUG TC02_Login_Ng:83 - Login button clicked successfully
2025-05-20 12:40:14 DEBUG TC02_Login_Ng:90 - Creating AccountPage object
2025-05-20 12:40:14 DEBUG TC02_Login_Ng:93 - Verifying if MyAccount section is displayed
2025-05-20 12:40:14 INFO  TC02_Login_Ng:96 - MyAccount confirmation status: true
2025-05-20 12:40:14 INFO  TC02_Login_Ng:104 - Login successful, proceeding to logout
2025-05-20 12:40:14 DEBUG TC02_Login_Ng:106 - Clicking on MyAccount dropdown
2025-05-20 12:40:14 DEBUG TC02_Login_Ng:52 - Successfully navigated to login page
2025-05-20 12:40:14 DEBUG TC02_Login_Ng:59 - Creating LoginPage object
2025-05-20 12:40:14 DEBUG TC02_Login_Ng:62 - Setting email address
2025-05-20 12:40:15 DEBUG TC02_Login_Ng:65 - Email address set successfully
2025-05-20 12:40:15 DEBUG TC02_Login_Ng:71 - Setting password
2025-05-20 12:40:15 DEBUG TC02_Login_Ng:65 - Email address set successfully
2025-05-20 12:40:15 DEBUG TC02_Login_Ng:71 - Setting password
2025-05-20 12:40:15 DEBUG TC02_Login_Ng:74 - Password set successfully
2025-05-20 12:40:15 DEBUG TC02_Login_Ng:80 - Clicking login button
2025-05-20 12:40:15 DEBUG TC02_Login_Ng:109 - MyAccount dropdown clicked successfully
2025-05-20 12:40:15 DEBUG TC02_Login_Ng:115 - Clicking logout option
2025-05-20 12:40:15 DEBUG TC02_Login_Ng:74 - Password set successfully
2025-05-20 12:40:15 DEBUG TC02_Login_Ng:80 - Clicking login button
2025-05-20 12:40:15 DEBUG TC02_Login_Ng:83 - Login button clicked successfully
2025-05-20 12:40:15 DEBUG TC02_Login_Ng:90 - Creating AccountPage object
2025-05-20 12:40:15 DEBUG TC02_Login_Ng:93 - Verifying if MyAccount section is displayed
2025-05-20 12:40:15 DEBUG TC02_Login_Ng:83 - Login button clicked successfully
2025-05-20 12:40:15 DEBUG TC02_Login_Ng:90 - Creating AccountPage object
2025-05-20 12:40:15 DEBUG TC02_Login_Ng:93 - Verifying if MyAccount section is displayed
2025-05-20 12:40:15 INFO  TC02_Login_Ng:118 - Successfully logged out
2025-05-20 12:40:15 INFO  TC02_Login_Ng:127 - Assertion passed: Login test successful
2025-05-20 12:40:15 INFO  TC02_Login_Ng:152 - Completed login test with email: sid@cloudberry.services
2025-05-20 12:40:15 INFO  TC02_Login_Ng:27 - Starting login test with email: apushedwoman@gmail.com
2025-05-20 12:40:15 DEBUG TC02_Login_Ng:28 - Password length: 11
2025-05-20 12:40:15 DEBUG TC02_Login_Ng:37 - Creating HomePage object
2025-05-20 12:40:15 DEBUG TC02_Login_Ng:40 - Clicking on MyAccount menu
2025-05-20 12:40:15 INFO  TC02_Login_Ng:96 - MyAccount confirmation status: true
2025-05-20 12:40:15 INFO  TC02_Login_Ng:104 - Login successful, proceeding to logout
2025-05-20 12:40:15 DEBUG TC02_Login_Ng:106 - Clicking on MyAccount dropdown
2025-05-20 12:40:15 DEBUG TC02_Login_Ng:109 - MyAccount dropdown clicked successfully
2025-05-20 12:40:15 INFO  TC02_Login_Ng:96 - MyAccount confirmation status: true
2025-05-20 12:40:15 DEBUG TC02_Login_Ng:115 - Clicking logout option
2025-05-20 12:40:15 INFO  TC02_Login_Ng:104 - Login successful, proceeding to logout
2025-05-20 12:40:15 DEBUG TC02_Login_Ng:106 - Clicking on MyAccount dropdown
2025-05-20 12:40:15 DEBUG TC02_Login_Ng:43 - Successfully clicked on MyAccount menu
2025-05-20 12:40:15 DEBUG TC02_Login_Ng:49 - Navigating to login page
2025-05-20 12:40:16 DEBUG TC02_Login_Ng:109 - MyAccount dropdown clicked successfully
2025-05-20 12:40:16 DEBUG TC02_Login_Ng:115 - Clicking logout option
2025-05-20 12:40:16 DEBUG TC02_Login_Ng:52 - Successfully navigated to login page
2025-05-20 12:40:16 DEBUG TC02_Login_Ng:59 - Creating LoginPage object
2025-05-20 12:40:16 DEBUG TC02_Login_Ng:62 - Setting email address
2025-05-20 12:40:16 DEBUG TC02_Login_Ng:65 - Email address set successfully
2025-05-20 12:40:16 DEBUG TC02_Login_Ng:71 - Setting password
2025-05-20 12:40:16 DEBUG TC02_Login_Ng:74 - Password set successfully
2025-05-20 12:40:16 DEBUG TC02_Login_Ng:80 - Clicking login button
2025-05-20 12:40:16 INFO  TC02_Login_Ng:118 - Successfully logged out
2025-05-20 12:40:16 INFO  TC02_Login_Ng:127 - Assertion passed: Login test successful
2025-05-20 12:40:16 INFO  TC02_Login_Ng:152 - Completed login test with email: apushedwoman@gmail.com
2025-05-20 12:40:16 INFO  TC02_Login_Ng:27 - Starting login test with email: hichamkhachiai@gmail.com
2025-05-20 12:40:16 DEBUG TC02_Login_Ng:28 - Password length: 9
2025-05-20 12:40:16 DEBUG TC02_Login_Ng:37 - Creating HomePage object
2025-05-20 12:40:16 DEBUG TC02_Login_Ng:40 - Clicking on MyAccount menu
2025-05-20 12:40:16 INFO  TC02_Login_Ng:118 - Successfully logged out
2025-05-20 12:40:16 INFO  TC02_Login_Ng:127 - Assertion passed: Login test successful
2025-05-20 12:40:16 INFO  TC02_Login_Ng:152 - Completed login test with email: apushedwoman@gmail.com
2025-05-20 12:40:16 DEBUG TC02_Login_Ng:43 - Successfully clicked on MyAccount menu
2025-05-20 12:40:16 DEBUG TC02_Login_Ng:49 - Navigating to login page
2025-05-20 12:40:16 INFO  TC02_Login_Ng:27 - Starting login test with email: hichamkhachiai@gmail.com
2025-05-20 12:40:16 DEBUG TC02_Login_Ng:28 - Password length: 9
2025-05-20 12:40:16 DEBUG TC02_Login_Ng:37 - Creating HomePage object
2025-05-20 12:40:16 DEBUG TC02_Login_Ng:40 - Clicking on MyAccount menu
2025-05-20 12:40:16 DEBUG TC02_Login_Ng:43 - Successfully clicked on MyAccount menu
2025-05-20 12:40:16 DEBUG TC02_Login_Ng:49 - Navigating to login page
2025-05-20 12:40:16 DEBUG TC02_Login_Ng:83 - Login button clicked successfully
2025-05-20 12:40:16 DEBUG TC02_Login_Ng:90 - Creating AccountPage object
2025-05-20 12:40:16 DEBUG TC02_Login_Ng:93 - Verifying if MyAccount section is displayed
2025-05-20 12:40:16 INFO  TC02_Login_Ng:96 - MyAccount confirmation status: true
2025-05-20 12:40:16 INFO  TC02_Login_Ng:104 - Login successful, proceeding to logout
2025-05-20 12:40:16 DEBUG TC02_Login_Ng:106 - Clicking on MyAccount dropdown
2025-05-20 12:40:16 DEBUG TC02_Login_Ng:52 - Successfully navigated to login page
2025-05-20 12:40:16 DEBUG TC02_Login_Ng:59 - Creating LoginPage object
2025-05-20 12:40:16 DEBUG TC02_Login_Ng:62 - Setting email address
2025-05-20 12:40:16 DEBUG TC02_Login_Ng:52 - Successfully navigated to login page
2025-05-20 12:40:16 DEBUG TC02_Login_Ng:59 - Creating LoginPage object
2025-05-20 12:40:16 DEBUG TC02_Login_Ng:62 - Setting email address
2025-05-20 12:40:17 DEBUG TC02_Login_Ng:109 - MyAccount dropdown clicked successfully
2025-05-20 12:40:17 DEBUG TC02_Login_Ng:115 - Clicking logout option
2025-05-20 12:40:17 DEBUG TC02_Login_Ng:65 - Email address set successfully
2025-05-20 12:40:17 DEBUG TC02_Login_Ng:71 - Setting password
2025-05-20 12:40:17 DEBUG TC02_Login_Ng:65 - Email address set successfully
2025-05-20 12:40:17 DEBUG TC02_Login_Ng:71 - Setting password
2025-05-20 12:40:17 DEBUG TC02_Login_Ng:74 - Password set successfully
2025-05-20 12:40:17 DEBUG TC02_Login_Ng:80 - Clicking login button
2025-05-20 12:40:17 DEBUG TC02_Login_Ng:74 - Password set successfully
2025-05-20 12:40:17 DEBUG TC02_Login_Ng:80 - Clicking login button
2025-05-20 12:40:17 INFO  TC02_Login_Ng:118 - Successfully logged out
2025-05-20 12:40:17 INFO  TC02_Login_Ng:127 - Assertion passed: Login test successful
2025-05-20 12:40:17 INFO  TC02_Login_Ng:152 - Completed login test with email: apushedwoman@gmail.com
2025-05-20 12:40:17 DEBUG TC02_Login_Ng:83 - Login button clicked successfully
2025-05-20 12:40:17 DEBUG TC02_Login_Ng:90 - Creating AccountPage object
2025-05-20 12:40:17 INFO  TC02_Login_Ng:27 - Starting login test with email: hichamkhachiai@gmail.com
2025-05-20 12:40:17 DEBUG TC02_Login_Ng:28 - Password length: 9
2025-05-20 12:40:17 DEBUG TC02_Login_Ng:93 - Verifying if MyAccount section is displayed
2025-05-20 12:40:17 DEBUG TC02_Login_Ng:37 - Creating HomePage object
2025-05-20 12:40:17 DEBUG TC02_Login_Ng:40 - Clicking on MyAccount menu
2025-05-20 12:40:17 DEBUG TC02_Login_Ng:83 - Login button clicked successfully
2025-05-20 12:40:17 DEBUG TC02_Login_Ng:90 - Creating AccountPage object
2025-05-20 12:40:17 DEBUG TC02_Login_Ng:93 - Verifying if MyAccount section is displayed
2025-05-20 12:40:17 DEBUG TC02_Login_Ng:43 - Successfully clicked on MyAccount menu
2025-05-20 12:40:17 DEBUG TC02_Login_Ng:49 - Navigating to login page
2025-05-20 12:40:17 INFO  TC02_Login_Ng:96 - MyAccount confirmation status: true
2025-05-20 12:40:17 INFO  TC02_Login_Ng:104 - Login successful, proceeding to logout
2025-05-20 12:40:17 DEBUG TC02_Login_Ng:106 - Clicking on MyAccount dropdown
2025-05-20 12:40:17 INFO  TC02_Login_Ng:96 - MyAccount confirmation status: true
2025-05-20 12:40:17 INFO  TC02_Login_Ng:104 - Login successful, proceeding to logout
2025-05-20 12:40:17 DEBUG TC02_Login_Ng:106 - Clicking on MyAccount dropdown
2025-05-20 12:40:17 DEBUG TC02_Login_Ng:109 - MyAccount dropdown clicked successfully
2025-05-20 12:40:17 DEBUG TC02_Login_Ng:115 - Clicking logout option
2025-05-20 12:40:17 DEBUG TC02_Login_Ng:109 - MyAccount dropdown clicked successfully
2025-05-20 12:40:17 DEBUG TC02_Login_Ng:115 - Clicking logout option
2025-05-20 12:40:17 DEBUG TC02_Login_Ng:52 - Successfully navigated to login page
2025-05-20 12:40:17 DEBUG TC02_Login_Ng:59 - Creating LoginPage object
2025-05-20 12:40:17 DEBUG TC02_Login_Ng:62 - Setting email address
2025-05-20 12:40:18 DEBUG TC02_Login_Ng:65 - Email address set successfully
2025-05-20 12:40:18 DEBUG TC02_Login_Ng:71 - Setting password
2025-05-20 12:40:18 DEBUG TC02_Login_Ng:74 - Password set successfully
2025-05-20 12:40:18 DEBUG TC02_Login_Ng:80 - Clicking login button
2025-05-20 12:40:18 INFO  TC02_Login_Ng:118 - Successfully logged out
2025-05-20 12:40:18 INFO  TC02_Login_Ng:127 - Assertion passed: Login test successful
2025-05-20 12:40:18 INFO  TC02_Login_Ng:152 - Completed login test with email: hichamkhachiai@gmail.com
2025-05-20 12:40:18 INFO  TC02_Login_Ng:118 - Successfully logged out
2025-05-20 12:40:18 INFO  TC02_Login_Ng:127 - Assertion passed: Login test successful
2025-05-20 12:40:18 INFO  TC02_Login_Ng:152 - Completed login test with email: hichamkhachiai@gmail.com
2025-05-20 12:40:18 DEBUG TC02_Login_Ng:83 - Login button clicked successfully
2025-05-20 12:40:18 DEBUG TC02_Login_Ng:90 - Creating AccountPage object
2025-05-20 12:40:18 DEBUG TC02_Login_Ng:93 - Verifying if MyAccount section is displayed
2025-05-20 12:40:18 INFO  TC02_Login_Ng:96 - MyAccount confirmation status: true
2025-05-20 12:40:18 INFO  TC02_Login_Ng:104 - Login successful, proceeding to logout
2025-05-20 12:40:18 DEBUG TC02_Login_Ng:106 - Clicking on MyAccount dropdown
2025-05-20 12:40:18 INFO  BaseClass:141 - Browser session closed successfully
2025-05-20 12:40:18 INFO  BaseClass:45 - Starting test execution with OS: windows and Browser: chrome
2025-05-20 12:40:18 DEBUG BaseClass:49 - Attempting to load config.properties file
2025-05-20 12:40:18 DEBUG BaseClass:53 - Successfully loaded properties file
2025-05-20 12:40:18 INFO  BaseClass:73 - Initializing browser: chrome
2025-05-20 12:40:18 DEBUG BaseClass:76 - Setting up Chrome browser
2025-05-20 12:40:18 DEBUG TC02_Login_Ng:109 - MyAccount dropdown clicked successfully
2025-05-20 12:40:18 DEBUG TC02_Login_Ng:115 - Clicking logout option
2025-05-20 12:40:19 INFO  TC02_Login_Ng:118 - Successfully logged out
2025-05-20 12:40:19 INFO  TC02_Login_Ng:127 - Assertion passed: Login test successful
2025-05-20 12:40:19 INFO  TC02_Login_Ng:152 - Completed login test with email: hichamkhachiai@gmail.com
2025-05-20 12:40:20 INFO  BaseClass:141 - Browser session closed successfully
2025-05-20 12:40:20 INFO  BaseClass:45 - Starting test execution with OS: windows and Browser: edge
2025-05-20 12:40:20 DEBUG BaseClass:49 - Attempting to load config.properties file
2025-05-20 12:40:20 DEBUG BaseClass:53 - Successfully loaded properties file
2025-05-20 12:40:20 INFO  BaseClass:73 - Initializing browser: edge
2025-05-20 12:40:20 DEBUG BaseClass:93 - Setting up Edge browser
2025-05-20 12:40:20 DEBUG BaseClass:122 - Driver assigned to thread-local storage
2025-05-20 12:40:20 INFO  BaseClass:141 - Browser session closed successfully
2025-05-20 12:40:20 INFO  BaseClass:45 - Starting test execution with OS: windows and Browser: firefox
2025-05-20 12:40:20 DEBUG BaseClass:49 - Attempting to load config.properties file
2025-05-20 12:40:20 DEBUG BaseClass:53 - Successfully loaded properties file
2025-05-20 12:40:20 INFO  BaseClass:73 - Initializing browser: firefox
2025-05-20 12:40:20 DEBUG BaseClass:81 - Setting up Firefox browser
2025-05-20 12:40:21 INFO  BaseClass:128 - Application launched successfully: https://cloudberrystore.services/
2025-05-20 12:40:21 DEBUG TC05_WishListNg:27 - Starting test: Add product to Wishlist
2025-05-20 12:40:21 DEBUG TC05_WishListNg:33 - Clicking My Account
2025-05-20 12:40:22 DEBUG TC05_WishListNg:36 - Navigating to Laptops & Notebooks section
2025-05-20 12:40:22 DEBUG BaseClass:122 - Driver assigned to thread-local storage
2025-05-20 12:40:23 DEBUG TC05_WishListNg:42 - Scrolling to select laptop
2025-05-20 12:40:23 INFO  BaseClass:128 - Application launched successfully: https://cloudberrystore.services/
2025-05-20 12:40:23 DEBUG TC05_WishListNg:27 - Starting test: Add product to Wishlist
2025-05-20 12:40:23 DEBUG TC05_WishListNg:33 - Clicking My Account
2025-05-20 12:40:23 DEBUG TC05_WishListNg:36 - Navigating to Laptops & Notebooks section
2025-05-20 12:40:24 DEBUG TC05_WishListNg:46 - Clicking on selected laptop
2025-05-20 12:40:24 DEBUG TC05_WishListNg:42 - Scrolling to select laptop
2025-05-20 12:40:24 DEBUG TC05_WishListNg:51 - Scrolling to Add to Wishlist button
2025-05-20 12:40:25 DEBUG TC05_WishListNg:46 - Clicking on selected laptop
2025-05-20 12:40:26 DEBUG TC05_WishListNg:51 - Scrolling to Add to Wishlist button
2025-05-20 12:40:26 DEBUG TC05_WishListNg:55 - Clicking Add to Wishlist
2025-05-20 12:40:26 DEBUG BaseClass:86 - Creating WebDriverWait for Firefox
2025-05-20 12:40:26 DEBUG BaseClass:122 - Driver assigned to thread-local storage
2025-05-20 12:40:28 DEBUG TC05_WishListNg:55 - Clicking Add to Wishlist
2025-05-20 12:40:28 INFO  BaseClass:128 - Application launched successfully: https://cloudberrystore.services/
2025-05-20 12:40:28 DEBUG TC05_WishListNg:27 - Starting test: Add product to Wishlist
2025-05-20 12:40:28 DEBUG TC05_WishListNg:33 - Clicking My Account
2025-05-20 12:40:28 DEBUG TC05_WishListNg:36 - Navigating to Laptops & Notebooks section
2025-05-20 12:40:29 DEBUG TC05_WishListNg:42 - Scrolling to select laptop
2025-05-20 12:40:30 DEBUG TC05_WishListNg:46 - Clicking on selected laptop
2025-05-20 12:40:30 DEBUG TC05_WishListNg:51 - Scrolling to Add to Wishlist button
2025-05-20 12:40:32 DEBUG TC05_WishListNg:55 - Clicking Add to Wishlist
2025-05-20 12:40:37 ERROR TC05_WishListNg:71 - Exception occurred during test execution
org.openqa.selenium.NoSuchElementException: no such element: Unable to locate element: {"method":"xpath","selector":"//div[@class='alert alert-success alert-dismissible']"}
  (Session info: chrome=136.0.7103.114)
For documentation on this error, please visit: https://www.selenium.dev/documentation/webdriver/troubleshooting/errors#no-such-element-exception
Build info: version: '4.31.0', revision: '1ef9f18787*'
System info: os.name: 'Windows 11', os.arch: 'amd64', os.version: '10.0', java.version: '23.0.2'
Driver info: org.openqa.selenium.remote.RemoteWebDriver
Command: [14742f8345c4f962889f4a67cecab746, findElement {using=xpath, value=//div[@class='alert alert-success alert-dismissible']}]
Capabilities {acceptInsecureCerts: false, browserName: chrome, browserVersion: 136.0.7103.114, chrome: {chromedriverVersion: 136.0.7103.94 (fa0be0b33deb..., userDataDir: C:\Users\malli\AppData\Loca...}, fedcm:accounts: true, goog:chromeOptions: {debuggerAddress: localhost:52603}, networkConnectionEnabled: false, pageLoadStrategy: normal, platformName: Windows 11, proxy: Proxy(), se:bidiEnabled: false, se:cdp: ws://192.168.1.204:4444/ses..., se:cdpVersion: 136.0.7103.114, setWindowRect: true, strictFileInteractability: false, timeouts: {implicit: 0, pageLoad: 300000, script: 30000}, unhandledPromptBehavior: dismiss and notify, webauthn:extension:credBlob: true, webauthn:extension:largeBlob: true, webauthn:extension:minPinLength: true, webauthn:extension:prf: true, webauthn:virtualAuthenticators: true}
Session ID: 14742f8345c4f962889f4a67cecab746
	at java.base/jdk.internal.reflect.DirectConstructorHandleAccessor.newInstance(DirectConstructorHandleAccessor.java:62) ~[?:?]
	at java.base/java.lang.reflect.Constructor.newInstanceWithCaller(Constructor.java:501) ~[?:?]
	at java.base/java.lang.reflect.Constructor.newInstance(Constructor.java:485) ~[?:?]
	at org.openqa.selenium.remote.ErrorCodec.decode(ErrorCodec.java:167) ~[selenium-remote-driver-4.31.0.jar:?]
	at org.openqa.selenium.remote.codec.w3c.W3CHttpResponseCodec.decode(W3CHttpResponseCodec.java:138) ~[selenium-remote-driver-4.31.0.jar:?]
	at org.openqa.selenium.remote.codec.w3c.W3CHttpResponseCodec.decode(W3CHttpResponseCodec.java:50) ~[selenium-remote-driver-4.31.0.jar:?]
	at org.openqa.selenium.remote.HttpCommandExecutor.execute(HttpCommandExecutor.java:215) ~[selenium-remote-driver-4.31.0.jar:?]
	at org.openqa.selenium.remote.TracedCommandExecutor.execute(TracedCommandExecutor.java:53) ~[selenium-remote-driver-4.31.0.jar:?]
	at org.openqa.selenium.remote.RemoteWebDriver.execute(RemoteWebDriver.java:545) ~[selenium-remote-driver-4.31.0.jar:?]
	at org.openqa.selenium.remote.ElementLocation$ElementFinder$2.findElement(ElementLocation.java:165) ~[selenium-remote-driver-4.31.0.jar:?]
	at org.openqa.selenium.remote.ElementLocation.findElement(ElementLocation.java:59) ~[selenium-remote-driver-4.31.0.jar:?]
	at org.openqa.selenium.remote.RemoteWebDriver.findElement(RemoteWebDriver.java:368) ~[selenium-remote-driver-4.31.0.jar:?]
	at org.openqa.selenium.remote.RemoteWebDriver.findElement(RemoteWebDriver.java:362) ~[selenium-remote-driver-4.31.0.jar:?]
	at org.openqa.selenium.support.pagefactory.DefaultElementLocator.findElement(DefaultElementLocator.java:68) ~[selenium-support-4.31.0.jar:?]
	at org.openqa.selenium.support.pagefactory.internal.LocatingElementHandler.invoke(LocatingElementHandler.java:38) ~[selenium-support-4.31.0.jar:?]
	at jdk.proxy2/jdk.proxy2.$Proxy29.getText(Unknown Source) ~[?:?]
	at testCases.TC05_WishListNg.testAddToWishList(TC05_WishListNg.java:58) ~[test-classes/:?]
	at java.base/jdk.internal.reflect.DirectMethodHandleAccessor.invoke(DirectMethodHandleAccessor.java:103) ~[?:?]
	at java.base/java.lang.reflect.Method.invoke(Method.java:580) ~[?:?]
	at org.testng.internal.invokers.MethodInvocationHelper.invokeMethod(MethodInvocationHelper.java:141) ~[testng-7.11.0.jar:7.11.0]
	at org.testng.internal.invokers.TestInvoker.invokeMethod(TestInvoker.java:687) ~[testng-7.11.0.jar:7.11.0]
	at org.testng.internal.invokers.TestInvoker.invokeTestMethod(TestInvoker.java:230) ~[testng-7.11.0.jar:7.11.0]
	at org.testng.internal.invokers.MethodRunner.runInSequence(MethodRunner.java:63) ~[testng-7.11.0.jar:7.11.0]
	at org.testng.internal.invokers.TestInvoker$MethodInvocationAgent.invoke(TestInvoker.java:995) ~[testng-7.11.0.jar:7.11.0]
	at org.testng.internal.invokers.TestInvoker.invokeTestMethods(TestInvoker.java:203) ~[testng-7.11.0.jar:7.11.0]
	at org.testng.internal.invokers.TestMethodWorker.invokeTestMethods(TestMethodWorker.java:154) ~[testng-7.11.0.jar:7.11.0]
	at org.testng.internal.invokers.TestMethodWorker.run(TestMethodWorker.java:134) ~[testng-7.11.0.jar:7.11.0]
	at java.base/java.util.ArrayList.forEach(ArrayList.java:1597) ~[?:?]
	at org.testng.TestRunner.privateRun(TestRunner.java:741) ~[testng-7.11.0.jar:7.11.0]
	at org.testng.TestRunner.run(TestRunner.java:616) ~[testng-7.11.0.jar:7.11.0]
	at org.testng.SuiteRunner.runTest(SuiteRunner.java:421) ~[testng-7.11.0.jar:7.11.0]
	at org.testng.SuiteRunner$SuiteWorker.run(SuiteRunner.java:463) ~[testng-7.11.0.jar:7.11.0]
	at org.testng.internal.thread.ThreadUtil.lambda$execute$0(ThreadUtil.java:64) ~[testng-7.11.0.jar:7.11.0]
	at java.base/java.util.concurrent.FutureTask.run(FutureTask.java:317) ~[?:?]
	at java.base/java.util.concurrent.ThreadPoolExecutor.runWorker(ThreadPoolExecutor.java:1144) ~[?:?]
	at java.base/java.util.concurrent.ThreadPoolExecutor$Worker.run(ThreadPoolExecutor.java:642) ~[?:?]
	at java.base/java.lang.Thread.run(Thread.java:1575) [?:?]
2025-05-20 12:40:37 WARN  RetryAnalyzer:16 - Retrying test 'testAddToWishList' (1 of 2)
2025-05-20 12:40:37 DEBUG TC05_WishListNg:27 - Starting test: Add product to Wishlist
2025-05-20 12:40:37 DEBUG TC05_WishListNg:33 - Clicking My Account
2025-05-20 12:40:38 ERROR TC05_WishListNg:71 - Exception occurred during test execution
org.openqa.selenium.ElementClickInterceptedException: element click intercepted: Element is not clickable at point (817, -551)
  (Session info: chrome=136.0.7103.114)
Build info: version: '4.31.0', revision: '1ef9f18787*'
System info: os.name: 'Windows 11', os.arch: 'amd64', os.version: '10.0', java.version: '23.0.2'
Driver info: org.openqa.selenium.remote.RemoteWebDriver
Command: [14742f8345c4f962889f4a67cecab746, clickElement {id=f.D000A330EAFA9614B969B8D5C5A459D6.d.D9CBB03AD27CEC55F24A2CDE950313EF.e.117}]
Capabilities {acceptInsecureCerts: false, browserName: chrome, browserVersion: 136.0.7103.114, chrome: {chromedriverVersion: 136.0.7103.94 (fa0be0b33deb..., userDataDir: C:\Users\malli\AppData\Loca...}, fedcm:accounts: true, goog:chromeOptions: {debuggerAddress: localhost:52603}, networkConnectionEnabled: false, pageLoadStrategy: normal, platformName: Windows 11, proxy: Proxy(), se:bidiEnabled: false, se:cdp: ws://192.168.1.204:4444/ses..., se:cdpVersion: 136.0.7103.114, setWindowRect: true, strictFileInteractability: false, timeouts: {implicit: 0, pageLoad: 300000, script: 30000}, unhandledPromptBehavior: dismiss and notify, webauthn:extension:credBlob: true, webauthn:extension:largeBlob: true, webauthn:extension:minPinLength: true, webauthn:extension:prf: true, webauthn:virtualAuthenticators: true}
Element: [[RemoteWebDriver: chrome on Windows 11 (14742f8345c4f962889f4a67cecab746)] -> xpath: //i[@class='fa-solid fa-user']]
Session ID: 14742f8345c4f962889f4a67cecab746
	at java.base/jdk.internal.reflect.DirectConstructorHandleAccessor.newInstance(DirectConstructorHandleAccessor.java:62) ~[?:?]
	at java.base/java.lang.reflect.Constructor.newInstanceWithCaller(Constructor.java:501) ~[?:?]
	at java.base/java.lang.reflect.Constructor.newInstance(Constructor.java:485) ~[?:?]
	at org.openqa.selenium.remote.ErrorCodec.decode(ErrorCodec.java:167) ~[selenium-remote-driver-4.31.0.jar:?]
	at org.openqa.selenium.remote.codec.w3c.W3CHttpResponseCodec.decode(W3CHttpResponseCodec.java:138) ~[selenium-remote-driver-4.31.0.jar:?]
	at org.openqa.selenium.remote.codec.w3c.W3CHttpResponseCodec.decode(W3CHttpResponseCodec.java:50) ~[selenium-remote-driver-4.31.0.jar:?]
	at org.openqa.selenium.remote.HttpCommandExecutor.execute(HttpCommandExecutor.java:215) ~[selenium-remote-driver-4.31.0.jar:?]
	at org.openqa.selenium.remote.TracedCommandExecutor.execute(TracedCommandExecutor.java:53) ~[selenium-remote-driver-4.31.0.jar:?]
	at org.openqa.selenium.remote.RemoteWebDriver.execute(RemoteWebDriver.java:545) ~[selenium-remote-driver-4.31.0.jar:?]
	at org.openqa.selenium.remote.RemoteWebElement.execute(RemoteWebElement.java:223) ~[selenium-remote-driver-4.31.0.jar:?]
	at org.openqa.selenium.remote.RemoteWebElement.click(RemoteWebElement.java:76) ~[selenium-remote-driver-4.31.0.jar:?]
	at java.base/jdk.internal.reflect.DirectMethodHandleAccessor.invoke(DirectMethodHandleAccessor.java:103) ~[?:?]
	at java.base/java.lang.reflect.Method.invoke(Method.java:580) ~[?:?]
	at org.openqa.selenium.support.pagefactory.internal.LocatingElementHandler.invoke(LocatingElementHandler.java:51) ~[selenium-support-4.31.0.jar:?]
	at jdk.proxy2/jdk.proxy2.$Proxy29.click(Unknown Source) ~[?:?]
	at pageObjects.HomePage.clickMyAccount(HomePage.java:53) ~[test-classes/:?]
	at testCases.TC05_WishListNg.testAddToWishList(TC05_WishListNg.java:34) ~[test-classes/:?]
	at java.base/jdk.internal.reflect.DirectMethodHandleAccessor.invoke(DirectMethodHandleAccessor.java:103) ~[?:?]
	at java.base/java.lang.reflect.Method.invoke(Method.java:580) ~[?:?]
	at org.testng.internal.invokers.MethodInvocationHelper.invokeMethod(MethodInvocationHelper.java:141) ~[testng-7.11.0.jar:7.11.0]
	at org.testng.internal.invokers.TestInvoker.invokeMethod(TestInvoker.java:687) ~[testng-7.11.0.jar:7.11.0]
	at org.testng.internal.invokers.TestInvoker.retryFailed(TestInvoker.java:269) ~[testng-7.11.0.jar:7.11.0]
	at org.testng.internal.invokers.MethodRunner.runInSequence(MethodRunner.java:76) ~[testng-7.11.0.jar:7.11.0]
	at org.testng.internal.invokers.TestInvoker$MethodInvocationAgent.invoke(TestInvoker.java:995) ~[testng-7.11.0.jar:7.11.0]
	at org.testng.internal.invokers.TestInvoker.invokeTestMethods(TestInvoker.java:203) ~[testng-7.11.0.jar:7.11.0]
	at org.testng.internal.invokers.TestMethodWorker.invokeTestMethods(TestMethodWorker.java:154) ~[testng-7.11.0.jar:7.11.0]
	at org.testng.internal.invokers.TestMethodWorker.run(TestMethodWorker.java:134) ~[testng-7.11.0.jar:7.11.0]
	at java.base/java.util.ArrayList.forEach(ArrayList.java:1597) ~[?:?]
	at org.testng.TestRunner.privateRun(TestRunner.java:741) ~[testng-7.11.0.jar:7.11.0]
	at org.testng.TestRunner.run(TestRunner.java:616) ~[testng-7.11.0.jar:7.11.0]
	at org.testng.SuiteRunner.runTest(SuiteRunner.java:421) ~[testng-7.11.0.jar:7.11.0]
	at org.testng.SuiteRunner$SuiteWorker.run(SuiteRunner.java:463) ~[testng-7.11.0.jar:7.11.0]
	at org.testng.internal.thread.ThreadUtil.lambda$execute$0(ThreadUtil.java:64) ~[testng-7.11.0.jar:7.11.0]
	at java.base/java.util.concurrent.FutureTask.run(FutureTask.java:317) ~[?:?]
	at java.base/java.util.concurrent.ThreadPoolExecutor.runWorker(ThreadPoolExecutor.java:1144) ~[?:?]
	at java.base/java.util.concurrent.ThreadPoolExecutor$Worker.run(ThreadPoolExecutor.java:642) ~[?:?]
	at java.base/java.lang.Thread.run(Thread.java:1575) [?:?]
2025-05-20 12:40:38 WARN  RetryAnalyzer:16 - Retrying test 'testAddToWishList' (2 of 2)
2025-05-20 12:40:38 DEBUG TC05_WishListNg:27 - Starting test: Add product to Wishlist
2025-05-20 12:40:38 DEBUG TC05_WishListNg:33 - Clicking My Account
2025-05-20 12:40:38 ERROR TC05_WishListNg:71 - Exception occurred during test execution
org.openqa.selenium.NoSuchElementException: no such element: Unable to locate element: {"method":"xpath","selector":"//div[@class='alert alert-success alert-dismissible']"}
  (Session info: MicrosoftEdge=136.0.3240.76)
For documentation on this error, please visit: https://www.selenium.dev/documentation/webdriver/troubleshooting/errors#no-such-element-exception
Build info: version: '4.31.0', revision: '1ef9f18787*'
System info: os.name: 'Windows 11', os.arch: 'amd64', os.version: '10.0', java.version: '23.0.2'
Driver info: org.openqa.selenium.remote.RemoteWebDriver
Command: [010f1df095d27b332045fa365147c374, findElement {using=xpath, value=//div[@class='alert alert-success alert-dismissible']}]
Capabilities {acceptInsecureCerts: false, browserName: MicrosoftEdge, browserVersion: 136.0.3240.76, fedcm:accounts: true, ms:edgeOptions: {debuggerAddress: localhost:52686}, msedge: {msedgedriverVersion: 136.0.3240.76 (77e9ec69748f..., userDataDir: C:\Users\malli\AppData\Loca...}, networkConnectionEnabled: false, pageLoadStrategy: normal, platformName: Windows 11, proxy: Proxy(), se:bidiEnabled: false, se:cdp: ws://192.168.1.204:4444/ses..., se:cdpVersion: 136.0.3240.76, setWindowRect: true, strictFileInteractability: false, timeouts: {implicit: 0, pageLoad: 300000, script: 30000}, unhandledPromptBehavior: dismiss and notify, webauthn:extension:credBlob: true, webauthn:extension:largeBlob: true, webauthn:extension:minPinLength: true, webauthn:extension:prf: true, webauthn:virtualAuthenticators: true}
Session ID: 010f1df095d27b332045fa365147c374
	at java.base/jdk.internal.reflect.DirectConstructorHandleAccessor.newInstance(DirectConstructorHandleAccessor.java:62) ~[?:?]
	at java.base/java.lang.reflect.Constructor.newInstanceWithCaller(Constructor.java:501) ~[?:?]
	at java.base/java.lang.reflect.Constructor.newInstance(Constructor.java:485) ~[?:?]
	at org.openqa.selenium.remote.ErrorCodec.decode(ErrorCodec.java:167) ~[selenium-remote-driver-4.31.0.jar:?]
	at org.openqa.selenium.remote.codec.w3c.W3CHttpResponseCodec.decode(W3CHttpResponseCodec.java:138) ~[selenium-remote-driver-4.31.0.jar:?]
	at org.openqa.selenium.remote.codec.w3c.W3CHttpResponseCodec.decode(W3CHttpResponseCodec.java:50) ~[selenium-remote-driver-4.31.0.jar:?]
	at org.openqa.selenium.remote.HttpCommandExecutor.execute(HttpCommandExecutor.java:215) ~[selenium-remote-driver-4.31.0.jar:?]
	at org.openqa.selenium.remote.TracedCommandExecutor.execute(TracedCommandExecutor.java:53) ~[selenium-remote-driver-4.31.0.jar:?]
	at org.openqa.selenium.remote.RemoteWebDriver.execute(RemoteWebDriver.java:545) ~[selenium-remote-driver-4.31.0.jar:?]
	at org.openqa.selenium.remote.ElementLocation$ElementFinder$2.findElement(ElementLocation.java:165) ~[selenium-remote-driver-4.31.0.jar:?]
	at org.openqa.selenium.remote.ElementLocation.findElement(ElementLocation.java:59) ~[selenium-remote-driver-4.31.0.jar:?]
	at org.openqa.selenium.remote.RemoteWebDriver.findElement(RemoteWebDriver.java:368) ~[selenium-remote-driver-4.31.0.jar:?]
	at org.openqa.selenium.remote.RemoteWebDriver.findElement(RemoteWebDriver.java:362) ~[selenium-remote-driver-4.31.0.jar:?]
	at org.openqa.selenium.support.pagefactory.DefaultElementLocator.findElement(DefaultElementLocator.java:68) ~[selenium-support-4.31.0.jar:?]
	at org.openqa.selenium.support.pagefactory.internal.LocatingElementHandler.invoke(LocatingElementHandler.java:38) ~[selenium-support-4.31.0.jar:?]
	at jdk.proxy2/jdk.proxy2.$Proxy29.getText(Unknown Source) ~[?:?]
	at testCases.TC05_WishListNg.testAddToWishList(TC05_WishListNg.java:58) ~[test-classes/:?]
	at java.base/jdk.internal.reflect.DirectMethodHandleAccessor.invoke(DirectMethodHandleAccessor.java:103) ~[?:?]
	at java.base/java.lang.reflect.Method.invoke(Method.java:580) ~[?:?]
	at org.testng.internal.invokers.MethodInvocationHelper.invokeMethod(MethodInvocationHelper.java:141) ~[testng-7.11.0.jar:7.11.0]
	at org.testng.internal.invokers.TestInvoker.invokeMethod(TestInvoker.java:687) ~[testng-7.11.0.jar:7.11.0]
	at org.testng.internal.invokers.TestInvoker.invokeTestMethod(TestInvoker.java:230) ~[testng-7.11.0.jar:7.11.0]
	at org.testng.internal.invokers.MethodRunner.runInSequence(MethodRunner.java:63) ~[testng-7.11.0.jar:7.11.0]
	at org.testng.internal.invokers.TestInvoker$MethodInvocationAgent.invoke(TestInvoker.java:995) ~[testng-7.11.0.jar:7.11.0]
	at org.testng.internal.invokers.TestInvoker.invokeTestMethods(TestInvoker.java:203) ~[testng-7.11.0.jar:7.11.0]
	at org.testng.internal.invokers.TestMethodWorker.invokeTestMethods(TestMethodWorker.java:154) ~[testng-7.11.0.jar:7.11.0]
	at org.testng.internal.invokers.TestMethodWorker.run(TestMethodWorker.java:134) ~[testng-7.11.0.jar:7.11.0]
	at java.base/java.util.ArrayList.forEach(ArrayList.java:1597) ~[?:?]
	at org.testng.TestRunner.privateRun(TestRunner.java:741) ~[testng-7.11.0.jar:7.11.0]
	at org.testng.TestRunner.run(TestRunner.java:616) ~[testng-7.11.0.jar:7.11.0]
	at org.testng.SuiteRunner.runTest(SuiteRunner.java:421) ~[testng-7.11.0.jar:7.11.0]
	at org.testng.SuiteRunner$SuiteWorker.run(SuiteRunner.java:463) ~[testng-7.11.0.jar:7.11.0]
	at org.testng.internal.thread.ThreadUtil.lambda$execute$0(ThreadUtil.java:64) ~[testng-7.11.0.jar:7.11.0]
	at java.base/java.util.concurrent.FutureTask.run(FutureTask.java:317) ~[?:?]
	at java.base/java.util.concurrent.ThreadPoolExecutor.runWorker(ThreadPoolExecutor.java:1144) ~[?:?]
	at java.base/java.util.concurrent.ThreadPoolExecutor$Worker.run(ThreadPoolExecutor.java:642) ~[?:?]
	at java.base/java.lang.Thread.run(Thread.java:1575) [?:?]
2025-05-20 12:40:38 WARN  RetryAnalyzer:16 - Retrying test 'testAddToWishList' (1 of 2)
2025-05-20 12:40:38 DEBUG TC05_WishListNg:27 - Starting test: Add product to Wishlist
2025-05-20 12:40:38 DEBUG TC05_WishListNg:33 - Clicking My Account
2025-05-20 12:40:39 ERROR TC05_WishListNg:71 - Exception occurred during test execution
org.openqa.selenium.ElementClickInterceptedException: element click intercepted: Element is not clickable at point (817, -547)
  (Session info: chrome=136.0.7103.114)
Build info: version: '4.31.0', revision: '1ef9f18787*'
System info: os.name: 'Windows 11', os.arch: 'amd64', os.version: '10.0', java.version: '23.0.2'
Driver info: org.openqa.selenium.remote.RemoteWebDriver
Command: [14742f8345c4f962889f4a67cecab746, clickElement {id=f.D000A330EAFA9614B969B8D5C5A459D6.d.D9CBB03AD27CEC55F24A2CDE950313EF.e.117}]
Capabilities {acceptInsecureCerts: false, browserName: chrome, browserVersion: 136.0.7103.114, chrome: {chromedriverVersion: 136.0.7103.94 (fa0be0b33deb..., userDataDir: C:\Users\malli\AppData\Loca...}, fedcm:accounts: true, goog:chromeOptions: {debuggerAddress: localhost:52603}, networkConnectionEnabled: false, pageLoadStrategy: normal, platformName: Windows 11, proxy: Proxy(), se:bidiEnabled: false, se:cdp: ws://192.168.1.204:4444/ses..., se:cdpVersion: 136.0.7103.114, setWindowRect: true, strictFileInteractability: false, timeouts: {implicit: 0, pageLoad: 300000, script: 30000}, unhandledPromptBehavior: dismiss and notify, webauthn:extension:credBlob: true, webauthn:extension:largeBlob: true, webauthn:extension:minPinLength: true, webauthn:extension:prf: true, webauthn:virtualAuthenticators: true}
Element: [[RemoteWebDriver: chrome on Windows 11 (14742f8345c4f962889f4a67cecab746)] -> xpath: //i[@class='fa-solid fa-user']]
Session ID: 14742f8345c4f962889f4a67cecab746
	at java.base/jdk.internal.reflect.DirectConstructorHandleAccessor.newInstance(DirectConstructorHandleAccessor.java:62) ~[?:?]
	at java.base/java.lang.reflect.Constructor.newInstanceWithCaller(Constructor.java:501) ~[?:?]
	at java.base/java.lang.reflect.Constructor.newInstance(Constructor.java:485) ~[?:?]
	at org.openqa.selenium.remote.ErrorCodec.decode(ErrorCodec.java:167) ~[selenium-remote-driver-4.31.0.jar:?]
	at org.openqa.selenium.remote.codec.w3c.W3CHttpResponseCodec.decode(W3CHttpResponseCodec.java:138) ~[selenium-remote-driver-4.31.0.jar:?]
	at org.openqa.selenium.remote.codec.w3c.W3CHttpResponseCodec.decode(W3CHttpResponseCodec.java:50) ~[selenium-remote-driver-4.31.0.jar:?]
	at org.openqa.selenium.remote.HttpCommandExecutor.execute(HttpCommandExecutor.java:215) ~[selenium-remote-driver-4.31.0.jar:?]
	at org.openqa.selenium.remote.TracedCommandExecutor.execute(TracedCommandExecutor.java:53) ~[selenium-remote-driver-4.31.0.jar:?]
	at org.openqa.selenium.remote.RemoteWebDriver.execute(RemoteWebDriver.java:545) ~[selenium-remote-driver-4.31.0.jar:?]
	at org.openqa.selenium.remote.RemoteWebElement.execute(RemoteWebElement.java:223) ~[selenium-remote-driver-4.31.0.jar:?]
	at org.openqa.selenium.remote.RemoteWebElement.click(RemoteWebElement.java:76) ~[selenium-remote-driver-4.31.0.jar:?]
	at java.base/jdk.internal.reflect.DirectMethodHandleAccessor.invoke(DirectMethodHandleAccessor.java:103) ~[?:?]
	at java.base/java.lang.reflect.Method.invoke(Method.java:580) ~[?:?]
	at org.openqa.selenium.support.pagefactory.internal.LocatingElementHandler.invoke(LocatingElementHandler.java:51) ~[selenium-support-4.31.0.jar:?]
	at jdk.proxy2/jdk.proxy2.$Proxy29.click(Unknown Source) ~[?:?]
	at pageObjects.HomePage.clickMyAccount(HomePage.java:53) ~[test-classes/:?]
	at testCases.TC05_WishListNg.testAddToWishList(TC05_WishListNg.java:34) ~[test-classes/:?]
	at java.base/jdk.internal.reflect.DirectMethodHandleAccessor.invoke(DirectMethodHandleAccessor.java:103) ~[?:?]
	at java.base/java.lang.reflect.Method.invoke(Method.java:580) ~[?:?]
	at org.testng.internal.invokers.MethodInvocationHelper.invokeMethod(MethodInvocationHelper.java:141) ~[testng-7.11.0.jar:7.11.0]
	at org.testng.internal.invokers.TestInvoker.invokeMethod(TestInvoker.java:687) ~[testng-7.11.0.jar:7.11.0]
	at org.testng.internal.invokers.TestInvoker.retryFailed(TestInvoker.java:269) ~[testng-7.11.0.jar:7.11.0]
	at org.testng.internal.invokers.MethodRunner.runInSequence(MethodRunner.java:76) ~[testng-7.11.0.jar:7.11.0]
	at org.testng.internal.invokers.TestInvoker$MethodInvocationAgent.invoke(TestInvoker.java:995) ~[testng-7.11.0.jar:7.11.0]
	at org.testng.internal.invokers.TestInvoker.invokeTestMethods(TestInvoker.java:203) ~[testng-7.11.0.jar:7.11.0]
	at org.testng.internal.invokers.TestMethodWorker.invokeTestMethods(TestMethodWorker.java:154) ~[testng-7.11.0.jar:7.11.0]
	at org.testng.internal.invokers.TestMethodWorker.run(TestMethodWorker.java:134) ~[testng-7.11.0.jar:7.11.0]
	at java.base/java.util.ArrayList.forEach(ArrayList.java:1597) ~[?:?]
	at org.testng.TestRunner.privateRun(TestRunner.java:741) ~[testng-7.11.0.jar:7.11.0]
	at org.testng.TestRunner.run(TestRunner.java:616) ~[testng-7.11.0.jar:7.11.0]
	at org.testng.SuiteRunner.runTest(SuiteRunner.java:421) ~[testng-7.11.0.jar:7.11.0]
	at org.testng.SuiteRunner$SuiteWorker.run(SuiteRunner.java:463) ~[testng-7.11.0.jar:7.11.0]
	at org.testng.internal.thread.ThreadUtil.lambda$execute$0(ThreadUtil.java:64) ~[testng-7.11.0.jar:7.11.0]
	at java.base/java.util.concurrent.FutureTask.run(FutureTask.java:317) ~[?:?]
	at java.base/java.util.concurrent.ThreadPoolExecutor.runWorker(ThreadPoolExecutor.java:1144) ~[?:?]
	at java.base/java.util.concurrent.ThreadPoolExecutor$Worker.run(ThreadPoolExecutor.java:642) ~[?:?]
	at java.base/java.lang.Thread.run(Thread.java:1575) [?:?]
2025-05-20 12:40:39 INFO  BaseClass:156 - Screenshot captured: C:\Users\malli\eclipse-workspace2\April2025\NinjaV6\screenshots\testAddToWishList_20250520124039.png
2025-05-20 12:40:39 ERROR TC05_WishListNg:71 - Exception occurred during test execution
org.openqa.selenium.ElementClickInterceptedException: element click intercepted: Element is not clickable at point (813, -547)
  (Session info: MicrosoftEdge=136.0.3240.76)
Build info: version: '4.31.0', revision: '1ef9f18787*'
System info: os.name: 'Windows 11', os.arch: 'amd64', os.version: '10.0', java.version: '23.0.2'
Driver info: org.openqa.selenium.remote.RemoteWebDriver
Command: [010f1df095d27b332045fa365147c374, clickElement {id=f.FD0FCA60697D18209BED9B57189FD373.d.1FB08A0D0008399529D663D83543B1F4.e.103}]
Capabilities {acceptInsecureCerts: false, browserName: MicrosoftEdge, browserVersion: 136.0.3240.76, fedcm:accounts: true, ms:edgeOptions: {debuggerAddress: localhost:52686}, msedge: {msedgedriverVersion: 136.0.3240.76 (77e9ec69748f..., userDataDir: C:\Users\malli\AppData\Loca...}, networkConnectionEnabled: false, pageLoadStrategy: normal, platformName: Windows 11, proxy: Proxy(), se:bidiEnabled: false, se:cdp: ws://192.168.1.204:4444/ses..., se:cdpVersion: 136.0.3240.76, setWindowRect: true, strictFileInteractability: false, timeouts: {implicit: 0, pageLoad: 300000, script: 30000}, unhandledPromptBehavior: dismiss and notify, webauthn:extension:credBlob: true, webauthn:extension:largeBlob: true, webauthn:extension:minPinLength: true, webauthn:extension:prf: true, webauthn:virtualAuthenticators: true}
Element: [[RemoteWebDriver: MicrosoftEdge on Windows 11 (010f1df095d27b332045fa365147c374)] -> xpath: //i[@class='fa-solid fa-user']]
Session ID: 010f1df095d27b332045fa365147c374
	at java.base/jdk.internal.reflect.DirectConstructorHandleAccessor.newInstance(DirectConstructorHandleAccessor.java:62) ~[?:?]
	at java.base/java.lang.reflect.Constructor.newInstanceWithCaller(Constructor.java:501) ~[?:?]
	at java.base/java.lang.reflect.Constructor.newInstance(Constructor.java:485) ~[?:?]
	at org.openqa.selenium.remote.ErrorCodec.decode(ErrorCodec.java:167) ~[selenium-remote-driver-4.31.0.jar:?]
	at org.openqa.selenium.remote.codec.w3c.W3CHttpResponseCodec.decode(W3CHttpResponseCodec.java:138) ~[selenium-remote-driver-4.31.0.jar:?]
	at org.openqa.selenium.remote.codec.w3c.W3CHttpResponseCodec.decode(W3CHttpResponseCodec.java:50) ~[selenium-remote-driver-4.31.0.jar:?]
	at org.openqa.selenium.remote.HttpCommandExecutor.execute(HttpCommandExecutor.java:215) ~[selenium-remote-driver-4.31.0.jar:?]
	at org.openqa.selenium.remote.TracedCommandExecutor.execute(TracedCommandExecutor.java:53) ~[selenium-remote-driver-4.31.0.jar:?]
	at org.openqa.selenium.remote.RemoteWebDriver.execute(RemoteWebDriver.java:545) ~[selenium-remote-driver-4.31.0.jar:?]
	at org.openqa.selenium.remote.RemoteWebElement.execute(RemoteWebElement.java:223) ~[selenium-remote-driver-4.31.0.jar:?]
	at org.openqa.selenium.remote.RemoteWebElement.click(RemoteWebElement.java:76) ~[selenium-remote-driver-4.31.0.jar:?]
	at java.base/jdk.internal.reflect.DirectMethodHandleAccessor.invoke(DirectMethodHandleAccessor.java:103) ~[?:?]
	at java.base/java.lang.reflect.Method.invoke(Method.java:580) ~[?:?]
	at org.openqa.selenium.support.pagefactory.internal.LocatingElementHandler.invoke(LocatingElementHandler.java:51) ~[selenium-support-4.31.0.jar:?]
	at jdk.proxy2/jdk.proxy2.$Proxy29.click(Unknown Source) ~[?:?]
	at pageObjects.HomePage.clickMyAccount(HomePage.java:53) ~[test-classes/:?]
	at testCases.TC05_WishListNg.testAddToWishList(TC05_WishListNg.java:34) ~[test-classes/:?]
	at java.base/jdk.internal.reflect.DirectMethodHandleAccessor.invoke(DirectMethodHandleAccessor.java:103) ~[?:?]
	at java.base/java.lang.reflect.Method.invoke(Method.java:580) ~[?:?]
	at org.testng.internal.invokers.MethodInvocationHelper.invokeMethod(MethodInvocationHelper.java:141) ~[testng-7.11.0.jar:7.11.0]
	at org.testng.internal.invokers.TestInvoker.invokeMethod(TestInvoker.java:687) ~[testng-7.11.0.jar:7.11.0]
	at org.testng.internal.invokers.TestInvoker.retryFailed(TestInvoker.java:269) ~[testng-7.11.0.jar:7.11.0]
	at org.testng.internal.invokers.MethodRunner.runInSequence(MethodRunner.java:76) ~[testng-7.11.0.jar:7.11.0]
	at org.testng.internal.invokers.TestInvoker$MethodInvocationAgent.invoke(TestInvoker.java:995) ~[testng-7.11.0.jar:7.11.0]
	at org.testng.internal.invokers.TestInvoker.invokeTestMethods(TestInvoker.java:203) ~[testng-7.11.0.jar:7.11.0]
	at org.testng.internal.invokers.TestMethodWorker.invokeTestMethods(TestMethodWorker.java:154) ~[testng-7.11.0.jar:7.11.0]
	at org.testng.internal.invokers.TestMethodWorker.run(TestMethodWorker.java:134) ~[testng-7.11.0.jar:7.11.0]
	at java.base/java.util.ArrayList.forEach(ArrayList.java:1597) ~[?:?]
	at org.testng.TestRunner.privateRun(TestRunner.java:741) ~[testng-7.11.0.jar:7.11.0]
	at org.testng.TestRunner.run(TestRunner.java:616) ~[testng-7.11.0.jar:7.11.0]
	at org.testng.SuiteRunner.runTest(SuiteRunner.java:421) ~[testng-7.11.0.jar:7.11.0]
	at org.testng.SuiteRunner$SuiteWorker.run(SuiteRunner.java:463) ~[testng-7.11.0.jar:7.11.0]
	at org.testng.internal.thread.ThreadUtil.lambda$execute$0(ThreadUtil.java:64) ~[testng-7.11.0.jar:7.11.0]
	at java.base/java.util.concurrent.FutureTask.run(FutureTask.java:317) ~[?:?]
	at java.base/java.util.concurrent.ThreadPoolExecutor.runWorker(ThreadPoolExecutor.java:1144) ~[?:?]
	at java.base/java.util.concurrent.ThreadPoolExecutor$Worker.run(ThreadPoolExecutor.java:642) ~[?:?]
	at java.base/java.lang.Thread.run(Thread.java:1575) [?:?]
2025-05-20 12:40:39 WARN  RetryAnalyzer:16 - Retrying test 'testAddToWishList' (2 of 2)
2025-05-20 12:40:39 DEBUG TC05_WishListNg:27 - Starting test: Add product to Wishlist
2025-05-20 12:40:39 DEBUG TC05_WishListNg:33 - Clicking My Account
2025-05-20 12:40:39 INFO  BaseClass:141 - Browser session closed successfully
2025-05-20 12:40:39 INFO  BaseClass:45 - Starting test execution with OS: windows and Browser: chrome
2025-05-20 12:40:39 DEBUG BaseClass:49 - Attempting to load config.properties file
2025-05-20 12:40:39 DEBUG BaseClass:53 - Successfully loaded properties file
2025-05-20 12:40:39 INFO  BaseClass:73 - Initializing browser: chrome
2025-05-20 12:40:39 DEBUG BaseClass:76 - Setting up Chrome browser
2025-05-20 12:40:40 ERROR TC05_WishListNg:71 - Exception occurred during test execution
org.openqa.selenium.ElementClickInterceptedException: element click intercepted: Element is not clickable at point (813, -538)
  (Session info: MicrosoftEdge=136.0.3240.76)
Build info: version: '4.31.0', revision: '1ef9f18787*'
System info: os.name: 'Windows 11', os.arch: 'amd64', os.version: '10.0', java.version: '23.0.2'
Driver info: org.openqa.selenium.remote.RemoteWebDriver
Command: [010f1df095d27b332045fa365147c374, clickElement {id=f.FD0FCA60697D18209BED9B57189FD373.d.1FB08A0D0008399529D663D83543B1F4.e.103}]
Capabilities {acceptInsecureCerts: false, browserName: MicrosoftEdge, browserVersion: 136.0.3240.76, fedcm:accounts: true, ms:edgeOptions: {debuggerAddress: localhost:52686}, msedge: {msedgedriverVersion: 136.0.3240.76 (77e9ec69748f..., userDataDir: C:\Users\malli\AppData\Loca...}, networkConnectionEnabled: false, pageLoadStrategy: normal, platformName: Windows 11, proxy: Proxy(), se:bidiEnabled: false, se:cdp: ws://192.168.1.204:4444/ses..., se:cdpVersion: 136.0.3240.76, setWindowRect: true, strictFileInteractability: false, timeouts: {implicit: 0, pageLoad: 300000, script: 30000}, unhandledPromptBehavior: dismiss and notify, webauthn:extension:credBlob: true, webauthn:extension:largeBlob: true, webauthn:extension:minPinLength: true, webauthn:extension:prf: true, webauthn:virtualAuthenticators: true}
Element: [[RemoteWebDriver: MicrosoftEdge on Windows 11 (010f1df095d27b332045fa365147c374)] -> xpath: //i[@class='fa-solid fa-user']]
Session ID: 010f1df095d27b332045fa365147c374
	at java.base/jdk.internal.reflect.DirectConstructorHandleAccessor.newInstance(DirectConstructorHandleAccessor.java:62) ~[?:?]
	at java.base/java.lang.reflect.Constructor.newInstanceWithCaller(Constructor.java:501) ~[?:?]
	at java.base/java.lang.reflect.Constructor.newInstance(Constructor.java:485) ~[?:?]
	at org.openqa.selenium.remote.ErrorCodec.decode(ErrorCodec.java:167) ~[selenium-remote-driver-4.31.0.jar:?]
	at org.openqa.selenium.remote.codec.w3c.W3CHttpResponseCodec.decode(W3CHttpResponseCodec.java:138) ~[selenium-remote-driver-4.31.0.jar:?]
	at org.openqa.selenium.remote.codec.w3c.W3CHttpResponseCodec.decode(W3CHttpResponseCodec.java:50) ~[selenium-remote-driver-4.31.0.jar:?]
	at org.openqa.selenium.remote.HttpCommandExecutor.execute(HttpCommandExecutor.java:215) ~[selenium-remote-driver-4.31.0.jar:?]
	at org.openqa.selenium.remote.TracedCommandExecutor.execute(TracedCommandExecutor.java:53) ~[selenium-remote-driver-4.31.0.jar:?]
	at org.openqa.selenium.remote.RemoteWebDriver.execute(RemoteWebDriver.java:545) ~[selenium-remote-driver-4.31.0.jar:?]
	at org.openqa.selenium.remote.RemoteWebElement.execute(RemoteWebElement.java:223) ~[selenium-remote-driver-4.31.0.jar:?]
	at org.openqa.selenium.remote.RemoteWebElement.click(RemoteWebElement.java:76) ~[selenium-remote-driver-4.31.0.jar:?]
	at java.base/jdk.internal.reflect.DirectMethodHandleAccessor.invoke(DirectMethodHandleAccessor.java:103) ~[?:?]
	at java.base/java.lang.reflect.Method.invoke(Method.java:580) ~[?:?]
	at org.openqa.selenium.support.pagefactory.internal.LocatingElementHandler.invoke(LocatingElementHandler.java:51) ~[selenium-support-4.31.0.jar:?]
	at jdk.proxy2/jdk.proxy2.$Proxy29.click(Unknown Source) ~[?:?]
	at pageObjects.HomePage.clickMyAccount(HomePage.java:53) ~[test-classes/:?]
	at testCases.TC05_WishListNg.testAddToWishList(TC05_WishListNg.java:34) ~[test-classes/:?]
	at java.base/jdk.internal.reflect.DirectMethodHandleAccessor.invoke(DirectMethodHandleAccessor.java:103) ~[?:?]
	at java.base/java.lang.reflect.Method.invoke(Method.java:580) ~[?:?]
	at org.testng.internal.invokers.MethodInvocationHelper.invokeMethod(MethodInvocationHelper.java:141) ~[testng-7.11.0.jar:7.11.0]
	at org.testng.internal.invokers.TestInvoker.invokeMethod(TestInvoker.java:687) ~[testng-7.11.0.jar:7.11.0]
	at org.testng.internal.invokers.TestInvoker.retryFailed(TestInvoker.java:269) ~[testng-7.11.0.jar:7.11.0]
	at org.testng.internal.invokers.MethodRunner.runInSequence(MethodRunner.java:76) ~[testng-7.11.0.jar:7.11.0]
	at org.testng.internal.invokers.TestInvoker$MethodInvocationAgent.invoke(TestInvoker.java:995) ~[testng-7.11.0.jar:7.11.0]
	at org.testng.internal.invokers.TestInvoker.invokeTestMethods(TestInvoker.java:203) ~[testng-7.11.0.jar:7.11.0]
	at org.testng.internal.invokers.TestMethodWorker.invokeTestMethods(TestMethodWorker.java:154) ~[testng-7.11.0.jar:7.11.0]
	at org.testng.internal.invokers.TestMethodWorker.run(TestMethodWorker.java:134) ~[testng-7.11.0.jar:7.11.0]
	at java.base/java.util.ArrayList.forEach(ArrayList.java:1597) ~[?:?]
	at org.testng.TestRunner.privateRun(TestRunner.java:741) ~[testng-7.11.0.jar:7.11.0]
	at org.testng.TestRunner.run(TestRunner.java:616) ~[testng-7.11.0.jar:7.11.0]
	at org.testng.SuiteRunner.runTest(SuiteRunner.java:421) ~[testng-7.11.0.jar:7.11.0]
	at org.testng.SuiteRunner$SuiteWorker.run(SuiteRunner.java:463) ~[testng-7.11.0.jar:7.11.0]
	at org.testng.internal.thread.ThreadUtil.lambda$execute$0(ThreadUtil.java:64) ~[testng-7.11.0.jar:7.11.0]
	at java.base/java.util.concurrent.FutureTask.run(FutureTask.java:317) ~[?:?]
	at java.base/java.util.concurrent.ThreadPoolExecutor.runWorker(ThreadPoolExecutor.java:1144) ~[?:?]
	at java.base/java.util.concurrent.ThreadPoolExecutor$Worker.run(ThreadPoolExecutor.java:642) ~[?:?]
	at java.base/java.lang.Thread.run(Thread.java:1575) [?:?]
2025-05-20 12:40:40 INFO  BaseClass:156 - Screenshot captured: C:\Users\malli\eclipse-workspace2\April2025\NinjaV6\screenshots\testAddToWishList_20250520124040.png
2025-05-20 12:40:40 DEBUG BaseClass:122 - Driver assigned to thread-local storage
2025-05-20 12:40:42 INFO  BaseClass:128 - Application launched successfully: https://cloudberrystore.services/
2025-05-20 12:40:42 DEBUG TC06_AddAffiliateNg:27 - Starting test: testAddAffiliate
2025-05-20 12:40:42 DEBUG TC06_AddAffiliateNg:30 - HomePage object created
2025-05-20 12:40:42 INFO  BaseClass:141 - Browser session closed successfully
2025-05-20 12:40:42 INFO  BaseClass:45 - Starting test execution with OS: windows and Browser: edge
2025-05-20 12:40:42 DEBUG BaseClass:49 - Attempting to load config.properties file
2025-05-20 12:40:42 DEBUG BaseClass:53 - Successfully loaded properties file
2025-05-20 12:40:42 INFO  BaseClass:73 - Initializing browser: edge
2025-05-20 12:40:42 DEBUG BaseClass:93 - Setting up Edge browser
2025-05-20 12:40:42 DEBUG TC06_AddAffiliateNg:33 - Waited for 500ms
2025-05-20 12:40:42 DEBUG TC06_AddAffiliateNg:36 - Clicked on My Account
2025-05-20 12:40:43 ERROR TC05_WishListNg:71 - Exception occurred during test execution
org.openqa.selenium.NoSuchElementException: Unable to locate element: //div[@class='alert alert-success alert-dismissible']
For documentation on this error, please visit: https://www.selenium.dev/documentation/webdriver/troubleshooting/errors#no-such-element-exception
Build info: version: '4.31.0', revision: '1ef9f18787*'
System info: os.name: 'Windows 11', os.arch: 'amd64', os.version: '10.0', java.version: '23.0.2'
Driver info: org.openqa.selenium.remote.RemoteWebDriver
Command: [1ecae128-4650-4282-9901-a224b876aebf, findElement {using=xpath, value=//div[@class='alert alert-success alert-dismissible']}]
Capabilities {acceptInsecureCerts: true, browserName: firefox, browserVersion: 138.0.4, moz:accessibilityChecks: false, moz:buildID: 20250517143237, moz:firefoxOptions: {binary: C:\Users\malli\.cache\selen..., prefs: {remote.active-protocols: 3}}, moz:geckodriverVersion: 0.36.0, moz:headless: false, moz:platformVersion: 10.0, moz:processID: 28816, moz:profile: C:\Users\malli\AppData\Loca..., moz:shutdownTimeout: 60000, moz:webdriverClick: true, moz:windowless: false, pageLoadStrategy: normal, platformName: Windows 11, proxy: Proxy(), se:bidiEnabled: false, se:cdpEnabled: false, setWindowRect: true, strictFileInteractability: false, timeouts: {implicit: 0, pageLoad: 300000, script: 30000}, unhandledPromptBehavior: dismiss and notify, userAgent: Mozilla/5.0 (Windows NT 10....}
Session ID: 1ecae128-4650-4282-9901-a224b876aebf
	at java.base/jdk.internal.reflect.DirectConstructorHandleAccessor.newInstance(DirectConstructorHandleAccessor.java:62) ~[?:?]
	at java.base/java.lang.reflect.Constructor.newInstanceWithCaller(Constructor.java:501) ~[?:?]
	at java.base/java.lang.reflect.Constructor.newInstance(Constructor.java:485) ~[?:?]
	at org.openqa.selenium.remote.ErrorCodec.decode(ErrorCodec.java:167) ~[selenium-remote-driver-4.31.0.jar:?]
	at org.openqa.selenium.remote.codec.w3c.W3CHttpResponseCodec.decode(W3CHttpResponseCodec.java:138) ~[selenium-remote-driver-4.31.0.jar:?]
	at org.openqa.selenium.remote.codec.w3c.W3CHttpResponseCodec.decode(W3CHttpResponseCodec.java:50) ~[selenium-remote-driver-4.31.0.jar:?]
	at org.openqa.selenium.remote.HttpCommandExecutor.execute(HttpCommandExecutor.java:215) ~[selenium-remote-driver-4.31.0.jar:?]
	at org.openqa.selenium.remote.TracedCommandExecutor.execute(TracedCommandExecutor.java:53) ~[selenium-remote-driver-4.31.0.jar:?]
	at org.openqa.selenium.remote.RemoteWebDriver.execute(RemoteWebDriver.java:545) ~[selenium-remote-driver-4.31.0.jar:?]
	at org.openqa.selenium.remote.ElementLocation$ElementFinder$2.findElement(ElementLocation.java:165) ~[selenium-remote-driver-4.31.0.jar:?]
	at org.openqa.selenium.remote.ElementLocation.findElement(ElementLocation.java:59) ~[selenium-remote-driver-4.31.0.jar:?]
	at org.openqa.selenium.remote.RemoteWebDriver.findElement(RemoteWebDriver.java:368) ~[selenium-remote-driver-4.31.0.jar:?]
	at org.openqa.selenium.remote.RemoteWebDriver.findElement(RemoteWebDriver.java:362) ~[selenium-remote-driver-4.31.0.jar:?]
	at org.openqa.selenium.support.pagefactory.DefaultElementLocator.findElement(DefaultElementLocator.java:68) ~[selenium-support-4.31.0.jar:?]
	at org.openqa.selenium.support.pagefactory.internal.LocatingElementHandler.invoke(LocatingElementHandler.java:38) ~[selenium-support-4.31.0.jar:?]
	at jdk.proxy2/jdk.proxy2.$Proxy29.getText(Unknown Source) ~[?:?]
	at testCases.TC05_WishListNg.testAddToWishList(TC05_WishListNg.java:58) ~[test-classes/:?]
	at java.base/jdk.internal.reflect.DirectMethodHandleAccessor.invoke(DirectMethodHandleAccessor.java:103) ~[?:?]
	at java.base/java.lang.reflect.Method.invoke(Method.java:580) ~[?:?]
	at org.testng.internal.invokers.MethodInvocationHelper.invokeMethod(MethodInvocationHelper.java:141) ~[testng-7.11.0.jar:7.11.0]
	at org.testng.internal.invokers.TestInvoker.invokeMethod(TestInvoker.java:687) ~[testng-7.11.0.jar:7.11.0]
	at org.testng.internal.invokers.TestInvoker.invokeTestMethod(TestInvoker.java:230) ~[testng-7.11.0.jar:7.11.0]
	at org.testng.internal.invokers.MethodRunner.runInSequence(MethodRunner.java:63) ~[testng-7.11.0.jar:7.11.0]
	at org.testng.internal.invokers.TestInvoker$MethodInvocationAgent.invoke(TestInvoker.java:995) ~[testng-7.11.0.jar:7.11.0]
	at org.testng.internal.invokers.TestInvoker.invokeTestMethods(TestInvoker.java:203) ~[testng-7.11.0.jar:7.11.0]
	at org.testng.internal.invokers.TestMethodWorker.invokeTestMethods(TestMethodWorker.java:154) ~[testng-7.11.0.jar:7.11.0]
	at org.testng.internal.invokers.TestMethodWorker.run(TestMethodWorker.java:134) ~[testng-7.11.0.jar:7.11.0]
	at java.base/java.util.ArrayList.forEach(ArrayList.java:1597) ~[?:?]
	at org.testng.TestRunner.privateRun(TestRunner.java:741) ~[testng-7.11.0.jar:7.11.0]
	at org.testng.TestRunner.run(TestRunner.java:616) ~[testng-7.11.0.jar:7.11.0]
	at org.testng.SuiteRunner.runTest(SuiteRunner.java:421) ~[testng-7.11.0.jar:7.11.0]
	at org.testng.SuiteRunner$SuiteWorker.run(SuiteRunner.java:463) ~[testng-7.11.0.jar:7.11.0]
	at org.testng.internal.thread.ThreadUtil.lambda$execute$0(ThreadUtil.java:64) ~[testng-7.11.0.jar:7.11.0]
	at java.base/java.util.concurrent.FutureTask.run(FutureTask.java:317) ~[?:?]
	at java.base/java.util.concurrent.ThreadPoolExecutor.runWorker(ThreadPoolExecutor.java:1144) ~[?:?]
	at java.base/java.util.concurrent.ThreadPoolExecutor$Worker.run(ThreadPoolExecutor.java:642) ~[?:?]
	at java.base/java.lang.Thread.run(Thread.java:1575) [?:?]
2025-05-20 12:40:43 WARN  RetryAnalyzer:16 - Retrying test 'testAddToWishList' (1 of 2)
2025-05-20 12:40:43 DEBUG TC05_WishListNg:27 - Starting test: Add product to Wishlist
2025-05-20 12:40:43 DEBUG TC05_WishListNg:33 - Clicking My Account
2025-05-20 12:40:43 ERROR TC05_WishListNg:71 - Exception occurred during test execution
org.openqa.selenium.ElementNotInteractableException: Element <i class="fa-solid fa-user"> could not be scrolled into view
Build info: version: '4.31.0', revision: '1ef9f18787*'
System info: os.name: 'Windows 11', os.arch: 'amd64', os.version: '10.0', java.version: '23.0.2'
Driver info: org.openqa.selenium.remote.RemoteWebDriver
Command: [1ecae128-4650-4282-9901-a224b876aebf, clickElement {id=a0fb13cd-2656-4a76-82e6-4df6a9e99c57}]
Capabilities {acceptInsecureCerts: true, browserName: firefox, browserVersion: 138.0.4, moz:accessibilityChecks: false, moz:buildID: 20250517143237, moz:firefoxOptions: {binary: C:\Users\malli\.cache\selen..., prefs: {remote.active-protocols: 3}}, moz:geckodriverVersion: 0.36.0, moz:headless: false, moz:platformVersion: 10.0, moz:processID: 28816, moz:profile: C:\Users\malli\AppData\Loca..., moz:shutdownTimeout: 60000, moz:webdriverClick: true, moz:windowless: false, pageLoadStrategy: normal, platformName: Windows 11, proxy: Proxy(), se:bidiEnabled: false, se:cdpEnabled: false, setWindowRect: true, strictFileInteractability: false, timeouts: {implicit: 0, pageLoad: 300000, script: 30000}, unhandledPromptBehavior: dismiss and notify, userAgent: Mozilla/5.0 (Windows NT 10....}
Element: [[RemoteWebDriver: firefox on Windows 11 (1ecae128-4650-4282-9901-a224b876aebf)] -> xpath: //i[@class='fa-solid fa-user']]
Session ID: 1ecae128-4650-4282-9901-a224b876aebf
	at java.base/jdk.internal.reflect.DirectConstructorHandleAccessor.newInstance(DirectConstructorHandleAccessor.java:62) ~[?:?]
	at java.base/java.lang.reflect.Constructor.newInstanceWithCaller(Constructor.java:501) ~[?:?]
	at java.base/java.lang.reflect.Constructor.newInstance(Constructor.java:485) ~[?:?]
	at org.openqa.selenium.remote.ErrorCodec.decode(ErrorCodec.java:167) ~[selenium-remote-driver-4.31.0.jar:?]
	at org.openqa.selenium.remote.codec.w3c.W3CHttpResponseCodec.decode(W3CHttpResponseCodec.java:138) ~[selenium-remote-driver-4.31.0.jar:?]
	at org.openqa.selenium.remote.codec.w3c.W3CHttpResponseCodec.decode(W3CHttpResponseCodec.java:50) ~[selenium-remote-driver-4.31.0.jar:?]
	at org.openqa.selenium.remote.HttpCommandExecutor.execute(HttpCommandExecutor.java:215) ~[selenium-remote-driver-4.31.0.jar:?]
	at org.openqa.selenium.remote.TracedCommandExecutor.execute(TracedCommandExecutor.java:53) ~[selenium-remote-driver-4.31.0.jar:?]
	at org.openqa.selenium.remote.RemoteWebDriver.execute(RemoteWebDriver.java:545) ~[selenium-remote-driver-4.31.0.jar:?]
	at org.openqa.selenium.remote.RemoteWebElement.execute(RemoteWebElement.java:223) ~[selenium-remote-driver-4.31.0.jar:?]
	at org.openqa.selenium.remote.RemoteWebElement.click(RemoteWebElement.java:76) ~[selenium-remote-driver-4.31.0.jar:?]
	at java.base/jdk.internal.reflect.DirectMethodHandleAccessor.invoke(DirectMethodHandleAccessor.java:103) ~[?:?]
	at java.base/java.lang.reflect.Method.invoke(Method.java:580) ~[?:?]
	at org.openqa.selenium.support.pagefactory.internal.LocatingElementHandler.invoke(LocatingElementHandler.java:51) ~[selenium-support-4.31.0.jar:?]
	at jdk.proxy2/jdk.proxy2.$Proxy29.click(Unknown Source) ~[?:?]
	at pageObjects.HomePage.clickMyAccount(HomePage.java:53) ~[test-classes/:?]
	at testCases.TC05_WishListNg.testAddToWishList(TC05_WishListNg.java:34) ~[test-classes/:?]
	at java.base/jdk.internal.reflect.DirectMethodHandleAccessor.invoke(DirectMethodHandleAccessor.java:103) ~[?:?]
	at java.base/java.lang.reflect.Method.invoke(Method.java:580) ~[?:?]
	at org.testng.internal.invokers.MethodInvocationHelper.invokeMethod(MethodInvocationHelper.java:141) ~[testng-7.11.0.jar:7.11.0]
	at org.testng.internal.invokers.TestInvoker.invokeMethod(TestInvoker.java:687) ~[testng-7.11.0.jar:7.11.0]
	at org.testng.internal.invokers.TestInvoker.retryFailed(TestInvoker.java:269) ~[testng-7.11.0.jar:7.11.0]
	at org.testng.internal.invokers.MethodRunner.runInSequence(MethodRunner.java:76) ~[testng-7.11.0.jar:7.11.0]
	at org.testng.internal.invokers.TestInvoker$MethodInvocationAgent.invoke(TestInvoker.java:995) ~[testng-7.11.0.jar:7.11.0]
	at org.testng.internal.invokers.TestInvoker.invokeTestMethods(TestInvoker.java:203) ~[testng-7.11.0.jar:7.11.0]
	at org.testng.internal.invokers.TestMethodWorker.invokeTestMethods(TestMethodWorker.java:154) ~[testng-7.11.0.jar:7.11.0]
	at org.testng.internal.invokers.TestMethodWorker.run(TestMethodWorker.java:134) ~[testng-7.11.0.jar:7.11.0]
	at java.base/java.util.ArrayList.forEach(ArrayList.java:1597) ~[?:?]
	at org.testng.TestRunner.privateRun(TestRunner.java:741) ~[testng-7.11.0.jar:7.11.0]
	at org.testng.TestRunner.run(TestRunner.java:616) ~[testng-7.11.0.jar:7.11.0]
	at org.testng.SuiteRunner.runTest(SuiteRunner.java:421) ~[testng-7.11.0.jar:7.11.0]
	at org.testng.SuiteRunner$SuiteWorker.run(SuiteRunner.java:463) ~[testng-7.11.0.jar:7.11.0]
	at org.testng.internal.thread.ThreadUtil.lambda$execute$0(ThreadUtil.java:64) ~[testng-7.11.0.jar:7.11.0]
	at java.base/java.util.concurrent.FutureTask.run(FutureTask.java:317) ~[?:?]
	at java.base/java.util.concurrent.ThreadPoolExecutor.runWorker(ThreadPoolExecutor.java:1144) ~[?:?]
	at java.base/java.util.concurrent.ThreadPoolExecutor$Worker.run(ThreadPoolExecutor.java:642) ~[?:?]
	at java.base/java.lang.Thread.run(Thread.java:1575) [?:?]
2025-05-20 12:40:43 WARN  RetryAnalyzer:16 - Retrying test 'testAddToWishList' (2 of 2)
2025-05-20 12:40:43 DEBUG TC05_WishListNg:27 - Starting test: Add product to Wishlist
2025-05-20 12:40:43 DEBUG TC05_WishListNg:33 - Clicking My Account
2025-05-20 12:40:43 ERROR TC05_WishListNg:71 - Exception occurred during test execution
org.openqa.selenium.ElementNotInteractableException: Element <i class="fa-solid fa-user"> could not be scrolled into view
Build info: version: '4.31.0', revision: '1ef9f18787*'
System info: os.name: 'Windows 11', os.arch: 'amd64', os.version: '10.0', java.version: '23.0.2'
Driver info: org.openqa.selenium.remote.RemoteWebDriver
Command: [1ecae128-4650-4282-9901-a224b876aebf, clickElement {id=a0fb13cd-2656-4a76-82e6-4df6a9e99c57}]
Capabilities {acceptInsecureCerts: true, browserName: firefox, browserVersion: 138.0.4, moz:accessibilityChecks: false, moz:buildID: 20250517143237, moz:firefoxOptions: {binary: C:\Users\malli\.cache\selen..., prefs: {remote.active-protocols: 3}}, moz:geckodriverVersion: 0.36.0, moz:headless: false, moz:platformVersion: 10.0, moz:processID: 28816, moz:profile: C:\Users\malli\AppData\Loca..., moz:shutdownTimeout: 60000, moz:webdriverClick: true, moz:windowless: false, pageLoadStrategy: normal, platformName: Windows 11, proxy: Proxy(), se:bidiEnabled: false, se:cdpEnabled: false, setWindowRect: true, strictFileInteractability: false, timeouts: {implicit: 0, pageLoad: 300000, script: 30000}, unhandledPromptBehavior: dismiss and notify, userAgent: Mozilla/5.0 (Windows NT 10....}
Element: [[RemoteWebDriver: firefox on Windows 11 (1ecae128-4650-4282-9901-a224b876aebf)] -> xpath: //i[@class='fa-solid fa-user']]
Session ID: 1ecae128-4650-4282-9901-a224b876aebf
	at java.base/jdk.internal.reflect.DirectConstructorHandleAccessor.newInstance(DirectConstructorHandleAccessor.java:62) ~[?:?]
	at java.base/java.lang.reflect.Constructor.newInstanceWithCaller(Constructor.java:501) ~[?:?]
	at java.base/java.lang.reflect.Constructor.newInstance(Constructor.java:485) ~[?:?]
	at org.openqa.selenium.remote.ErrorCodec.decode(ErrorCodec.java:167) ~[selenium-remote-driver-4.31.0.jar:?]
	at org.openqa.selenium.remote.codec.w3c.W3CHttpResponseCodec.decode(W3CHttpResponseCodec.java:138) ~[selenium-remote-driver-4.31.0.jar:?]
	at org.openqa.selenium.remote.codec.w3c.W3CHttpResponseCodec.decode(W3CHttpResponseCodec.java:50) ~[selenium-remote-driver-4.31.0.jar:?]
	at org.openqa.selenium.remote.HttpCommandExecutor.execute(HttpCommandExecutor.java:215) ~[selenium-remote-driver-4.31.0.jar:?]
	at org.openqa.selenium.remote.TracedCommandExecutor.execute(TracedCommandExecutor.java:53) ~[selenium-remote-driver-4.31.0.jar:?]
	at org.openqa.selenium.remote.RemoteWebDriver.execute(RemoteWebDriver.java:545) ~[selenium-remote-driver-4.31.0.jar:?]
	at org.openqa.selenium.remote.RemoteWebElement.execute(RemoteWebElement.java:223) ~[selenium-remote-driver-4.31.0.jar:?]
	at org.openqa.selenium.remote.RemoteWebElement.click(RemoteWebElement.java:76) ~[selenium-remote-driver-4.31.0.jar:?]
	at java.base/jdk.internal.reflect.DirectMethodHandleAccessor.invoke(DirectMethodHandleAccessor.java:103) ~[?:?]
	at java.base/java.lang.reflect.Method.invoke(Method.java:580) ~[?:?]
	at org.openqa.selenium.support.pagefactory.internal.LocatingElementHandler.invoke(LocatingElementHandler.java:51) ~[selenium-support-4.31.0.jar:?]
	at jdk.proxy2/jdk.proxy2.$Proxy29.click(Unknown Source) ~[?:?]
	at pageObjects.HomePage.clickMyAccount(HomePage.java:53) ~[test-classes/:?]
	at testCases.TC05_WishListNg.testAddToWishList(TC05_WishListNg.java:34) ~[test-classes/:?]
	at java.base/jdk.internal.reflect.DirectMethodHandleAccessor.invoke(DirectMethodHandleAccessor.java:103) ~[?:?]
	at java.base/java.lang.reflect.Method.invoke(Method.java:580) ~[?:?]
	at org.testng.internal.invokers.MethodInvocationHelper.invokeMethod(MethodInvocationHelper.java:141) ~[testng-7.11.0.jar:7.11.0]
	at org.testng.internal.invokers.TestInvoker.invokeMethod(TestInvoker.java:687) ~[testng-7.11.0.jar:7.11.0]
	at org.testng.internal.invokers.TestInvoker.retryFailed(TestInvoker.java:269) ~[testng-7.11.0.jar:7.11.0]
	at org.testng.internal.invokers.MethodRunner.runInSequence(MethodRunner.java:76) ~[testng-7.11.0.jar:7.11.0]
	at org.testng.internal.invokers.TestInvoker$MethodInvocationAgent.invoke(TestInvoker.java:995) ~[testng-7.11.0.jar:7.11.0]
	at org.testng.internal.invokers.TestInvoker.invokeTestMethods(TestInvoker.java:203) ~[testng-7.11.0.jar:7.11.0]
	at org.testng.internal.invokers.TestMethodWorker.invokeTestMethods(TestMethodWorker.java:154) ~[testng-7.11.0.jar:7.11.0]
	at org.testng.internal.invokers.TestMethodWorker.run(TestMethodWorker.java:134) ~[testng-7.11.0.jar:7.11.0]
	at java.base/java.util.ArrayList.forEach(ArrayList.java:1597) ~[?:?]
	at org.testng.TestRunner.privateRun(TestRunner.java:741) ~[testng-7.11.0.jar:7.11.0]
	at org.testng.TestRunner.run(TestRunner.java:616) ~[testng-7.11.0.jar:7.11.0]
	at org.testng.SuiteRunner.runTest(SuiteRunner.java:421) ~[testng-7.11.0.jar:7.11.0]
	at org.testng.SuiteRunner$SuiteWorker.run(SuiteRunner.java:463) ~[testng-7.11.0.jar:7.11.0]
	at org.testng.internal.thread.ThreadUtil.lambda$execute$0(ThreadUtil.java:64) ~[testng-7.11.0.jar:7.11.0]
	at java.base/java.util.concurrent.FutureTask.run(FutureTask.java:317) ~[?:?]
	at java.base/java.util.concurrent.ThreadPoolExecutor.runWorker(ThreadPoolExecutor.java:1144) ~[?:?]
	at java.base/java.util.concurrent.ThreadPoolExecutor$Worker.run(ThreadPoolExecutor.java:642) ~[?:?]
	at java.base/java.lang.Thread.run(Thread.java:1575) [?:?]
2025-05-20 12:40:43 DEBUG TC06_AddAffiliateNg:39 - Navigated to Login page
2025-05-20 12:40:43 DEBUG TC06_AddAffiliateNg:42 - LoginPage object created
2025-05-20 12:40:43 INFO  BaseClass:156 - Screenshot captured: C:\Users\malli\eclipse-workspace2\April2025\NinjaV6\screenshots\testAddToWishList_20250520124043.png
2025-05-20 12:40:44 DEBUG BaseClass:122 - Driver assigned to thread-local storage
2025-05-20 12:40:44 DEBUG TC06_AddAffiliateNg:45 - Set email address
2025-05-20 12:40:44 DEBUG TC06_AddAffiliateNg:48 - Set password
2025-05-20 12:40:44 DEBUG TC06_AddAffiliateNg:51 - Clicked Login button
2025-05-20 12:40:45 INFO  BaseClass:141 - Browser session closed successfully
2025-05-20 12:40:45 INFO  BaseClass:45 - Starting test execution with OS: windows and Browser: firefox
2025-05-20 12:40:45 DEBUG BaseClass:49 - Attempting to load config.properties file
2025-05-20 12:40:45 DEBUG BaseClass:53 - Successfully loaded properties file
2025-05-20 12:40:45 INFO  BaseClass:73 - Initializing browser: firefox
2025-05-20 12:40:45 DEBUG BaseClass:81 - Setting up Firefox browser
2025-05-20 12:40:45 INFO  BaseClass:128 - Application launched successfully: https://cloudberrystore.services/
2025-05-20 12:40:45 DEBUG TC06_AddAffiliateNg:27 - Starting test: testAddAffiliate
2025-05-20 12:40:45 DEBUG TC06_AddAffiliateNg:30 - HomePage object created
2025-05-20 12:40:45 DEBUG TC06_AddAffiliateNg:54 - Waited for 1000ms after login
2025-05-20 12:40:45 DEBUG TC06_AddAffiliateNg:58 - Scrolled to Affiliate link
2025-05-20 12:40:45 DEBUG TC06_AddAffiliateNg:33 - Waited for 500ms
2025-05-20 12:40:45 DEBUG TC06_AddAffiliateNg:36 - Clicked on My Account
2025-05-20 12:40:46 DEBUG TC06_AddAffiliateNg:39 - Navigated to Login page
2025-05-20 12:40:46 DEBUG TC06_AddAffiliateNg:42 - LoginPage object created
2025-05-20 12:40:46 DEBUG TC06_AddAffiliateNg:61 - Waited for 1000ms after scrolling
2025-05-20 12:40:46 DEBUG TC06_AddAffiliateNg:45 - Set email address
2025-05-20 12:40:46 DEBUG TC06_AddAffiliateNg:48 - Set password
2025-05-20 12:40:47 DEBUG TC06_AddAffiliateNg:64 - Navigated to Affiliate page
2025-05-20 12:40:47 DEBUG TC06_AddAffiliateNg:67 - AffiliatePage object created
2025-05-20 12:40:47 DEBUG TC06_AddAffiliateNg:51 - Clicked Login button
2025-05-20 12:40:48 DEBUG TC06_AddAffiliateNg:54 - Waited for 1000ms after login
2025-05-20 12:40:48 DEBUG TC06_AddAffiliateNg:58 - Scrolled to Affiliate link
2025-05-20 12:40:49 DEBUG TC06_AddAffiliateNg:61 - Waited for 1000ms after scrolling
2025-05-20 12:40:49 DEBUG TC06_AddAffiliateNg:64 - Navigated to Affiliate page
2025-05-20 12:40:49 DEBUG TC06_AddAffiliateNg:67 - AffiliatePage object created
2025-05-20 12:40:50 DEBUG BaseClass:86 - Creating WebDriverWait for Firefox
2025-05-20 12:40:50 DEBUG BaseClass:122 - Driver assigned to thread-local storage
2025-05-20 12:40:51 INFO  BaseClass:128 - Application launched successfully: https://cloudberrystore.services/
2025-05-20 12:40:51 DEBUG TC06_AddAffiliateNg:27 - Starting test: testAddAffiliate
2025-05-20 12:40:51 DEBUG TC06_AddAffiliateNg:30 - HomePage object created
2025-05-20 12:40:51 DEBUG TC06_AddAffiliateNg:33 - Waited for 500ms
2025-05-20 12:40:51 DEBUG TC06_AddAffiliateNg:36 - Clicked on My Account
2025-05-20 12:40:52 DEBUG TC06_AddAffiliateNg:39 - Navigated to Login page
2025-05-20 12:40:52 DEBUG TC06_AddAffiliateNg:42 - LoginPage object created
2025-05-20 12:40:52 DEBUG TC06_AddAffiliateNg:45 - Set email address
2025-05-20 12:40:52 DEBUG TC06_AddAffiliateNg:48 - Set password
2025-05-20 12:40:52 DEBUG TC06_AddAffiliateNg:51 - Clicked Login button
2025-05-20 12:40:53 DEBUG TC06_AddAffiliateNg:54 - Waited for 1000ms after login
2025-05-20 12:40:53 DEBUG TC06_AddAffiliateNg:58 - Scrolled to Affiliate link
2025-05-20 12:40:54 DEBUG TC06_AddAffiliateNg:61 - Waited for 1000ms after scrolling
2025-05-20 12:40:55 DEBUG TC06_AddAffiliateNg:64 - Navigated to Affiliate page
2025-05-20 12:40:55 DEBUG TC06_AddAffiliateNg:67 - AffiliatePage object created
2025-05-20 12:40:55 DEBUG TC06_AddAffiliateNg:71 - Updated account information
2025-05-20 12:40:55 DEBUG TC06_AddAffiliateNg:77 - Checked for success message: true
2025-05-20 12:40:55 INFO  TC06_AddAffiliateNg:79 - Account information updated successfully and assertion passed.
2025-05-20 12:40:55 DEBUG TC06_AddAffiliateNg:88 - Finished test: testAddAffiliate
2025-05-20 12:40:56 INFO  BaseClass:141 - Browser session closed successfully
2025-05-20 12:40:56 INFO  BaseClass:45 - Starting test execution with OS: windows and Browser: chrome
2025-05-20 12:40:56 DEBUG BaseClass:49 - Attempting to load config.properties file
2025-05-20 12:40:56 DEBUG BaseClass:53 - Successfully loaded properties file
2025-05-20 12:40:56 INFO  BaseClass:73 - Initializing browser: chrome
2025-05-20 12:40:56 DEBUG BaseClass:76 - Setting up Chrome browser
2025-05-20 12:40:57 DEBUG BaseClass:122 - Driver assigned to thread-local storage
2025-05-20 12:40:58 DEBUG TC06_AddAffiliateNg:71 - Updated account information
2025-05-20 12:40:58 INFO  BaseClass:128 - Application launched successfully: https://cloudberrystore.services/
2025-05-20 12:40:58 INFO  TC01_LaunchApplication:24 - Starting testLaunchApplication test execution
2025-05-20 12:40:58 DEBUG TC01_LaunchApplication:29 - Creating HomePage object
2025-05-20 12:40:58 DEBUG TC01_LaunchApplication:31 - HomePage object created successfully
2025-05-20 12:40:58 DEBUG TC01_LaunchApplication:33 - Getting page title from browser
2025-05-20 12:40:58 INFO  TC01_LaunchApplication:35 - Current page title: Your store of fun
2025-05-20 12:40:58 DEBUG TC01_LaunchApplication:37 - Performing assertion on page title
2025-05-20 12:40:58 INFO  TC01_LaunchApplication:40 - Page title assertion passed successfully
2025-05-20 12:40:58 INFO  TC01_LaunchApplication:61 - Completed testLaunchApplication test execution
2025-05-20 12:40:58 DEBUG TC06_AddAffiliateNg:77 - Checked for success message: true
2025-05-20 12:40:58 INFO  TC06_AddAffiliateNg:79 - Account information updated successfully and assertion passed.
2025-05-20 12:40:58 DEBUG TC06_AddAffiliateNg:88 - Finished test: testAddAffiliate
2025-05-20 12:40:58 INFO  BaseClass:141 - Browser session closed successfully
2025-05-20 12:40:58 INFO  BaseClass:45 - Starting test execution with OS: windows and Browser: chrome
2025-05-20 12:40:58 DEBUG BaseClass:49 - Attempting to load config.properties file
2025-05-20 12:40:58 DEBUG BaseClass:53 - Successfully loaded properties file
2025-05-20 12:40:58 INFO  BaseClass:73 - Initializing browser: chrome
2025-05-20 12:40:58 DEBUG BaseClass:76 - Setting up Chrome browser
2025-05-20 12:41:00 INFO  BaseClass:141 - Browser session closed successfully
2025-05-20 12:41:00 INFO  BaseClass:45 - Starting test execution with OS: windows and Browser: edge
2025-05-20 12:41:00 DEBUG BaseClass:49 - Attempting to load config.properties file
2025-05-20 12:41:00 DEBUG BaseClass:53 - Successfully loaded properties file
2025-05-20 12:41:00 INFO  BaseClass:73 - Initializing browser: edge
2025-05-20 12:41:00 DEBUG BaseClass:93 - Setting up Edge browser
2025-05-20 12:41:00 DEBUG BaseClass:122 - Driver assigned to thread-local storage
2025-05-20 12:41:01 INFO  BaseClass:128 - Application launched successfully: https://cloudberrystore.services/
2025-05-20 12:41:01 DEBUG TC04_CompletePurchaseNg:31 - Starting Complete Purchase test (TC04_CompletePurchaseNg)
2025-05-20 12:41:01 DEBUG TC04_CompletePurchaseNg:36 - Navigating to Laptops & Notebooks section
2025-05-20 12:41:01 DEBUG BaseClass:122 - Driver assigned to thread-local storage
2025-05-20 12:41:02 DEBUG TC04_CompletePurchaseNg:41 - Scrolling to select laptop
2025-05-20 12:41:02 DEBUG TC06_AddAffiliateNg:71 - Updated account information
2025-05-20 12:41:03 DEBUG TC06_AddAffiliateNg:77 - Checked for success message: true
2025-05-20 12:41:03 INFO  TC06_AddAffiliateNg:79 - Account information updated successfully and assertion passed.
2025-05-20 12:41:03 DEBUG TC06_AddAffiliateNg:88 - Finished test: testAddAffiliate
2025-05-20 12:41:03 INFO  BaseClass:128 - Application launched successfully: https://cloudberrystore.services/
2025-05-20 12:41:03 INFO  TC01_LaunchApplication:24 - Starting testLaunchApplication test execution
2025-05-20 12:41:03 DEBUG TC01_LaunchApplication:29 - Creating HomePage object
2025-05-20 12:41:03 DEBUG TC01_LaunchApplication:31 - HomePage object created successfully
2025-05-20 12:41:03 DEBUG TC01_LaunchApplication:33 - Getting page title from browser
2025-05-20 12:41:03 INFO  TC01_LaunchApplication:35 - Current page title: Your store of fun
2025-05-20 12:41:03 DEBUG TC01_LaunchApplication:37 - Performing assertion on page title
2025-05-20 12:41:03 INFO  TC01_LaunchApplication:40 - Page title assertion passed successfully
2025-05-20 12:41:03 INFO  TC01_LaunchApplication:61 - Completed testLaunchApplication test execution
2025-05-20 12:41:03 DEBUG TC04_CompletePurchaseNg:45 - Clicking on selected laptop
2025-05-20 12:41:04 INFO  BaseClass:141 - Browser session closed successfully
2025-05-20 12:41:04 INFO  BaseClass:45 - Starting test execution with OS: windows and Browser: firefox
2025-05-20 12:41:04 DEBUG BaseClass:49 - Attempting to load config.properties file
2025-05-20 12:41:04 DEBUG BaseClass:53 - Successfully loaded properties file
2025-05-20 12:41:04 INFO  BaseClass:73 - Initializing browser: firefox
2025-05-20 12:41:04 DEBUG BaseClass:81 - Setting up Firefox browser
2025-05-20 12:41:04 DEBUG TC04_CompletePurchaseNg:49 - Scrolling to delivery date input
2025-05-20 12:41:04 INFO  BaseClass:141 - Browser session closed successfully
2025-05-20 12:41:04 INFO  BaseClass:45 - Starting test execution with OS: windows and Browser: edge
2025-05-20 12:41:04 DEBUG BaseClass:49 - Attempting to load config.properties file
2025-05-20 12:41:04 DEBUG BaseClass:53 - Successfully loaded properties file
2025-05-20 12:41:04 INFO  BaseClass:73 - Initializing browser: edge
2025-05-20 12:41:04 DEBUG BaseClass:93 - Setting up Edge browser
2025-05-20 12:41:05 DEBUG TC04_CompletePurchaseNg:58 - Setting delivery date: 2025-05-25
2025-05-20 12:41:06 DEBUG BaseClass:122 - Driver assigned to thread-local storage
2025-05-20 12:41:07 INFO  BaseClass:128 - Application launched successfully: https://cloudberrystore.services/
2025-05-20 12:41:07 DEBUG TC04_CompletePurchaseNg:31 - Starting Complete Purchase test (TC04_CompletePurchaseNg)
2025-05-20 12:41:07 DEBUG TC04_CompletePurchaseNg:36 - Navigating to Laptops & Notebooks section
2025-05-20 12:41:08 DEBUG TC04_CompletePurchaseNg:41 - Scrolling to select laptop
2025-05-20 12:41:08 DEBUG TC04_CompletePurchaseNg:64 - Clicking Add to Cart
2025-05-20 12:41:09 DEBUG TC04_CompletePurchaseNg:45 - Clicking on selected laptop
2025-05-20 12:41:09 DEBUG BaseClass:86 - Creating WebDriverWait for Firefox
2025-05-20 12:41:09 DEBUG BaseClass:122 - Driver assigned to thread-local storage
2025-05-20 12:41:09 DEBUG TC04_CompletePurchaseNg:49 - Scrolling to delivery date input
2025-05-20 12:41:10 INFO  BaseClass:128 - Application launched successfully: https://cloudberrystore.services/
2025-05-20 12:41:10 INFO  TC01_LaunchApplication:24 - Starting testLaunchApplication test execution
2025-05-20 12:41:10 DEBUG TC01_LaunchApplication:29 - Creating HomePage object
2025-05-20 12:41:10 DEBUG TC01_LaunchApplication:31 - HomePage object created successfully
2025-05-20 12:41:10 DEBUG TC01_LaunchApplication:33 - Getting page title from browser
2025-05-20 12:41:10 INFO  TC01_LaunchApplication:35 - Current page title: Your store of fun
2025-05-20 12:41:10 DEBUG TC01_LaunchApplication:37 - Performing assertion on page title
2025-05-20 12:41:10 INFO  TC01_LaunchApplication:40 - Page title assertion passed successfully
2025-05-20 12:41:10 INFO  TC01_LaunchApplication:61 - Completed testLaunchApplication test execution
2025-05-20 12:41:10 DEBUG TC04_CompletePurchaseNg:58 - Setting delivery date: 2025-05-25
2025-05-20 12:41:10 DEBUG TC04_CompletePurchaseNg:68 - Scrolling to Checkout button
2025-05-20 12:41:12 INFO  BaseClass:141 - Browser session closed successfully
2025-05-20 12:41:12 INFO  BaseClass:45 - Starting test execution with OS: windows and Browser: firefox
2025-05-20 12:41:12 DEBUG BaseClass:49 - Attempting to load config.properties file
2025-05-20 12:41:12 DEBUG BaseClass:53 - Successfully loaded properties file
2025-05-20 12:41:12 INFO  BaseClass:73 - Initializing browser: firefox
2025-05-20 12:41:12 DEBUG BaseClass:81 - Setting up Firefox browser
2025-05-20 12:41:13 DEBUG TC04_CompletePurchaseNg:72 - Clicking Checkout
2025-05-20 12:41:14 DEBUG TC04_CompletePurchaseNg:64 - Clicking Add to Cart
2025-05-20 12:41:15 DEBUG TC04_CompletePurchaseNg:76 - Clicking Login link on checkout
2025-05-20 12:41:16 DEBUG TC04_CompletePurchaseNg:68 - Scrolling to Checkout button
2025-05-20 12:41:16 DEBUG TC04_CompletePurchaseNg:81 - Entering login credentials
2025-05-20 12:41:17 DEBUG TC04_CompletePurchaseNg:86 - Clicking Checkout after login
2025-05-20 12:41:17 DEBUG BaseClass:86 - Creating WebDriverWait for Firefox
2025-05-20 12:41:17 DEBUG BaseClass:122 - Driver assigned to thread-local storage
2025-05-20 12:41:17 ERROR TC04_CompletePurchaseNg:126 - Exception occurred during test execution
org.openqa.selenium.StaleElementReferenceException: stale element reference: stale element not found
  (Session info: chrome=136.0.7103.114)
For documentation on this error, please visit: https://www.selenium.dev/documentation/webdriver/troubleshooting/errors#stale-element-reference-exception
Build info: version: '4.31.0', revision: '1ef9f18787*'
System info: os.name: 'Windows 11', os.arch: 'amd64', os.version: '10.0', java.version: '23.0.2'
Driver info: org.openqa.selenium.remote.RemoteWebDriver
Command: [307af88f6ebd952b7bbd942767387fda, clickElement {id=f.8A5E2D40A311F228ABC00C25556DFD52.d.3168FDC881A4AEC71DCA4045A45F9590.e.189}]
Capabilities {acceptInsecureCerts: false, browserName: chrome, browserVersion: 136.0.7103.114, chrome: {chromedriverVersion: 136.0.7103.94 (fa0be0b33deb..., userDataDir: C:\Users\malli\AppData\Loca...}, fedcm:accounts: true, goog:chromeOptions: {debuggerAddress: localhost:52843}, networkConnectionEnabled: false, pageLoadStrategy: normal, platformName: Windows 11, proxy: Proxy(), se:bidiEnabled: false, se:cdp: ws://192.168.1.204:4444/ses..., se:cdpVersion: 136.0.7103.114, setWindowRect: true, strictFileInteractability: false, timeouts: {implicit: 0, pageLoad: 300000, script: 30000}, unhandledPromptBehavior: dismiss and notify, webauthn:extension:credBlob: true, webauthn:extension:largeBlob: true, webauthn:extension:minPinLength: true, webauthn:extension:prf: true, webauthn:virtualAuthenticators: true}
Element: [[RemoteWebDriver: chrome on Windows 11 (307af88f6ebd952b7bbd942767387fda)] -> xpath: //a[@title='Checkout']//i[@class='fa-solid fa-share']]
Session ID: 307af88f6ebd952b7bbd942767387fda
	at java.base/jdk.internal.reflect.DirectConstructorHandleAccessor.newInstance(DirectConstructorHandleAccessor.java:62) ~[?:?]
	at java.base/java.lang.reflect.Constructor.newInstanceWithCaller(Constructor.java:501) ~[?:?]
	at java.base/java.lang.reflect.Constructor.newInstance(Constructor.java:485) ~[?:?]
	at org.openqa.selenium.remote.ErrorCodec.decode(ErrorCodec.java:167) ~[selenium-remote-driver-4.31.0.jar:?]
	at org.openqa.selenium.remote.codec.w3c.W3CHttpResponseCodec.decode(W3CHttpResponseCodec.java:138) ~[selenium-remote-driver-4.31.0.jar:?]
	at org.openqa.selenium.remote.codec.w3c.W3CHttpResponseCodec.decode(W3CHttpResponseCodec.java:50) ~[selenium-remote-driver-4.31.0.jar:?]
	at org.openqa.selenium.remote.HttpCommandExecutor.execute(HttpCommandExecutor.java:215) ~[selenium-remote-driver-4.31.0.jar:?]
	at org.openqa.selenium.remote.TracedCommandExecutor.execute(TracedCommandExecutor.java:53) ~[selenium-remote-driver-4.31.0.jar:?]
	at org.openqa.selenium.remote.RemoteWebDriver.execute(RemoteWebDriver.java:545) ~[selenium-remote-driver-4.31.0.jar:?]
	at org.openqa.selenium.remote.RemoteWebElement.execute(RemoteWebElement.java:223) ~[selenium-remote-driver-4.31.0.jar:?]
	at org.openqa.selenium.remote.RemoteWebElement.click(RemoteWebElement.java:76) ~[selenium-remote-driver-4.31.0.jar:?]
	at java.base/jdk.internal.reflect.DirectMethodHandleAccessor.invoke(DirectMethodHandleAccessor.java:103) ~[?:?]
	at java.base/java.lang.reflect.Method.invoke(Method.java:580) ~[?:?]
	at org.openqa.selenium.support.pagefactory.internal.LocatingElementHandler.invoke(LocatingElementHandler.java:51) ~[selenium-support-4.31.0.jar:?]
	at jdk.proxy2/jdk.proxy2.$Proxy29.click(Unknown Source) ~[?:?]
	at pageObjects.ProductPage.clickCheckOut(ProductPage.java:73) ~[test-classes/:?]
	at testCases.TC04_CompletePurchaseNg.addToCart(TC04_CompletePurchaseNg.java:87) ~[test-classes/:?]
	at java.base/jdk.internal.reflect.DirectMethodHandleAccessor.invoke(DirectMethodHandleAccessor.java:103) ~[?:?]
	at java.base/java.lang.reflect.Method.invoke(Method.java:580) ~[?:?]
	at org.testng.internal.invokers.MethodInvocationHelper.invokeMethod(MethodInvocationHelper.java:141) ~[testng-7.11.0.jar:7.11.0]
	at org.testng.internal.invokers.TestInvoker.invokeMethod(TestInvoker.java:687) ~[testng-7.11.0.jar:7.11.0]
	at org.testng.internal.invokers.TestInvoker.invokeTestMethod(TestInvoker.java:230) ~[testng-7.11.0.jar:7.11.0]
	at org.testng.internal.invokers.MethodRunner.runInSequence(MethodRunner.java:63) ~[testng-7.11.0.jar:7.11.0]
	at org.testng.internal.invokers.TestInvoker$MethodInvocationAgent.invoke(TestInvoker.java:995) ~[testng-7.11.0.jar:7.11.0]
	at org.testng.internal.invokers.TestInvoker.invokeTestMethods(TestInvoker.java:203) ~[testng-7.11.0.jar:7.11.0]
	at org.testng.internal.invokers.TestMethodWorker.invokeTestMethods(TestMethodWorker.java:154) ~[testng-7.11.0.jar:7.11.0]
	at org.testng.internal.invokers.TestMethodWorker.run(TestMethodWorker.java:134) ~[testng-7.11.0.jar:7.11.0]
	at java.base/java.util.ArrayList.forEach(ArrayList.java:1597) ~[?:?]
	at org.testng.TestRunner.privateRun(TestRunner.java:741) ~[testng-7.11.0.jar:7.11.0]
	at org.testng.TestRunner.run(TestRunner.java:616) ~[testng-7.11.0.jar:7.11.0]
	at org.testng.SuiteRunner.runTest(SuiteRunner.java:421) ~[testng-7.11.0.jar:7.11.0]
	at org.testng.SuiteRunner$SuiteWorker.run(SuiteRunner.java:463) ~[testng-7.11.0.jar:7.11.0]
	at org.testng.internal.thread.ThreadUtil.lambda$execute$0(ThreadUtil.java:64) ~[testng-7.11.0.jar:7.11.0]
	at java.base/java.util.concurrent.FutureTask.run(FutureTask.java:317) ~[?:?]
	at java.base/java.util.concurrent.ThreadPoolExecutor.runWorker(ThreadPoolExecutor.java:1144) ~[?:?]
	at java.base/java.util.concurrent.ThreadPoolExecutor$Worker.run(ThreadPoolExecutor.java:642) ~[?:?]
	at java.base/java.lang.Thread.run(Thread.java:1575) [?:?]
2025-05-20 12:41:17 WARN  RetryAnalyzer:16 - Retrying test 'addToCart' (1 of 2)
2025-05-20 12:41:17 DEBUG TC04_CompletePurchaseNg:31 - Starting Complete Purchase test (TC04_CompletePurchaseNg)
2025-05-20 12:41:17 DEBUG TC04_CompletePurchaseNg:36 - Navigating to Laptops & Notebooks section
2025-05-20 12:41:18 DEBUG TC04_CompletePurchaseNg:41 - Scrolling to select laptop
2025-05-20 12:41:18 INFO  BaseClass:128 - Application launched successfully: https://cloudberrystore.services/
2025-05-20 12:41:18 DEBUG TC04_CompletePurchaseNg:31 - Starting Complete Purchase test (TC04_CompletePurchaseNg)
2025-05-20 12:41:18 DEBUG TC04_CompletePurchaseNg:36 - Navigating to Laptops & Notebooks section
2025-05-20 12:41:19 DEBUG TC04_CompletePurchaseNg:72 - Clicking Checkout
2025-05-20 12:41:19 DEBUG TC04_CompletePurchaseNg:45 - Clicking on selected laptop
2025-05-20 12:41:19 DEBUG TC04_CompletePurchaseNg:41 - Scrolling to select laptop
2025-05-20 12:41:19 DEBUG TC04_CompletePurchaseNg:49 - Scrolling to delivery date input
2025-05-20 12:41:20 DEBUG TC04_CompletePurchaseNg:45 - Clicking on selected laptop
2025-05-20 12:41:20 DEBUG TC04_CompletePurchaseNg:58 - Setting delivery date: 2025-05-25
2025-05-20 12:41:20 DEBUG TC04_CompletePurchaseNg:76 - Clicking Login link on checkout
2025-05-20 12:41:21 DEBUG TC04_CompletePurchaseNg:49 - Scrolling to delivery date input
2025-05-20 12:41:22 DEBUG TC04_CompletePurchaseNg:58 - Setting delivery date: 2025-05-25
2025-05-20 12:41:22 DEBUG TC04_CompletePurchaseNg:81 - Entering login credentials
2025-05-20 12:41:22 DEBUG TC04_CompletePurchaseNg:86 - Clicking Checkout after login
2025-05-20 12:41:23 DEBUG TC04_CompletePurchaseNg:91 - Selecting existing shipping address
2025-05-20 12:41:23 DEBUG TC04_CompletePurchaseNg:64 - Clicking Add to Cart
2025-05-20 12:41:24 DEBUG TC04_CompletePurchaseNg:95 - Selecting shipping address
2025-05-20 12:41:25 DEBUG TC04_CompletePurchaseNg:64 - Clicking Add to Cart
2025-05-20 12:41:26 DEBUG TC04_CompletePurchaseNg:68 - Scrolling to Checkout button
2025-05-20 12:41:26 DEBUG TC04_CompletePurchaseNg:99 - Selecting shipping method
2025-05-20 12:41:27 DEBUG TC04_CompletePurchaseNg:68 - Scrolling to Checkout button
2025-05-20 12:41:27 DEBUG TC04_CompletePurchaseNg:103 - Confirming shipping method
2025-05-20 12:41:28 DEBUG TC04_CompletePurchaseNg:72 - Clicking Checkout
2025-05-20 12:41:29 DEBUG TC04_CompletePurchaseNg:107 - Selecting payment method
2025-05-20 12:41:29 DEBUG TC04_CompletePurchaseNg:76 - Clicking Login link on checkout
2025-05-20 12:41:29 DEBUG TC04_CompletePurchaseNg:72 - Clicking Checkout
2025-05-20 12:41:30 DEBUG TC04_CompletePurchaseNg:112 - Confirming order
2025-05-20 12:41:31 DEBUG TC04_CompletePurchaseNg:76 - Clicking Login link on checkout
2025-05-20 12:41:32 DEBUG TC04_CompletePurchaseNg:116 - Verifying if order was successful
2025-05-20 12:41:32 INFO  TC04_CompletePurchaseNg:119 - Order placed successfully!
2025-05-20 12:41:32 DEBUG TC04_CompletePurchaseNg:130 - Complete Purchase test finished
2025-05-20 12:41:34 INFO  BaseClass:141 - Browser session closed successfully
2025-05-20 12:41:34 INFO  BaseClass:45 - Starting test execution with OS: windows and Browser: edge
2025-05-20 12:41:34 DEBUG BaseClass:49 - Attempting to load config.properties file
2025-05-20 12:41:34 DEBUG BaseClass:53 - Successfully loaded properties file
2025-05-20 12:41:34 INFO  BaseClass:73 - Initializing browser: edge
2025-05-20 12:41:34 DEBUG BaseClass:93 - Setting up Edge browser
2025-05-20 12:41:35 DEBUG BaseClass:122 - Driver assigned to thread-local storage
2025-05-20 12:41:36 INFO  BaseClass:128 - Application launched successfully: https://cloudberrystore.services/
2025-05-20 12:41:36 DEBUG TC03_AddToCartNg:27 - Starting testAddToCart
2025-05-20 12:41:36 DEBUG TC03_AddToCartNg:31 - Navigating to Laptops & Notebooks section
2025-05-20 12:41:37 DEBUG TC03_AddToCartNg:38 - Scrolling to select laptop
2025-05-20 12:41:38 DEBUG TC03_AddToCartNg:43 - Clicking on selected laptop
2025-05-20 12:41:38 DEBUG TC03_AddToCartNg:48 - Scrolling to delivery date input
2025-05-20 12:41:39 DEBUG TC03_AddToCartNg:58 - Setting delivery date: 2025-05-25
2025-05-20 12:41:39 ERROR TC04_CompletePurchaseNg:126 - Exception occurred during test execution
org.openqa.selenium.NoSuchElementException: no such element: Unable to locate element: {"method":"xpath","selector":"//strong[normalize-space()='login page']"}
  (Session info: chrome=136.0.7103.114)
For documentation on this error, please visit: https://www.selenium.dev/documentation/webdriver/troubleshooting/errors#no-such-element-exception
Build info: version: '4.31.0', revision: '1ef9f18787*'
System info: os.name: 'Windows 11', os.arch: 'amd64', os.version: '10.0', java.version: '23.0.2'
Driver info: org.openqa.selenium.remote.RemoteWebDriver
Command: [307af88f6ebd952b7bbd942767387fda, findElement {using=xpath, value=//strong[normalize-space()='login page']}]
Capabilities {acceptInsecureCerts: false, browserName: chrome, browserVersion: 136.0.7103.114, chrome: {chromedriverVersion: 136.0.7103.94 (fa0be0b33deb..., userDataDir: C:\Users\malli\AppData\Loca...}, fedcm:accounts: true, goog:chromeOptions: {debuggerAddress: localhost:52843}, networkConnectionEnabled: false, pageLoadStrategy: normal, platformName: Windows 11, proxy: Proxy(), se:bidiEnabled: false, se:cdp: ws://192.168.1.204:4444/ses..., se:cdpVersion: 136.0.7103.114, setWindowRect: true, strictFileInteractability: false, timeouts: {implicit: 0, pageLoad: 300000, script: 30000}, unhandledPromptBehavior: dismiss and notify, webauthn:extension:credBlob: true, webauthn:extension:largeBlob: true, webauthn:extension:minPinLength: true, webauthn:extension:prf: true, webauthn:virtualAuthenticators: true}
Session ID: 307af88f6ebd952b7bbd942767387fda
	at java.base/jdk.internal.reflect.DirectConstructorHandleAccessor.newInstance(DirectConstructorHandleAccessor.java:62) ~[?:?]
	at java.base/java.lang.reflect.Constructor.newInstanceWithCaller(Constructor.java:501) ~[?:?]
	at java.base/java.lang.reflect.Constructor.newInstance(Constructor.java:485) ~[?:?]
	at org.openqa.selenium.remote.ErrorCodec.decode(ErrorCodec.java:167) ~[selenium-remote-driver-4.31.0.jar:?]
	at org.openqa.selenium.remote.codec.w3c.W3CHttpResponseCodec.decode(W3CHttpResponseCodec.java:138) ~[selenium-remote-driver-4.31.0.jar:?]
	at org.openqa.selenium.remote.codec.w3c.W3CHttpResponseCodec.decode(W3CHttpResponseCodec.java:50) ~[selenium-remote-driver-4.31.0.jar:?]
	at org.openqa.selenium.remote.HttpCommandExecutor.execute(HttpCommandExecutor.java:215) ~[selenium-remote-driver-4.31.0.jar:?]
	at org.openqa.selenium.remote.TracedCommandExecutor.execute(TracedCommandExecutor.java:53) ~[selenium-remote-driver-4.31.0.jar:?]
	at org.openqa.selenium.remote.RemoteWebDriver.execute(RemoteWebDriver.java:545) ~[selenium-remote-driver-4.31.0.jar:?]
	at org.openqa.selenium.remote.ElementLocation$ElementFinder$2.findElement(ElementLocation.java:165) ~[selenium-remote-driver-4.31.0.jar:?]
	at org.openqa.selenium.remote.ElementLocation.findElement(ElementLocation.java:59) ~[selenium-remote-driver-4.31.0.jar:?]
	at org.openqa.selenium.remote.RemoteWebDriver.findElement(RemoteWebDriver.java:368) ~[selenium-remote-driver-4.31.0.jar:?]
	at org.openqa.selenium.remote.RemoteWebDriver.findElement(RemoteWebDriver.java:362) ~[selenium-remote-driver-4.31.0.jar:?]
	at org.openqa.selenium.support.pagefactory.DefaultElementLocator.findElement(DefaultElementLocator.java:68) ~[selenium-support-4.31.0.jar:?]
	at org.openqa.selenium.support.pagefactory.internal.LocatingElementHandler.invoke(LocatingElementHandler.java:38) ~[selenium-support-4.31.0.jar:?]
	at jdk.proxy2/jdk.proxy2.$Proxy29.click(Unknown Source) ~[?:?]
	at pageObjects.ProductPage.clickLoginLink(ProductPage.java:85) ~[test-classes/:?]
	at testCases.TC04_CompletePurchaseNg.addToCart(TC04_CompletePurchaseNg.java:77) ~[test-classes/:?]
	at java.base/jdk.internal.reflect.DirectMethodHandleAccessor.invoke(DirectMethodHandleAccessor.java:103) ~[?:?]
	at java.base/java.lang.reflect.Method.invoke(Method.java:580) ~[?:?]
	at org.testng.internal.invokers.MethodInvocationHelper.invokeMethod(MethodInvocationHelper.java:141) ~[testng-7.11.0.jar:7.11.0]
	at org.testng.internal.invokers.TestInvoker.invokeMethod(TestInvoker.java:687) ~[testng-7.11.0.jar:7.11.0]
	at org.testng.internal.invokers.TestInvoker.retryFailed(TestInvoker.java:269) ~[testng-7.11.0.jar:7.11.0]
	at org.testng.internal.invokers.MethodRunner.runInSequence(MethodRunner.java:76) ~[testng-7.11.0.jar:7.11.0]
	at org.testng.internal.invokers.TestInvoker$MethodInvocationAgent.invoke(TestInvoker.java:995) ~[testng-7.11.0.jar:7.11.0]
	at org.testng.internal.invokers.TestInvoker.invokeTestMethods(TestInvoker.java:203) ~[testng-7.11.0.jar:7.11.0]
	at org.testng.internal.invokers.TestMethodWorker.invokeTestMethods(TestMethodWorker.java:154) ~[testng-7.11.0.jar:7.11.0]
	at org.testng.internal.invokers.TestMethodWorker.run(TestMethodWorker.java:134) ~[testng-7.11.0.jar:7.11.0]
	at java.base/java.util.ArrayList.forEach(ArrayList.java:1597) ~[?:?]
	at org.testng.TestRunner.privateRun(TestRunner.java:741) ~[testng-7.11.0.jar:7.11.0]
	at org.testng.TestRunner.run(TestRunner.java:616) ~[testng-7.11.0.jar:7.11.0]
	at org.testng.SuiteRunner.runTest(SuiteRunner.java:421) ~[testng-7.11.0.jar:7.11.0]
	at org.testng.SuiteRunner$SuiteWorker.run(SuiteRunner.java:463) ~[testng-7.11.0.jar:7.11.0]
	at org.testng.internal.thread.ThreadUtil.lambda$execute$0(ThreadUtil.java:64) ~[testng-7.11.0.jar:7.11.0]
	at java.base/java.util.concurrent.FutureTask.run(FutureTask.java:317) ~[?:?]
	at java.base/java.util.concurrent.ThreadPoolExecutor.runWorker(ThreadPoolExecutor.java:1144) ~[?:?]
	at java.base/java.util.concurrent.ThreadPoolExecutor$Worker.run(ThreadPoolExecutor.java:642) ~[?:?]
	at java.base/java.lang.Thread.run(Thread.java:1575) [?:?]
2025-05-20 12:41:39 WARN  RetryAnalyzer:16 - Retrying test 'addToCart' (2 of 2)
2025-05-20 12:41:39 DEBUG TC04_CompletePurchaseNg:31 - Starting Complete Purchase test (TC04_CompletePurchaseNg)
2025-05-20 12:41:39 DEBUG TC04_CompletePurchaseNg:36 - Navigating to Laptops & Notebooks section
2025-05-20 12:41:40 DEBUG TC04_CompletePurchaseNg:41 - Scrolling to select laptop
2025-05-20 12:41:41 ERROR TC04_CompletePurchaseNg:126 - Exception occurred during test execution
org.openqa.selenium.NoSuchElementException: Unable to locate element: //strong[normalize-space()='login page']
For documentation on this error, please visit: https://www.selenium.dev/documentation/webdriver/troubleshooting/errors#no-such-element-exception
Build info: version: '4.31.0', revision: '1ef9f18787*'
System info: os.name: 'Windows 11', os.arch: 'amd64', os.version: '10.0', java.version: '23.0.2'
Driver info: org.openqa.selenium.remote.RemoteWebDriver
Command: [2088a9e3-ca86-4935-8e54-6fde8258b6f3, findElement {using=xpath, value=//strong[normalize-space()='login page']}]
Capabilities {acceptInsecureCerts: true, browserName: firefox, browserVersion: 138.0.4, moz:accessibilityChecks: false, moz:buildID: 20250517143237, moz:firefoxOptions: {binary: C:\Users\malli\.cache\selen..., prefs: {remote.active-protocols: 3}}, moz:geckodriverVersion: 0.36.0, moz:headless: false, moz:platformVersion: 10.0, moz:processID: 1444, moz:profile: C:\Users\malli\AppData\Loca..., moz:shutdownTimeout: 60000, moz:webdriverClick: true, moz:windowless: false, pageLoadStrategy: normal, platformName: Windows 11, proxy: Proxy(), se:bidiEnabled: false, se:cdpEnabled: false, setWindowRect: true, strictFileInteractability: false, timeouts: {implicit: 0, pageLoad: 300000, script: 30000}, unhandledPromptBehavior: dismiss and notify, userAgent: Mozilla/5.0 (Windows NT 10....}
Session ID: 2088a9e3-ca86-4935-8e54-6fde8258b6f3
	at java.base/jdk.internal.reflect.DirectConstructorHandleAccessor.newInstance(DirectConstructorHandleAccessor.java:62) ~[?:?]
	at java.base/java.lang.reflect.Constructor.newInstanceWithCaller(Constructor.java:501) ~[?:?]
	at java.base/java.lang.reflect.Constructor.newInstance(Constructor.java:485) ~[?:?]
	at org.openqa.selenium.remote.ErrorCodec.decode(ErrorCodec.java:167) ~[selenium-remote-driver-4.31.0.jar:?]
	at org.openqa.selenium.remote.codec.w3c.W3CHttpResponseCodec.decode(W3CHttpResponseCodec.java:138) ~[selenium-remote-driver-4.31.0.jar:?]
	at org.openqa.selenium.remote.codec.w3c.W3CHttpResponseCodec.decode(W3CHttpResponseCodec.java:50) ~[selenium-remote-driver-4.31.0.jar:?]
	at org.openqa.selenium.remote.HttpCommandExecutor.execute(HttpCommandExecutor.java:215) ~[selenium-remote-driver-4.31.0.jar:?]
	at org.openqa.selenium.remote.TracedCommandExecutor.execute(TracedCommandExecutor.java:53) ~[selenium-remote-driver-4.31.0.jar:?]
	at org.openqa.selenium.remote.RemoteWebDriver.execute(RemoteWebDriver.java:545) ~[selenium-remote-driver-4.31.0.jar:?]
	at org.openqa.selenium.remote.ElementLocation$ElementFinder$2.findElement(ElementLocation.java:165) ~[selenium-remote-driver-4.31.0.jar:?]
	at org.openqa.selenium.remote.ElementLocation.findElement(ElementLocation.java:59) ~[selenium-remote-driver-4.31.0.jar:?]
	at org.openqa.selenium.remote.RemoteWebDriver.findElement(RemoteWebDriver.java:368) ~[selenium-remote-driver-4.31.0.jar:?]
	at org.openqa.selenium.remote.RemoteWebDriver.findElement(RemoteWebDriver.java:362) ~[selenium-remote-driver-4.31.0.jar:?]
	at org.openqa.selenium.support.pagefactory.DefaultElementLocator.findElement(DefaultElementLocator.java:68) ~[selenium-support-4.31.0.jar:?]
	at org.openqa.selenium.support.pagefactory.internal.LocatingElementHandler.invoke(LocatingElementHandler.java:38) ~[selenium-support-4.31.0.jar:?]
	at jdk.proxy2/jdk.proxy2.$Proxy29.click(Unknown Source) ~[?:?]
	at pageObjects.ProductPage.clickLoginLink(ProductPage.java:85) ~[test-classes/:?]
	at testCases.TC04_CompletePurchaseNg.addToCart(TC04_CompletePurchaseNg.java:77) ~[test-classes/:?]
	at java.base/jdk.internal.reflect.DirectMethodHandleAccessor.invoke(DirectMethodHandleAccessor.java:103) ~[?:?]
	at java.base/java.lang.reflect.Method.invoke(Method.java:580) ~[?:?]
	at org.testng.internal.invokers.MethodInvocationHelper.invokeMethod(MethodInvocationHelper.java:141) ~[testng-7.11.0.jar:7.11.0]
	at org.testng.internal.invokers.TestInvoker.invokeMethod(TestInvoker.java:687) ~[testng-7.11.0.jar:7.11.0]
	at org.testng.internal.invokers.TestInvoker.invokeTestMethod(TestInvoker.java:230) ~[testng-7.11.0.jar:7.11.0]
	at org.testng.internal.invokers.MethodRunner.runInSequence(MethodRunner.java:63) ~[testng-7.11.0.jar:7.11.0]
	at org.testng.internal.invokers.TestInvoker$MethodInvocationAgent.invoke(TestInvoker.java:995) ~[testng-7.11.0.jar:7.11.0]
	at org.testng.internal.invokers.TestInvoker.invokeTestMethods(TestInvoker.java:203) ~[testng-7.11.0.jar:7.11.0]
	at org.testng.internal.invokers.TestMethodWorker.invokeTestMethods(TestMethodWorker.java:154) ~[testng-7.11.0.jar:7.11.0]
	at org.testng.internal.invokers.TestMethodWorker.run(TestMethodWorker.java:134) ~[testng-7.11.0.jar:7.11.0]
	at java.base/java.util.ArrayList.forEach(ArrayList.java:1597) ~[?:?]
	at org.testng.TestRunner.privateRun(TestRunner.java:741) ~[testng-7.11.0.jar:7.11.0]
	at org.testng.TestRunner.run(TestRunner.java:616) ~[testng-7.11.0.jar:7.11.0]
	at org.testng.SuiteRunner.runTest(SuiteRunner.java:421) ~[testng-7.11.0.jar:7.11.0]
	at org.testng.SuiteRunner$SuiteWorker.run(SuiteRunner.java:463) ~[testng-7.11.0.jar:7.11.0]
	at org.testng.internal.thread.ThreadUtil.lambda$execute$0(ThreadUtil.java:64) ~[testng-7.11.0.jar:7.11.0]
	at java.base/java.util.concurrent.FutureTask.run(FutureTask.java:317) ~[?:?]
	at java.base/java.util.concurrent.ThreadPoolExecutor.runWorker(ThreadPoolExecutor.java:1144) ~[?:?]
	at java.base/java.util.concurrent.ThreadPoolExecutor$Worker.run(ThreadPoolExecutor.java:642) ~[?:?]
	at java.base/java.lang.Thread.run(Thread.java:1575) [?:?]
2025-05-20 12:41:41 WARN  RetryAnalyzer:16 - Retrying test 'addToCart' (1 of 2)
2025-05-20 12:41:41 DEBUG TC04_CompletePurchaseNg:31 - Starting Complete Purchase test (TC04_CompletePurchaseNg)
2025-05-20 12:41:41 DEBUG TC04_CompletePurchaseNg:36 - Navigating to Laptops & Notebooks section
2025-05-20 12:41:41 DEBUG TC04_CompletePurchaseNg:45 - Clicking on selected laptop
2025-05-20 12:41:41 DEBUG TC04_CompletePurchaseNg:49 - Scrolling to delivery date input
2025-05-20 12:41:41 DEBUG TC04_CompletePurchaseNg:41 - Scrolling to select laptop
2025-05-20 12:41:42 DEBUG TC04_CompletePurchaseNg:58 - Setting delivery date: 2025-05-25
2025-05-20 12:41:42 DEBUG TC04_CompletePurchaseNg:45 - Clicking on selected laptop
2025-05-20 12:41:43 DEBUG TC04_CompletePurchaseNg:49 - Scrolling to delivery date input
2025-05-20 12:41:43 DEBUG TC03_AddToCartNg:66 - Clicking Add to Cart
2025-05-20 12:41:44 DEBUG TC04_CompletePurchaseNg:58 - Setting delivery date: 2025-05-25
2025-05-20 12:41:45 DEBUG TC03_AddToCartNg:72 - Actual success message: Success: You have added HP LP3065 to your shopping cart!
2025-05-20 12:41:45 DEBUG TC03_AddToCartNg:75 - Validating if item was added to cart successfully
2025-05-20 12:41:45 INFO  TC03_AddToCartNg:77 - Item added to cart successfully.
2025-05-20 12:41:45 DEBUG TC03_AddToCartNg:88 - testAddToCart completed
2025-05-20 12:41:46 DEBUG TC04_CompletePurchaseNg:64 - Clicking Add to Cart
2025-05-20 12:41:47 INFO  BaseClass:141 - Browser session closed successfully
2025-05-20 12:41:47 DEBUG TC04_CompletePurchaseNg:64 - Clicking Add to Cart
2025-05-20 12:41:48 DEBUG TC04_CompletePurchaseNg:68 - Scrolling to Checkout button
2025-05-20 12:41:49 DEBUG TC04_CompletePurchaseNg:68 - Scrolling to Checkout button
2025-05-20 12:41:50 DEBUG TC04_CompletePurchaseNg:72 - Clicking Checkout
2025-05-20 12:41:51 DEBUG TC04_CompletePurchaseNg:76 - Clicking Login link on checkout
2025-05-20 12:41:52 DEBUG TC04_CompletePurchaseNg:72 - Clicking Checkout
2025-05-20 12:41:53 DEBUG TC04_CompletePurchaseNg:76 - Clicking Login link on checkout
2025-05-20 12:42:02 ERROR TC04_CompletePurchaseNg:126 - Exception occurred during test execution
org.openqa.selenium.NoSuchElementException: no such element: Unable to locate element: {"method":"xpath","selector":"//strong[normalize-space()='login page']"}
  (Session info: chrome=136.0.7103.114)
For documentation on this error, please visit: https://www.selenium.dev/documentation/webdriver/troubleshooting/errors#no-such-element-exception
Build info: version: '4.31.0', revision: '1ef9f18787*'
System info: os.name: 'Windows 11', os.arch: 'amd64', os.version: '10.0', java.version: '23.0.2'
Driver info: org.openqa.selenium.remote.RemoteWebDriver
Command: [307af88f6ebd952b7bbd942767387fda, findElement {using=xpath, value=//strong[normalize-space()='login page']}]
Capabilities {acceptInsecureCerts: false, browserName: chrome, browserVersion: 136.0.7103.114, chrome: {chromedriverVersion: 136.0.7103.94 (fa0be0b33deb..., userDataDir: C:\Users\malli\AppData\Loca...}, fedcm:accounts: true, goog:chromeOptions: {debuggerAddress: localhost:52843}, networkConnectionEnabled: false, pageLoadStrategy: normal, platformName: Windows 11, proxy: Proxy(), se:bidiEnabled: false, se:cdp: ws://192.168.1.204:4444/ses..., se:cdpVersion: 136.0.7103.114, setWindowRect: true, strictFileInteractability: false, timeouts: {implicit: 0, pageLoad: 300000, script: 30000}, unhandledPromptBehavior: dismiss and notify, webauthn:extension:credBlob: true, webauthn:extension:largeBlob: true, webauthn:extension:minPinLength: true, webauthn:extension:prf: true, webauthn:virtualAuthenticators: true}
Session ID: 307af88f6ebd952b7bbd942767387fda
	at java.base/jdk.internal.reflect.DirectConstructorHandleAccessor.newInstance(DirectConstructorHandleAccessor.java:62) ~[?:?]
	at java.base/java.lang.reflect.Constructor.newInstanceWithCaller(Constructor.java:501) ~[?:?]
	at java.base/java.lang.reflect.Constructor.newInstance(Constructor.java:485) ~[?:?]
	at org.openqa.selenium.remote.ErrorCodec.decode(ErrorCodec.java:167) ~[selenium-remote-driver-4.31.0.jar:?]
	at org.openqa.selenium.remote.codec.w3c.W3CHttpResponseCodec.decode(W3CHttpResponseCodec.java:138) ~[selenium-remote-driver-4.31.0.jar:?]
	at org.openqa.selenium.remote.codec.w3c.W3CHttpResponseCodec.decode(W3CHttpResponseCodec.java:50) ~[selenium-remote-driver-4.31.0.jar:?]
	at org.openqa.selenium.remote.HttpCommandExecutor.execute(HttpCommandExecutor.java:215) ~[selenium-remote-driver-4.31.0.jar:?]
	at org.openqa.selenium.remote.TracedCommandExecutor.execute(TracedCommandExecutor.java:53) ~[selenium-remote-driver-4.31.0.jar:?]
	at org.openqa.selenium.remote.RemoteWebDriver.execute(RemoteWebDriver.java:545) ~[selenium-remote-driver-4.31.0.jar:?]
	at org.openqa.selenium.remote.ElementLocation$ElementFinder$2.findElement(ElementLocation.java:165) ~[selenium-remote-driver-4.31.0.jar:?]
	at org.openqa.selenium.remote.ElementLocation.findElement(ElementLocation.java:59) ~[selenium-remote-driver-4.31.0.jar:?]
	at org.openqa.selenium.remote.RemoteWebDriver.findElement(RemoteWebDriver.java:368) ~[selenium-remote-driver-4.31.0.jar:?]
	at org.openqa.selenium.remote.RemoteWebDriver.findElement(RemoteWebDriver.java:362) ~[selenium-remote-driver-4.31.0.jar:?]
	at org.openqa.selenium.support.pagefactory.DefaultElementLocator.findElement(DefaultElementLocator.java:68) ~[selenium-support-4.31.0.jar:?]
	at org.openqa.selenium.support.pagefactory.internal.LocatingElementHandler.invoke(LocatingElementHandler.java:38) ~[selenium-support-4.31.0.jar:?]
	at jdk.proxy2/jdk.proxy2.$Proxy29.click(Unknown Source) ~[?:?]
	at pageObjects.ProductPage.clickLoginLink(ProductPage.java:85) ~[test-classes/:?]
	at testCases.TC04_CompletePurchaseNg.addToCart(TC04_CompletePurchaseNg.java:77) ~[test-classes/:?]
	at java.base/jdk.internal.reflect.DirectMethodHandleAccessor.invoke(DirectMethodHandleAccessor.java:103) ~[?:?]
	at java.base/java.lang.reflect.Method.invoke(Method.java:580) ~[?:?]
	at org.testng.internal.invokers.MethodInvocationHelper.invokeMethod(MethodInvocationHelper.java:141) ~[testng-7.11.0.jar:7.11.0]
	at org.testng.internal.invokers.TestInvoker.invokeMethod(TestInvoker.java:687) ~[testng-7.11.0.jar:7.11.0]
	at org.testng.internal.invokers.TestInvoker.retryFailed(TestInvoker.java:269) ~[testng-7.11.0.jar:7.11.0]
	at org.testng.internal.invokers.MethodRunner.runInSequence(MethodRunner.java:76) ~[testng-7.11.0.jar:7.11.0]
	at org.testng.internal.invokers.TestInvoker$MethodInvocationAgent.invoke(TestInvoker.java:995) ~[testng-7.11.0.jar:7.11.0]
	at org.testng.internal.invokers.TestInvoker.invokeTestMethods(TestInvoker.java:203) ~[testng-7.11.0.jar:7.11.0]
	at org.testng.internal.invokers.TestMethodWorker.invokeTestMethods(TestMethodWorker.java:154) ~[testng-7.11.0.jar:7.11.0]
	at org.testng.internal.invokers.TestMethodWorker.run(TestMethodWorker.java:134) ~[testng-7.11.0.jar:7.11.0]
	at java.base/java.util.ArrayList.forEach(ArrayList.java:1597) ~[?:?]
	at org.testng.TestRunner.privateRun(TestRunner.java:741) ~[testng-7.11.0.jar:7.11.0]
	at org.testng.TestRunner.run(TestRunner.java:616) ~[testng-7.11.0.jar:7.11.0]
	at org.testng.SuiteRunner.runTest(SuiteRunner.java:421) ~[testng-7.11.0.jar:7.11.0]
	at org.testng.SuiteRunner$SuiteWorker.run(SuiteRunner.java:463) ~[testng-7.11.0.jar:7.11.0]
	at org.testng.internal.thread.ThreadUtil.lambda$execute$0(ThreadUtil.java:64) ~[testng-7.11.0.jar:7.11.0]
	at java.base/java.util.concurrent.FutureTask.run(FutureTask.java:317) ~[?:?]
	at java.base/java.util.concurrent.ThreadPoolExecutor.runWorker(ThreadPoolExecutor.java:1144) ~[?:?]
	at java.base/java.util.concurrent.ThreadPoolExecutor$Worker.run(ThreadPoolExecutor.java:642) ~[?:?]
	at java.base/java.lang.Thread.run(Thread.java:1575) [?:?]
2025-05-20 12:42:02 INFO  BaseClass:156 - Screenshot captured: C:\Users\malli\eclipse-workspace2\April2025\NinjaV6\screenshots\addToCart_20250520124202.png
2025-05-20 12:42:02 INFO  BaseClass:141 - Browser session closed successfully
2025-05-20 12:42:02 INFO  BaseClass:45 - Starting test execution with OS: windows and Browser: chrome
2025-05-20 12:42:02 DEBUG BaseClass:49 - Attempting to load config.properties file
2025-05-20 12:42:02 DEBUG BaseClass:53 - Successfully loaded properties file
2025-05-20 12:42:02 INFO  BaseClass:73 - Initializing browser: chrome
2025-05-20 12:42:02 DEBUG BaseClass:76 - Setting up Chrome browser
2025-05-20 12:42:03 ERROR TC04_CompletePurchaseNg:126 - Exception occurred during test execution
org.openqa.selenium.NoSuchElementException: Unable to locate element: //strong[normalize-space()='login page']
For documentation on this error, please visit: https://www.selenium.dev/documentation/webdriver/troubleshooting/errors#no-such-element-exception
Build info: version: '4.31.0', revision: '1ef9f18787*'
System info: os.name: 'Windows 11', os.arch: 'amd64', os.version: '10.0', java.version: '23.0.2'
Driver info: org.openqa.selenium.remote.RemoteWebDriver
Command: [2088a9e3-ca86-4935-8e54-6fde8258b6f3, findElement {using=xpath, value=//strong[normalize-space()='login page']}]
Capabilities {acceptInsecureCerts: true, browserName: firefox, browserVersion: 138.0.4, moz:accessibilityChecks: false, moz:buildID: 20250517143237, moz:firefoxOptions: {binary: C:\Users\malli\.cache\selen..., prefs: {remote.active-protocols: 3}}, moz:geckodriverVersion: 0.36.0, moz:headless: false, moz:platformVersion: 10.0, moz:processID: 1444, moz:profile: C:\Users\malli\AppData\Loca..., moz:shutdownTimeout: 60000, moz:webdriverClick: true, moz:windowless: false, pageLoadStrategy: normal, platformName: Windows 11, proxy: Proxy(), se:bidiEnabled: false, se:cdpEnabled: false, setWindowRect: true, strictFileInteractability: false, timeouts: {implicit: 0, pageLoad: 300000, script: 30000}, unhandledPromptBehavior: dismiss and notify, userAgent: Mozilla/5.0 (Windows NT 10....}
Session ID: 2088a9e3-ca86-4935-8e54-6fde8258b6f3
	at java.base/jdk.internal.reflect.DirectConstructorHandleAccessor.newInstance(DirectConstructorHandleAccessor.java:62) ~[?:?]
	at java.base/java.lang.reflect.Constructor.newInstanceWithCaller(Constructor.java:501) ~[?:?]
	at java.base/java.lang.reflect.Constructor.newInstance(Constructor.java:485) ~[?:?]
	at org.openqa.selenium.remote.ErrorCodec.decode(ErrorCodec.java:167) ~[selenium-remote-driver-4.31.0.jar:?]
	at org.openqa.selenium.remote.codec.w3c.W3CHttpResponseCodec.decode(W3CHttpResponseCodec.java:138) ~[selenium-remote-driver-4.31.0.jar:?]
	at org.openqa.selenium.remote.codec.w3c.W3CHttpResponseCodec.decode(W3CHttpResponseCodec.java:50) ~[selenium-remote-driver-4.31.0.jar:?]
	at org.openqa.selenium.remote.HttpCommandExecutor.execute(HttpCommandExecutor.java:215) ~[selenium-remote-driver-4.31.0.jar:?]
	at org.openqa.selenium.remote.TracedCommandExecutor.execute(TracedCommandExecutor.java:53) ~[selenium-remote-driver-4.31.0.jar:?]
	at org.openqa.selenium.remote.RemoteWebDriver.execute(RemoteWebDriver.java:545) ~[selenium-remote-driver-4.31.0.jar:?]
	at org.openqa.selenium.remote.ElementLocation$ElementFinder$2.findElement(ElementLocation.java:165) ~[selenium-remote-driver-4.31.0.jar:?]
	at org.openqa.selenium.remote.ElementLocation.findElement(ElementLocation.java:59) ~[selenium-remote-driver-4.31.0.jar:?]
	at org.openqa.selenium.remote.RemoteWebDriver.findElement(RemoteWebDriver.java:368) ~[selenium-remote-driver-4.31.0.jar:?]
	at org.openqa.selenium.remote.RemoteWebDriver.findElement(RemoteWebDriver.java:362) ~[selenium-remote-driver-4.31.0.jar:?]
	at org.openqa.selenium.support.pagefactory.DefaultElementLocator.findElement(DefaultElementLocator.java:68) ~[selenium-support-4.31.0.jar:?]
	at org.openqa.selenium.support.pagefactory.internal.LocatingElementHandler.invoke(LocatingElementHandler.java:38) ~[selenium-support-4.31.0.jar:?]
	at jdk.proxy2/jdk.proxy2.$Proxy29.click(Unknown Source) ~[?:?]
	at pageObjects.ProductPage.clickLoginLink(ProductPage.java:85) ~[test-classes/:?]
	at testCases.TC04_CompletePurchaseNg.addToCart(TC04_CompletePurchaseNg.java:77) ~[test-classes/:?]
	at java.base/jdk.internal.reflect.DirectMethodHandleAccessor.invoke(DirectMethodHandleAccessor.java:103) ~[?:?]
	at java.base/java.lang.reflect.Method.invoke(Method.java:580) ~[?:?]
	at org.testng.internal.invokers.MethodInvocationHelper.invokeMethod(MethodInvocationHelper.java:141) ~[testng-7.11.0.jar:7.11.0]
	at org.testng.internal.invokers.TestInvoker.invokeMethod(TestInvoker.java:687) ~[testng-7.11.0.jar:7.11.0]
	at org.testng.internal.invokers.TestInvoker.retryFailed(TestInvoker.java:269) ~[testng-7.11.0.jar:7.11.0]
	at org.testng.internal.invokers.MethodRunner.runInSequence(MethodRunner.java:76) ~[testng-7.11.0.jar:7.11.0]
	at org.testng.internal.invokers.TestInvoker$MethodInvocationAgent.invoke(TestInvoker.java:995) ~[testng-7.11.0.jar:7.11.0]
	at org.testng.internal.invokers.TestInvoker.invokeTestMethods(TestInvoker.java:203) ~[testng-7.11.0.jar:7.11.0]
	at org.testng.internal.invokers.TestMethodWorker.invokeTestMethods(TestMethodWorker.java:154) ~[testng-7.11.0.jar:7.11.0]
	at org.testng.internal.invokers.TestMethodWorker.run(TestMethodWorker.java:134) ~[testng-7.11.0.jar:7.11.0]
	at java.base/java.util.ArrayList.forEach(ArrayList.java:1597) ~[?:?]
	at org.testng.TestRunner.privateRun(TestRunner.java:741) ~[testng-7.11.0.jar:7.11.0]
	at org.testng.TestRunner.run(TestRunner.java:616) ~[testng-7.11.0.jar:7.11.0]
	at org.testng.SuiteRunner.runTest(SuiteRunner.java:421) ~[testng-7.11.0.jar:7.11.0]
	at org.testng.SuiteRunner$SuiteWorker.run(SuiteRunner.java:463) ~[testng-7.11.0.jar:7.11.0]
	at org.testng.internal.thread.ThreadUtil.lambda$execute$0(ThreadUtil.java:64) ~[testng-7.11.0.jar:7.11.0]
	at java.base/java.util.concurrent.FutureTask.run(FutureTask.java:317) ~[?:?]
	at java.base/java.util.concurrent.ThreadPoolExecutor.runWorker(ThreadPoolExecutor.java:1144) ~[?:?]
	at java.base/java.util.concurrent.ThreadPoolExecutor$Worker.run(ThreadPoolExecutor.java:642) ~[?:?]
	at java.base/java.lang.Thread.run(Thread.java:1575) [?:?]
2025-05-20 12:42:03 WARN  RetryAnalyzer:16 - Retrying test 'addToCart' (2 of 2)
2025-05-20 12:42:03 DEBUG TC04_CompletePurchaseNg:31 - Starting Complete Purchase test (TC04_CompletePurchaseNg)
2025-05-20 12:42:03 DEBUG TC04_CompletePurchaseNg:36 - Navigating to Laptops & Notebooks section
2025-05-20 12:42:03 DEBUG BaseClass:122 - Driver assigned to thread-local storage
2025-05-20 12:42:03 DEBUG TC04_CompletePurchaseNg:41 - Scrolling to select laptop
2025-05-20 12:42:04 INFO  BaseClass:128 - Application launched successfully: https://cloudberrystore.services/
2025-05-20 12:42:04 DEBUG TC03_AddToCartNg:27 - Starting testAddToCart
2025-05-20 12:42:04 DEBUG TC03_AddToCartNg:31 - Navigating to Laptops & Notebooks section
2025-05-20 12:42:04 DEBUG TC04_CompletePurchaseNg:45 - Clicking on selected laptop
2025-05-20 12:42:05 DEBUG TC04_CompletePurchaseNg:49 - Scrolling to delivery date input
2025-05-20 12:42:05 DEBUG TC03_AddToCartNg:38 - Scrolling to select laptop
2025-05-20 12:42:06 DEBUG TC04_CompletePurchaseNg:58 - Setting delivery date: 2025-05-25
2025-05-20 12:42:06 DEBUG TC03_AddToCartNg:43 - Clicking on selected laptop
2025-05-20 12:42:06 DEBUG TC03_AddToCartNg:48 - Scrolling to delivery date input
2025-05-20 12:42:07 DEBUG TC03_AddToCartNg:58 - Setting delivery date: 2025-05-25
2025-05-20 12:42:09 DEBUG TC04_CompletePurchaseNg:64 - Clicking Add to Cart
2025-05-20 12:42:11 DEBUG TC04_CompletePurchaseNg:68 - Scrolling to Checkout button
2025-05-20 12:42:12 DEBUG TC03_AddToCartNg:66 - Clicking Add to Cart
2025-05-20 12:42:13 DEBUG TC03_AddToCartNg:72 - Actual success message: Success: You have added HP LP3065 to your shopping cart!
2025-05-20 12:42:13 DEBUG TC03_AddToCartNg:75 - Validating if item was added to cart successfully
2025-05-20 12:42:13 INFO  TC03_AddToCartNg:77 - Item added to cart successfully.
2025-05-20 12:42:13 DEBUG TC03_AddToCartNg:88 - testAddToCart completed
2025-05-20 12:42:14 DEBUG TC04_CompletePurchaseNg:72 - Clicking Checkout
2025-05-20 12:42:14 INFO  BaseClass:141 - Browser session closed successfully
2025-05-20 12:42:15 DEBUG TC04_CompletePurchaseNg:76 - Clicking Login link on checkout
2025-05-20 12:42:25 ERROR TC04_CompletePurchaseNg:126 - Exception occurred during test execution
org.openqa.selenium.NoSuchElementException: Unable to locate element: //strong[normalize-space()='login page']
For documentation on this error, please visit: https://www.selenium.dev/documentation/webdriver/troubleshooting/errors#no-such-element-exception
Build info: version: '4.31.0', revision: '1ef9f18787*'
System info: os.name: 'Windows 11', os.arch: 'amd64', os.version: '10.0', java.version: '23.0.2'
Driver info: org.openqa.selenium.remote.RemoteWebDriver
Command: [2088a9e3-ca86-4935-8e54-6fde8258b6f3, findElement {using=xpath, value=//strong[normalize-space()='login page']}]
Capabilities {acceptInsecureCerts: true, browserName: firefox, browserVersion: 138.0.4, moz:accessibilityChecks: false, moz:buildID: 20250517143237, moz:firefoxOptions: {binary: C:\Users\malli\.cache\selen..., prefs: {remote.active-protocols: 3}}, moz:geckodriverVersion: 0.36.0, moz:headless: false, moz:platformVersion: 10.0, moz:processID: 1444, moz:profile: C:\Users\malli\AppData\Loca..., moz:shutdownTimeout: 60000, moz:webdriverClick: true, moz:windowless: false, pageLoadStrategy: normal, platformName: Windows 11, proxy: Proxy(), se:bidiEnabled: false, se:cdpEnabled: false, setWindowRect: true, strictFileInteractability: false, timeouts: {implicit: 0, pageLoad: 300000, script: 30000}, unhandledPromptBehavior: dismiss and notify, userAgent: Mozilla/5.0 (Windows NT 10....}
Session ID: 2088a9e3-ca86-4935-8e54-6fde8258b6f3
	at java.base/jdk.internal.reflect.DirectConstructorHandleAccessor.newInstance(DirectConstructorHandleAccessor.java:62) ~[?:?]
	at java.base/java.lang.reflect.Constructor.newInstanceWithCaller(Constructor.java:501) ~[?:?]
	at java.base/java.lang.reflect.Constructor.newInstance(Constructor.java:485) ~[?:?]
	at org.openqa.selenium.remote.ErrorCodec.decode(ErrorCodec.java:167) ~[selenium-remote-driver-4.31.0.jar:?]
	at org.openqa.selenium.remote.codec.w3c.W3CHttpResponseCodec.decode(W3CHttpResponseCodec.java:138) ~[selenium-remote-driver-4.31.0.jar:?]
	at org.openqa.selenium.remote.codec.w3c.W3CHttpResponseCodec.decode(W3CHttpResponseCodec.java:50) ~[selenium-remote-driver-4.31.0.jar:?]
	at org.openqa.selenium.remote.HttpCommandExecutor.execute(HttpCommandExecutor.java:215) ~[selenium-remote-driver-4.31.0.jar:?]
	at org.openqa.selenium.remote.TracedCommandExecutor.execute(TracedCommandExecutor.java:53) ~[selenium-remote-driver-4.31.0.jar:?]
	at org.openqa.selenium.remote.RemoteWebDriver.execute(RemoteWebDriver.java:545) ~[selenium-remote-driver-4.31.0.jar:?]
	at org.openqa.selenium.remote.ElementLocation$ElementFinder$2.findElement(ElementLocation.java:165) ~[selenium-remote-driver-4.31.0.jar:?]
	at org.openqa.selenium.remote.ElementLocation.findElement(ElementLocation.java:59) ~[selenium-remote-driver-4.31.0.jar:?]
	at org.openqa.selenium.remote.RemoteWebDriver.findElement(RemoteWebDriver.java:368) ~[selenium-remote-driver-4.31.0.jar:?]
	at org.openqa.selenium.remote.RemoteWebDriver.findElement(RemoteWebDriver.java:362) ~[selenium-remote-driver-4.31.0.jar:?]
	at org.openqa.selenium.support.pagefactory.DefaultElementLocator.findElement(DefaultElementLocator.java:68) ~[selenium-support-4.31.0.jar:?]
	at org.openqa.selenium.support.pagefactory.internal.LocatingElementHandler.invoke(LocatingElementHandler.java:38) ~[selenium-support-4.31.0.jar:?]
	at jdk.proxy2/jdk.proxy2.$Proxy29.click(Unknown Source) ~[?:?]
	at pageObjects.ProductPage.clickLoginLink(ProductPage.java:85) ~[test-classes/:?]
	at testCases.TC04_CompletePurchaseNg.addToCart(TC04_CompletePurchaseNg.java:77) ~[test-classes/:?]
	at java.base/jdk.internal.reflect.DirectMethodHandleAccessor.invoke(DirectMethodHandleAccessor.java:103) ~[?:?]
	at java.base/java.lang.reflect.Method.invoke(Method.java:580) ~[?:?]
	at org.testng.internal.invokers.MethodInvocationHelper.invokeMethod(MethodInvocationHelper.java:141) ~[testng-7.11.0.jar:7.11.0]
	at org.testng.internal.invokers.TestInvoker.invokeMethod(TestInvoker.java:687) ~[testng-7.11.0.jar:7.11.0]
	at org.testng.internal.invokers.TestInvoker.retryFailed(TestInvoker.java:269) ~[testng-7.11.0.jar:7.11.0]
	at org.testng.internal.invokers.MethodRunner.runInSequence(MethodRunner.java:76) ~[testng-7.11.0.jar:7.11.0]
	at org.testng.internal.invokers.TestInvoker$MethodInvocationAgent.invoke(TestInvoker.java:995) ~[testng-7.11.0.jar:7.11.0]
	at org.testng.internal.invokers.TestInvoker.invokeTestMethods(TestInvoker.java:203) ~[testng-7.11.0.jar:7.11.0]
	at org.testng.internal.invokers.TestMethodWorker.invokeTestMethods(TestMethodWorker.java:154) ~[testng-7.11.0.jar:7.11.0]
	at org.testng.internal.invokers.TestMethodWorker.run(TestMethodWorker.java:134) ~[testng-7.11.0.jar:7.11.0]
	at java.base/java.util.ArrayList.forEach(ArrayList.java:1597) ~[?:?]
	at org.testng.TestRunner.privateRun(TestRunner.java:741) ~[testng-7.11.0.jar:7.11.0]
	at org.testng.TestRunner.run(TestRunner.java:616) ~[testng-7.11.0.jar:7.11.0]
	at org.testng.SuiteRunner.runTest(SuiteRunner.java:421) ~[testng-7.11.0.jar:7.11.0]
	at org.testng.SuiteRunner$SuiteWorker.run(SuiteRunner.java:463) ~[testng-7.11.0.jar:7.11.0]
	at org.testng.internal.thread.ThreadUtil.lambda$execute$0(ThreadUtil.java:64) ~[testng-7.11.0.jar:7.11.0]
	at java.base/java.util.concurrent.FutureTask.run(FutureTask.java:317) ~[?:?]
	at java.base/java.util.concurrent.ThreadPoolExecutor.runWorker(ThreadPoolExecutor.java:1144) ~[?:?]
	at java.base/java.util.concurrent.ThreadPoolExecutor$Worker.run(ThreadPoolExecutor.java:642) ~[?:?]
	at java.base/java.lang.Thread.run(Thread.java:1575) [?:?]
2025-05-20 12:42:25 INFO  BaseClass:156 - Screenshot captured: C:\Users\malli\eclipse-workspace2\April2025\NinjaV6\screenshots\addToCart_20250520124225.png
2025-05-20 12:42:26 INFO  BaseClass:141 - Browser session closed successfully
2025-05-20 12:42:26 INFO  BaseClass:45 - Starting test execution with OS: windows and Browser: firefox
2025-05-20 12:42:26 DEBUG BaseClass:49 - Attempting to load config.properties file
2025-05-20 12:42:26 DEBUG BaseClass:53 - Successfully loaded properties file
2025-05-20 12:42:26 INFO  BaseClass:73 - Initializing browser: firefox
2025-05-20 12:42:26 DEBUG BaseClass:81 - Setting up Firefox browser
2025-05-20 12:42:30 DEBUG BaseClass:86 - Creating WebDriverWait for Firefox
2025-05-20 12:42:30 DEBUG BaseClass:122 - Driver assigned to thread-local storage
2025-05-20 12:42:31 INFO  BaseClass:128 - Application launched successfully: https://cloudberrystore.services/
2025-05-20 12:42:31 DEBUG TC03_AddToCartNg:27 - Starting testAddToCart
2025-05-20 12:42:31 DEBUG TC03_AddToCartNg:31 - Navigating to Laptops & Notebooks section
2025-05-20 12:42:32 DEBUG TC03_AddToCartNg:38 - Scrolling to select laptop
2025-05-20 12:42:33 DEBUG TC03_AddToCartNg:43 - Clicking on selected laptop
2025-05-20 12:42:33 DEBUG TC03_AddToCartNg:48 - Scrolling to delivery date input
2025-05-20 12:42:34 DEBUG TC03_AddToCartNg:58 - Setting delivery date: 2025-05-25
2025-05-20 12:42:38 DEBUG TC03_AddToCartNg:66 - Clicking Add to Cart
2025-05-20 12:42:50 ERROR TC03_AddToCartNg:84 - Exception occurred during test execution
org.openqa.selenium.NoSuchElementException: Unable to locate element: //div[@class='alert alert-success alert-dismissible']
For documentation on this error, please visit: https://www.selenium.dev/documentation/webdriver/troubleshooting/errors#no-such-element-exception
Build info: version: '4.31.0', revision: '1ef9f18787*'
System info: os.name: 'Windows 11', os.arch: 'amd64', os.version: '10.0', java.version: '23.0.2'
Driver info: org.openqa.selenium.remote.RemoteWebDriver
Command: [d70a4706-6f26-4044-886a-56b571db6ea8, findElement {using=xpath, value=//div[@class='alert alert-success alert-dismissible']}]
Capabilities {acceptInsecureCerts: true, browserName: firefox, browserVersion: 138.0.4, moz:accessibilityChecks: false, moz:buildID: 20250517143237, moz:firefoxOptions: {binary: C:\Users\malli\.cache\selen..., prefs: {remote.active-protocols: 3}}, moz:geckodriverVersion: 0.36.0, moz:headless: false, moz:platformVersion: 10.0, moz:processID: 22452, moz:profile: C:\Users\malli\AppData\Loca..., moz:shutdownTimeout: 60000, moz:webdriverClick: true, moz:windowless: false, pageLoadStrategy: normal, platformName: Windows 11, proxy: Proxy(), se:bidiEnabled: false, se:cdpEnabled: false, setWindowRect: true, strictFileInteractability: false, timeouts: {implicit: 0, pageLoad: 300000, script: 30000}, unhandledPromptBehavior: dismiss and notify, userAgent: Mozilla/5.0 (Windows NT 10....}
Session ID: d70a4706-6f26-4044-886a-56b571db6ea8
	at java.base/jdk.internal.reflect.DirectConstructorHandleAccessor.newInstance(DirectConstructorHandleAccessor.java:62) ~[?:?]
	at java.base/java.lang.reflect.Constructor.newInstanceWithCaller(Constructor.java:501) ~[?:?]
	at java.base/java.lang.reflect.Constructor.newInstance(Constructor.java:485) ~[?:?]
	at org.openqa.selenium.remote.ErrorCodec.decode(ErrorCodec.java:167) ~[selenium-remote-driver-4.31.0.jar:?]
	at org.openqa.selenium.remote.codec.w3c.W3CHttpResponseCodec.decode(W3CHttpResponseCodec.java:138) ~[selenium-remote-driver-4.31.0.jar:?]
	at org.openqa.selenium.remote.codec.w3c.W3CHttpResponseCodec.decode(W3CHttpResponseCodec.java:50) ~[selenium-remote-driver-4.31.0.jar:?]
	at org.openqa.selenium.remote.HttpCommandExecutor.execute(HttpCommandExecutor.java:215) ~[selenium-remote-driver-4.31.0.jar:?]
	at org.openqa.selenium.remote.TracedCommandExecutor.execute(TracedCommandExecutor.java:53) ~[selenium-remote-driver-4.31.0.jar:?]
	at org.openqa.selenium.remote.RemoteWebDriver.execute(RemoteWebDriver.java:545) ~[selenium-remote-driver-4.31.0.jar:?]
	at org.openqa.selenium.remote.ElementLocation$ElementFinder$2.findElement(ElementLocation.java:165) ~[selenium-remote-driver-4.31.0.jar:?]
	at org.openqa.selenium.remote.ElementLocation.findElement(ElementLocation.java:59) ~[selenium-remote-driver-4.31.0.jar:?]
	at org.openqa.selenium.remote.RemoteWebDriver.findElement(RemoteWebDriver.java:368) ~[selenium-remote-driver-4.31.0.jar:?]
	at org.openqa.selenium.remote.RemoteWebDriver.findElement(RemoteWebDriver.java:362) ~[selenium-remote-driver-4.31.0.jar:?]
	at org.openqa.selenium.support.pagefactory.DefaultElementLocator.findElement(DefaultElementLocator.java:68) ~[selenium-support-4.31.0.jar:?]
	at org.openqa.selenium.support.pagefactory.internal.LocatingElementHandler.invoke(LocatingElementHandler.java:38) ~[selenium-support-4.31.0.jar:?]
	at jdk.proxy2/jdk.proxy2.$Proxy29.getText(Unknown Source) ~[?:?]
	at testCases.TC03_AddToCartNg.testAddToCart(TC03_AddToCartNg.java:71) ~[test-classes/:?]
	at java.base/jdk.internal.reflect.DirectMethodHandleAccessor.invoke(DirectMethodHandleAccessor.java:103) ~[?:?]
	at java.base/java.lang.reflect.Method.invoke(Method.java:580) ~[?:?]
	at org.testng.internal.invokers.MethodInvocationHelper.invokeMethod(MethodInvocationHelper.java:141) ~[testng-7.11.0.jar:7.11.0]
	at org.testng.internal.invokers.TestInvoker.invokeMethod(TestInvoker.java:687) ~[testng-7.11.0.jar:7.11.0]
	at org.testng.internal.invokers.TestInvoker.invokeTestMethod(TestInvoker.java:230) ~[testng-7.11.0.jar:7.11.0]
	at org.testng.internal.invokers.MethodRunner.runInSequence(MethodRunner.java:63) ~[testng-7.11.0.jar:7.11.0]
	at org.testng.internal.invokers.TestInvoker$MethodInvocationAgent.invoke(TestInvoker.java:995) ~[testng-7.11.0.jar:7.11.0]
	at org.testng.internal.invokers.TestInvoker.invokeTestMethods(TestInvoker.java:203) ~[testng-7.11.0.jar:7.11.0]
	at org.testng.internal.invokers.TestMethodWorker.invokeTestMethods(TestMethodWorker.java:154) ~[testng-7.11.0.jar:7.11.0]
	at org.testng.internal.invokers.TestMethodWorker.run(TestMethodWorker.java:134) ~[testng-7.11.0.jar:7.11.0]
	at java.base/java.util.ArrayList.forEach(ArrayList.java:1597) ~[?:?]
	at org.testng.TestRunner.privateRun(TestRunner.java:741) ~[testng-7.11.0.jar:7.11.0]
	at org.testng.TestRunner.run(TestRunner.java:616) ~[testng-7.11.0.jar:7.11.0]
	at org.testng.SuiteRunner.runTest(SuiteRunner.java:421) ~[testng-7.11.0.jar:7.11.0]
	at org.testng.SuiteRunner$SuiteWorker.run(SuiteRunner.java:463) ~[testng-7.11.0.jar:7.11.0]
	at org.testng.internal.thread.ThreadUtil.lambda$execute$0(ThreadUtil.java:64) ~[testng-7.11.0.jar:7.11.0]
	at java.base/java.util.concurrent.FutureTask.run(FutureTask.java:317) ~[?:?]
	at java.base/java.util.concurrent.ThreadPoolExecutor.runWorker(ThreadPoolExecutor.java:1144) ~[?:?]
	at java.base/java.util.concurrent.ThreadPoolExecutor$Worker.run(ThreadPoolExecutor.java:642) ~[?:?]
	at java.base/java.lang.Thread.run(Thread.java:1575) [?:?]
2025-05-20 12:42:50 WARN  RetryAnalyzer:16 - Retrying test 'testAddToCart' (1 of 2)
2025-05-20 12:42:50 DEBUG TC03_AddToCartNg:27 - Starting testAddToCart
2025-05-20 12:42:50 DEBUG TC03_AddToCartNg:31 - Navigating to Laptops & Notebooks section
2025-05-20 12:42:50 ERROR TC03_AddToCartNg:84 - Exception occurred during test execution
org.openqa.selenium.ElementNotInteractableException: Element <a class="nav-link dropdown-toggle" href="https://www.cloudberrystore.services/index.php?route=product/category&language=en-gb&path=18"> could not be scrolled into view
Build info: version: '4.31.0', revision: '1ef9f18787*'
System info: os.name: 'Windows 11', os.arch: 'amd64', os.version: '10.0', java.version: '23.0.2'
Driver info: org.openqa.selenium.remote.RemoteWebDriver
Command: [d70a4706-6f26-4044-886a-56b571db6ea8, clickElement {id=7276ffe7-74ce-41eb-9df7-d693157c5fc1}]
Capabilities {acceptInsecureCerts: true, browserName: firefox, browserVersion: 138.0.4, moz:accessibilityChecks: false, moz:buildID: 20250517143237, moz:firefoxOptions: {binary: C:\Users\malli\.cache\selen..., prefs: {remote.active-protocols: 3}}, moz:geckodriverVersion: 0.36.0, moz:headless: false, moz:platformVersion: 10.0, moz:processID: 22452, moz:profile: C:\Users\malli\AppData\Loca..., moz:shutdownTimeout: 60000, moz:webdriverClick: true, moz:windowless: false, pageLoadStrategy: normal, platformName: Windows 11, proxy: Proxy(), se:bidiEnabled: false, se:cdpEnabled: false, setWindowRect: true, strictFileInteractability: false, timeouts: {implicit: 0, pageLoad: 300000, script: 30000}, unhandledPromptBehavior: dismiss and notify, userAgent: Mozilla/5.0 (Windows NT 10....}
Element: [[RemoteWebDriver: firefox on Windows 11 (d70a4706-6f26-4044-886a-56b571db6ea8)] -> xpath: //a[normalize-space()='Laptops & Notebooks']]
Session ID: d70a4706-6f26-4044-886a-56b571db6ea8
	at java.base/jdk.internal.reflect.DirectConstructorHandleAccessor.newInstance(DirectConstructorHandleAccessor.java:62) ~[?:?]
	at java.base/java.lang.reflect.Constructor.newInstanceWithCaller(Constructor.java:501) ~[?:?]
	at java.base/java.lang.reflect.Constructor.newInstance(Constructor.java:485) ~[?:?]
	at org.openqa.selenium.remote.ErrorCodec.decode(ErrorCodec.java:167) ~[selenium-remote-driver-4.31.0.jar:?]
	at org.openqa.selenium.remote.codec.w3c.W3CHttpResponseCodec.decode(W3CHttpResponseCodec.java:138) ~[selenium-remote-driver-4.31.0.jar:?]
	at org.openqa.selenium.remote.codec.w3c.W3CHttpResponseCodec.decode(W3CHttpResponseCodec.java:50) ~[selenium-remote-driver-4.31.0.jar:?]
	at org.openqa.selenium.remote.HttpCommandExecutor.execute(HttpCommandExecutor.java:215) ~[selenium-remote-driver-4.31.0.jar:?]
	at org.openqa.selenium.remote.TracedCommandExecutor.execute(TracedCommandExecutor.java:53) ~[selenium-remote-driver-4.31.0.jar:?]
	at org.openqa.selenium.remote.RemoteWebDriver.execute(RemoteWebDriver.java:545) ~[selenium-remote-driver-4.31.0.jar:?]
	at org.openqa.selenium.remote.RemoteWebElement.execute(RemoteWebElement.java:223) ~[selenium-remote-driver-4.31.0.jar:?]
	at org.openqa.selenium.remote.RemoteWebElement.click(RemoteWebElement.java:76) ~[selenium-remote-driver-4.31.0.jar:?]
	at java.base/jdk.internal.reflect.DirectMethodHandleAccessor.invoke(DirectMethodHandleAccessor.java:103) ~[?:?]
	at java.base/java.lang.reflect.Method.invoke(Method.java:580) ~[?:?]
	at org.openqa.selenium.support.pagefactory.internal.LocatingElementHandler.invoke(LocatingElementHandler.java:51) ~[selenium-support-4.31.0.jar:?]
	at jdk.proxy2/jdk.proxy2.$Proxy29.click(Unknown Source) ~[?:?]
	at testCases.TC03_AddToCartNg.testAddToCart(TC03_AddToCartNg.java:32) ~[test-classes/:?]
	at java.base/jdk.internal.reflect.DirectMethodHandleAccessor.invoke(DirectMethodHandleAccessor.java:103) ~[?:?]
	at java.base/java.lang.reflect.Method.invoke(Method.java:580) ~[?:?]
	at org.testng.internal.invokers.MethodInvocationHelper.invokeMethod(MethodInvocationHelper.java:141) ~[testng-7.11.0.jar:7.11.0]
	at org.testng.internal.invokers.TestInvoker.invokeMethod(TestInvoker.java:687) ~[testng-7.11.0.jar:7.11.0]
	at org.testng.internal.invokers.TestInvoker.retryFailed(TestInvoker.java:269) ~[testng-7.11.0.jar:7.11.0]
	at org.testng.internal.invokers.MethodRunner.runInSequence(MethodRunner.java:76) ~[testng-7.11.0.jar:7.11.0]
	at org.testng.internal.invokers.TestInvoker$MethodInvocationAgent.invoke(TestInvoker.java:995) ~[testng-7.11.0.jar:7.11.0]
	at org.testng.internal.invokers.TestInvoker.invokeTestMethods(TestInvoker.java:203) ~[testng-7.11.0.jar:7.11.0]
	at org.testng.internal.invokers.TestMethodWorker.invokeTestMethods(TestMethodWorker.java:154) ~[testng-7.11.0.jar:7.11.0]
	at org.testng.internal.invokers.TestMethodWorker.run(TestMethodWorker.java:134) ~[testng-7.11.0.jar:7.11.0]
	at java.base/java.util.ArrayList.forEach(ArrayList.java:1597) ~[?:?]
	at org.testng.TestRunner.privateRun(TestRunner.java:741) ~[testng-7.11.0.jar:7.11.0]
	at org.testng.TestRunner.run(TestRunner.java:616) ~[testng-7.11.0.jar:7.11.0]
	at org.testng.SuiteRunner.runTest(SuiteRunner.java:421) ~[testng-7.11.0.jar:7.11.0]
	at org.testng.SuiteRunner$SuiteWorker.run(SuiteRunner.java:463) ~[testng-7.11.0.jar:7.11.0]
	at org.testng.internal.thread.ThreadUtil.lambda$execute$0(ThreadUtil.java:64) ~[testng-7.11.0.jar:7.11.0]
	at java.base/java.util.concurrent.FutureTask.run(FutureTask.java:317) ~[?:?]
	at java.base/java.util.concurrent.ThreadPoolExecutor.runWorker(ThreadPoolExecutor.java:1144) ~[?:?]
	at java.base/java.util.concurrent.ThreadPoolExecutor$Worker.run(ThreadPoolExecutor.java:642) ~[?:?]
	at java.base/java.lang.Thread.run(Thread.java:1575) [?:?]
2025-05-20 12:42:50 WARN  RetryAnalyzer:16 - Retrying test 'testAddToCart' (2 of 2)
2025-05-20 12:42:50 DEBUG TC03_AddToCartNg:27 - Starting testAddToCart
2025-05-20 12:42:50 DEBUG TC03_AddToCartNg:31 - Navigating to Laptops & Notebooks section
2025-05-20 12:42:50 ERROR TC03_AddToCartNg:84 - Exception occurred during test execution
org.openqa.selenium.ElementNotInteractableException: Element <a class="nav-link dropdown-toggle" href="https://www.cloudberrystore.services/index.php?route=product/category&language=en-gb&path=18"> could not be scrolled into view
Build info: version: '4.31.0', revision: '1ef9f18787*'
System info: os.name: 'Windows 11', os.arch: 'amd64', os.version: '10.0', java.version: '23.0.2'
Driver info: org.openqa.selenium.remote.RemoteWebDriver
Command: [d70a4706-6f26-4044-886a-56b571db6ea8, clickElement {id=7276ffe7-74ce-41eb-9df7-d693157c5fc1}]
Capabilities {acceptInsecureCerts: true, browserName: firefox, browserVersion: 138.0.4, moz:accessibilityChecks: false, moz:buildID: 20250517143237, moz:firefoxOptions: {binary: C:\Users\malli\.cache\selen..., prefs: {remote.active-protocols: 3}}, moz:geckodriverVersion: 0.36.0, moz:headless: false, moz:platformVersion: 10.0, moz:processID: 22452, moz:profile: C:\Users\malli\AppData\Loca..., moz:shutdownTimeout: 60000, moz:webdriverClick: true, moz:windowless: false, pageLoadStrategy: normal, platformName: Windows 11, proxy: Proxy(), se:bidiEnabled: false, se:cdpEnabled: false, setWindowRect: true, strictFileInteractability: false, timeouts: {implicit: 0, pageLoad: 300000, script: 30000}, unhandledPromptBehavior: dismiss and notify, userAgent: Mozilla/5.0 (Windows NT 10....}
Element: [[RemoteWebDriver: firefox on Windows 11 (d70a4706-6f26-4044-886a-56b571db6ea8)] -> xpath: //a[normalize-space()='Laptops & Notebooks']]
Session ID: d70a4706-6f26-4044-886a-56b571db6ea8
	at java.base/jdk.internal.reflect.DirectConstructorHandleAccessor.newInstance(DirectConstructorHandleAccessor.java:62) ~[?:?]
	at java.base/java.lang.reflect.Constructor.newInstanceWithCaller(Constructor.java:501) ~[?:?]
	at java.base/java.lang.reflect.Constructor.newInstance(Constructor.java:485) ~[?:?]
	at org.openqa.selenium.remote.ErrorCodec.decode(ErrorCodec.java:167) ~[selenium-remote-driver-4.31.0.jar:?]
	at org.openqa.selenium.remote.codec.w3c.W3CHttpResponseCodec.decode(W3CHttpResponseCodec.java:138) ~[selenium-remote-driver-4.31.0.jar:?]
	at org.openqa.selenium.remote.codec.w3c.W3CHttpResponseCodec.decode(W3CHttpResponseCodec.java:50) ~[selenium-remote-driver-4.31.0.jar:?]
	at org.openqa.selenium.remote.HttpCommandExecutor.execute(HttpCommandExecutor.java:215) ~[selenium-remote-driver-4.31.0.jar:?]
	at org.openqa.selenium.remote.TracedCommandExecutor.execute(TracedCommandExecutor.java:53) ~[selenium-remote-driver-4.31.0.jar:?]
	at org.openqa.selenium.remote.RemoteWebDriver.execute(RemoteWebDriver.java:545) ~[selenium-remote-driver-4.31.0.jar:?]
	at org.openqa.selenium.remote.RemoteWebElement.execute(RemoteWebElement.java:223) ~[selenium-remote-driver-4.31.0.jar:?]
	at org.openqa.selenium.remote.RemoteWebElement.click(RemoteWebElement.java:76) ~[selenium-remote-driver-4.31.0.jar:?]
	at java.base/jdk.internal.reflect.DirectMethodHandleAccessor.invoke(DirectMethodHandleAccessor.java:103) ~[?:?]
	at java.base/java.lang.reflect.Method.invoke(Method.java:580) ~[?:?]
	at org.openqa.selenium.support.pagefactory.internal.LocatingElementHandler.invoke(LocatingElementHandler.java:51) ~[selenium-support-4.31.0.jar:?]
	at jdk.proxy2/jdk.proxy2.$Proxy29.click(Unknown Source) ~[?:?]
	at testCases.TC03_AddToCartNg.testAddToCart(TC03_AddToCartNg.java:32) ~[test-classes/:?]
	at java.base/jdk.internal.reflect.DirectMethodHandleAccessor.invoke(DirectMethodHandleAccessor.java:103) ~[?:?]
	at java.base/java.lang.reflect.Method.invoke(Method.java:580) ~[?:?]
	at org.testng.internal.invokers.MethodInvocationHelper.invokeMethod(MethodInvocationHelper.java:141) ~[testng-7.11.0.jar:7.11.0]
	at org.testng.internal.invokers.TestInvoker.invokeMethod(TestInvoker.java:687) ~[testng-7.11.0.jar:7.11.0]
	at org.testng.internal.invokers.TestInvoker.retryFailed(TestInvoker.java:269) ~[testng-7.11.0.jar:7.11.0]
	at org.testng.internal.invokers.MethodRunner.runInSequence(MethodRunner.java:76) ~[testng-7.11.0.jar:7.11.0]
	at org.testng.internal.invokers.TestInvoker$MethodInvocationAgent.invoke(TestInvoker.java:995) ~[testng-7.11.0.jar:7.11.0]
	at org.testng.internal.invokers.TestInvoker.invokeTestMethods(TestInvoker.java:203) ~[testng-7.11.0.jar:7.11.0]
	at org.testng.internal.invokers.TestMethodWorker.invokeTestMethods(TestMethodWorker.java:154) ~[testng-7.11.0.jar:7.11.0]
	at org.testng.internal.invokers.TestMethodWorker.run(TestMethodWorker.java:134) ~[testng-7.11.0.jar:7.11.0]
	at java.base/java.util.ArrayList.forEach(ArrayList.java:1597) ~[?:?]
	at org.testng.TestRunner.privateRun(TestRunner.java:741) ~[testng-7.11.0.jar:7.11.0]
	at org.testng.TestRunner.run(TestRunner.java:616) ~[testng-7.11.0.jar:7.11.0]
	at org.testng.SuiteRunner.runTest(SuiteRunner.java:421) ~[testng-7.11.0.jar:7.11.0]
	at org.testng.SuiteRunner$SuiteWorker.run(SuiteRunner.java:463) ~[testng-7.11.0.jar:7.11.0]
	at org.testng.internal.thread.ThreadUtil.lambda$execute$0(ThreadUtil.java:64) ~[testng-7.11.0.jar:7.11.0]
	at java.base/java.util.concurrent.FutureTask.run(FutureTask.java:317) ~[?:?]
	at java.base/java.util.concurrent.ThreadPoolExecutor.runWorker(ThreadPoolExecutor.java:1144) ~[?:?]
	at java.base/java.util.concurrent.ThreadPoolExecutor$Worker.run(ThreadPoolExecutor.java:642) ~[?:?]
	at java.base/java.lang.Thread.run(Thread.java:1575) [?:?]
2025-05-20 12:42:51 INFO  BaseClass:156 - Screenshot captured: C:\Users\malli\eclipse-workspace2\April2025\NinjaV6\screenshots\testAddToCart_20250520124251.png
2025-05-20 12:42:51 INFO  BaseClass:141 - Browser session closed successfully
