<!DOCTYPE html PUBLIC "-//W3C//DTD XHTML 1.1//EN" "https://www.w3.org/TR/xhtml11/DTD/xhtml11.dtd">
<html xmlns="https://www.w3.org/1999/xhtml">
<head>
<meta http-equiv="content-type" content="text/html; charset=UTF-8"/>
<title>TestNG Report</title>
<style type="text/css">table {margin-bottom:10px;border-collapse:collapse;empty-cells:show}th,td {border:1px solid #009;padding:.25em .5em}th {vertical-align:bottom}td {vertical-align:top}table a {font-weight:bold}.stripe td {background-color: #E6EBF9}.num {text-align:right}.passedodd td {background-color: #3F3}.passedeven td {background-color: #0A0}.skippedodd td {background-color: #DDD}.skippedeven td {background-color: #CCC}.failedodd td,.attn {background-color: #F33}.failedeven td,.stripe .attn {background-color: #D00}.stacktrace {white-space:pre;font-family:monospace}.totop {font-size:85%;text-align:center;border-bottom:2px solid #000}.invisible {display:none}</style>
</head>
<body>
<table>
<tr><th>Test</th><th># Passed</th><th># Skipped</th><th># Retried</th><th># Failed</th><th>Time (ms)</th><th>Included Groups</th><th>Excluded Groups</th></tr>
<tr><th colspan="8">Suite</th></tr>
<tr><td><a href="#t0">edgeTest</a></td><td class="num">9</td><td class="num">0</td><td class="num attn">2</td><td class="num attn">1</td><td class="num">106,279</td><td>datadriven, regression, sanity</td><td></td></tr>
<tr class="stripe"><td><a href="#t1">chromeTest</a></td><td class="num">8</td><td class="num">0</td><td class="num attn">4</td><td class="num attn">2</td><td class="num">136,275</td><td>datadriven, regression, sanity</td><td></td></tr>
<tr><td><a href="#t2">firefoxTest</a></td><td class="num">7</td><td class="num">0</td><td class="num attn">6</td><td class="num attn">3</td><td class="num">208,113</td><td>datadriven, regression, sanity</td><td></td></tr>
<tr><th>Total</th><th class="num">24</th><th class="num">0</th><th class="num attn">12</th><th class="num attn">6</th><th class="num">450,667</th><th colspan="2"></th></tr>
</table>
<table id='summary'><thead><tr><th>Class</th><th>Method</th><th>Start</th><th>Time (ms)</th></tr></thead><tbody><tr><th colspan="4">Suite</th></tr></tbody><tbody id="t0"><tr><th colspan="4">edgeTest &#8212; failed</th></tr><tr class="failedeven"><td rowspan="1">testCases.TC05_WishListNg</td><td><a href="#m0">testAddToWishList</a></td><td rowspan="1">1747613967162</td><td rowspan="1">1087</td></tr><tr><th colspan="4">edgeTest &#8212; retried</th></tr><tr class="retriedeven"><td rowspan="2">testCases.TC05_WishListNg</td><td><a href="#m1">testAddToWishList</a></td><td rowspan="2">1747613951449</td><td rowspan="2">14612</td></tr><tr class="retriedeven"><td><a href="#m2">testAddToWishList</a></td></tr><tr><th colspan="4">edgeTest &#8212; passed</th></tr><tr class="passedeven"><td rowspan="1">testCases.TC01_LaunchApplication</td><td><a href="#m3">testLaunchApplication</a></td><td rowspan="1">1747613991236</td><td rowspan="1">23</td></tr><tr class="passedodd"><td rowspan="5">testCases.TC02_Login_Ng</td><td><a href="#m4">testLogin</a></td><td rowspan="5">1747613937311</td><td rowspan="5">2746</td></tr><tr class="passedodd"><td><a href="#m5">testLogin</a></td></tr><tr class="passedodd"><td><a href="#m6">testLogin</a></td></tr><tr class="passedodd"><td><a href="#m7">testLogin</a></td></tr><tr class="passedodd"><td><a href="#m8">testLogin</a></td></tr><tr class="passedeven"><td rowspan="1">testCases.TC03_AddToCartNg</td><td><a href="#m9">testAddToCart</a></td><td rowspan="1">1747614023755</td><td rowspan="1">9226</td></tr><tr class="passedodd"><td rowspan="1">testCases.TC04_CompletePurchaseNg</td><td><a href="#m10">addToCart</a></td><td rowspan="1">1747613994719</td><td rowspan="1">25040</td></tr><tr class="passedeven"><td rowspan="1">testCases.TC06_AddAffiliateNg</td><td><a href="#m11">testAddAffiliate</a></td><td rowspan="1">1747613972549</td><td rowspan="1">13569</td></tr></tbody>
<tbody id="t1"><tr><th colspan="4">chromeTest &#8212; failed</th></tr><tr class="failedeven"><td rowspan="1">testCases.TC04_CompletePurchaseNg</td><td><a href="#m12">addToCart</a></td><td rowspan="1">1747614029635</td><td rowspan="1">22072</td></tr><tr class="failedodd"><td rowspan="1">testCases.TC05_WishListNg</td><td><a href="#m13">testAddToWishList</a></td><td rowspan="1">1747613966123</td><td rowspan="1">1099</td></tr><tr><th colspan="4">chromeTest &#8212; retried</th></tr><tr class="retriedeven"><td rowspan="2">testCases.TC04_CompletePurchaseNg</td><td><a href="#m14">addToCart</a></td><td rowspan="2">1747613990037</td><td rowspan="2">17482</td></tr><tr class="retriedeven"><td><a href="#m15">addToCart</a></td></tr><tr class="retriedodd"><td rowspan="2">testCases.TC05_WishListNg</td><td><a href="#m16">testAddToWishList</a></td><td rowspan="2">1747613949637</td><td rowspan="2">15381</td></tr><tr class="retriedodd"><td><a href="#m17">testAddToWishList</a></td></tr><tr><th colspan="4">chromeTest &#8212; passed</th></tr><tr class="passedeven"><td rowspan="1">testCases.TC01_LaunchApplication</td><td><a href="#m18">testLaunchApplication</a></td><td rowspan="1">1747613987425</td><td rowspan="1">21</td></tr><tr class="passedodd"><td rowspan="5">testCases.TC02_Login_Ng</td><td><a href="#m19">testLogin</a></td><td rowspan="5">1747613939896</td><td rowspan="5">2009</td></tr><tr class="passedodd"><td><a href="#m20">testLogin</a></td></tr><tr class="passedodd"><td><a href="#m21">testLogin</a></td></tr><tr class="passedodd"><td><a href="#m22">testLogin</a></td></tr><tr class="passedodd"><td><a href="#m23">testLogin</a></td></tr><tr class="passedeven"><td rowspan="1">testCases.TC03_AddToCartNg</td><td><a href="#m24">testAddToCart</a></td><td rowspan="1">1747614054424</td><td rowspan="1">8975</td></tr><tr class="passedodd"><td rowspan="1">testCases.TC06_AddAffiliateNg</td><td><a href="#m25">testAddAffiliate</a></td><td rowspan="1">1747613969799</td><td rowspan="1">14391</td></tr></tbody>
<tbody id="t2"><tr><th colspan="4">firefoxTest &#8212; failed</th></tr><tr class="failedeven"><td rowspan="1">testCases.TC03_AddToCartNg</td><td><a href="#m26">testAddToCart</a></td><td rowspan="1">1747614135335</td><td rowspan="1">26</td></tr><tr class="failedodd"><td rowspan="1">testCases.TC04_CompletePurchaseNg</td><td><a href="#m27">addToCart</a></td><td rowspan="1">1747614088063</td><td rowspan="1">21989</td></tr><tr class="failedeven"><td rowspan="1">testCases.TC05_WishListNg</td><td><a href="#m28">testAddToWishList</a></td><td rowspan="1">1747614012445</td><td rowspan="1">27</td></tr><tr><th colspan="4">firefoxTest &#8212; retried</th></tr><tr class="retriedeven"><td rowspan="2">testCases.TC03_AddToCartNg</td><td><a href="#m29">testAddToCart</a></td><td rowspan="2">1747614116225</td><td rowspan="2">19085</td></tr><tr class="retriedeven"><td><a href="#m30">testAddToCart</a></td></tr><tr class="retriedodd"><td rowspan="2">testCases.TC04_CompletePurchaseNg</td><td><a href="#m31">addToCart</a></td><td rowspan="2">1747614066140</td><td rowspan="2">21921</td></tr><tr class="retriedodd"><td><a href="#m32">addToCart</a></td></tr><tr class="retriedeven"><td rowspan="2">testCases.TC05_WishListNg</td><td><a href="#m33">testAddToWishList</a></td><td rowspan="2">1747614012418</td><td rowspan="2">23</td></tr><tr class="retriedeven"><td><a href="#m34">testAddToWishList</a></td></tr><tr><th colspan="4">firefoxTest &#8212; passed</th></tr><tr class="passedeven"><td rowspan="1">testCases.TC01_LaunchApplication</td><td><a href="#m35">testLaunchApplication</a></td><td rowspan="1">1747614037274</td><td rowspan="1">11</td></tr><tr class="passedodd"><td rowspan="5">testCases.TC02_Login_Ng</td><td><a href="#m36">testLogin</a></td><td rowspan="5">1747613981742</td><td rowspan="5">1705</td></tr><tr class="passedodd"><td><a href="#m37">testLogin</a></td></tr><tr class="passedodd"><td><a href="#m38">testLogin</a></td></tr><tr class="passedodd"><td><a href="#m39">testLogin</a></td></tr><tr class="passedodd"><td><a href="#m40">testLogin</a></td></tr><tr class="passedeven"><td rowspan="1">testCases.TC06_AddAffiliateNg</td><td><a href="#m41">testAddAffiliate</a></td><td rowspan="1">1747614019097</td><td rowspan="1">11541</td></tr></tbody>
</table>
<h2>edgeTest</h2><h3 id="m0">testCases.TC05_WishListNg#testAddToWishList</h3><table class="result"><tr><th>Exception</th></tr><tr><td><div class="stacktrace">java.lang.AssertionError: Test failed due to exception: element click intercepted: Element is not clickable at point (813, -539)
  (Session info: MicrosoftEdge=136.0.3240.76)
Build info: version: &apos;4.31.0&apos;, revision: &apos;1ef9f18787*&apos;
System info: os.name: &apos;Windows 11&apos;, os.arch: &apos;amd64&apos;, os.version: &apos;10.0&apos;, java.version: &apos;23.0.2&apos;
Driver info: org.openqa.selenium.remote.RemoteWebDriver
Command: [214b395f3358172c49a4790f3b54d642, clickElement {id=f.2891F7AA99167EBC2BA8CCA859CC9E8D.d.CF126AA2251CE5115B3BF600A2F3F20B.e.106}]
Capabilities {acceptInsecureCerts: false, browserName: MicrosoftEdge, browserVersion: 136.0.3240.76, fedcm:accounts: true, ms:edgeOptions: {debuggerAddress: localhost:51930}, msedge: {msedgedriverVersion: 136.0.3240.76 (77e9ec69748f..., userDataDir: C:\Users\malli\AppData\Loca...}, networkConnectionEnabled: false, pageLoadStrategy: normal, platformName: Windows 11, proxy: Proxy(), se:bidiEnabled: false, se:cdp: ws://192.168.1.204:4444/ses..., se:cdpVersion: 136.0.3240.76, setWindowRect: true, strictFileInteractability: false, timeouts: {implicit: 0, pageLoad: 300000, script: 30000}, unhandledPromptBehavior: dismiss and notify, webauthn:extension:credBlob: true, webauthn:extension:largeBlob: true, webauthn:extension:minPinLength: true, webauthn:extension:prf: true, webauthn:virtualAuthenticators: true}
Element: [[RemoteWebDriver: MicrosoftEdge on Windows 11 (214b395f3358172c49a4790f3b54d642)] -&gt; xpath: //i[@class=&apos;fa-solid fa-user&apos;]]
Session ID: 214b395f3358172c49a4790f3b54d642
	at testCases.TC05_WishListNg.testAddToWishList(TC05_WishListNg.java:72)
	at java.base/java.util.ArrayList.forEach(ArrayList.java:1597)
	at java.base/java.util.concurrent.FutureTask.run(FutureTask.java:317)
	at java.base/java.util.concurrent.ThreadPoolExecutor.runWorker(ThreadPoolExecutor.java:1144)
	at java.base/java.util.concurrent.ThreadPoolExecutor$Worker.run(ThreadPoolExecutor.java:642)
	at java.base/java.lang.Thread.run(Thread.java:1575)
... Removed 16 stack frames</div></td></tr></table><p class="totop"><a href="#summary">back to summary</a></p>
<h3 id="m1">testCases.TC05_WishListNg#testAddToWishList</h3><table class="result"><tr><th>Exception</th></tr><tr><td><div class="stacktrace">java.lang.AssertionError: Test failed due to exception: no such element: Unable to locate element: {&quot;method&quot;:&quot;xpath&quot;,&quot;selector&quot;:&quot;//div[@class=&apos;alert alert-success alert-dismissible&apos;]&quot;}
  (Session info: MicrosoftEdge=136.0.3240.76)
For documentation on this error, please visit: https://www.selenium.dev/documentation/webdriver/troubleshooting/errors#no-such-element-exception
Build info: version: &apos;4.31.0&apos;, revision: &apos;1ef9f18787*&apos;
System info: os.name: &apos;Windows 11&apos;, os.arch: &apos;amd64&apos;, os.version: &apos;10.0&apos;, java.version: &apos;23.0.2&apos;
Driver info: org.openqa.selenium.remote.RemoteWebDriver
Command: [214b395f3358172c49a4790f3b54d642, findElement {using=xpath, value=//div[@class=&apos;alert alert-success alert-dismissible&apos;]}]
Capabilities {acceptInsecureCerts: false, browserName: MicrosoftEdge, browserVersion: 136.0.3240.76, fedcm:accounts: true, ms:edgeOptions: {debuggerAddress: localhost:51930}, msedge: {msedgedriverVersion: 136.0.3240.76 (77e9ec69748f..., userDataDir: C:\Users\malli\AppData\Loca...}, networkConnectionEnabled: false, pageLoadStrategy: normal, platformName: Windows 11, proxy: Proxy(), se:bidiEnabled: false, se:cdp: ws://192.168.1.204:4444/ses..., se:cdpVersion: 136.0.3240.76, setWindowRect: true, strictFileInteractability: false, timeouts: {implicit: 0, pageLoad: 300000, script: 30000}, unhandledPromptBehavior: dismiss and notify, webauthn:extension:credBlob: true, webauthn:extension:largeBlob: true, webauthn:extension:minPinLength: true, webauthn:extension:prf: true, webauthn:virtualAuthenticators: true}
Session ID: 214b395f3358172c49a4790f3b54d642
	at testCases.TC05_WishListNg.testAddToWishList(TC05_WishListNg.java:72)
	at java.base/java.util.ArrayList.forEach(ArrayList.java:1597)
	at java.base/java.util.concurrent.FutureTask.run(FutureTask.java:317)
	at java.base/java.util.concurrent.ThreadPoolExecutor.runWorker(ThreadPoolExecutor.java:1144)
	at java.base/java.util.concurrent.ThreadPoolExecutor$Worker.run(ThreadPoolExecutor.java:642)
	at java.base/java.lang.Thread.run(Thread.java:1575)
... Removed 16 stack frames</div></td></tr></table><p class="totop"><a href="#summary">back to summary</a></p>
<h3 id="m2">testCases.TC05_WishListNg#testAddToWishList</h3><table class="result"><tr><th>Exception</th></tr><tr><td><div class="stacktrace">java.lang.AssertionError: Test failed due to exception: element click intercepted: Element is not clickable at point (813, -548)
  (Session info: MicrosoftEdge=136.0.3240.76)
Build info: version: &apos;4.31.0&apos;, revision: &apos;1ef9f18787*&apos;
System info: os.name: &apos;Windows 11&apos;, os.arch: &apos;amd64&apos;, os.version: &apos;10.0&apos;, java.version: &apos;23.0.2&apos;
Driver info: org.openqa.selenium.remote.RemoteWebDriver
Command: [214b395f3358172c49a4790f3b54d642, clickElement {id=f.2891F7AA99167EBC2BA8CCA859CC9E8D.d.CF126AA2251CE5115B3BF600A2F3F20B.e.106}]
Capabilities {acceptInsecureCerts: false, browserName: MicrosoftEdge, browserVersion: 136.0.3240.76, fedcm:accounts: true, ms:edgeOptions: {debuggerAddress: localhost:51930}, msedge: {msedgedriverVersion: 136.0.3240.76 (77e9ec69748f..., userDataDir: C:\Users\malli\AppData\Loca...}, networkConnectionEnabled: false, pageLoadStrategy: normal, platformName: Windows 11, proxy: Proxy(), se:bidiEnabled: false, se:cdp: ws://192.168.1.204:4444/ses..., se:cdpVersion: 136.0.3240.76, setWindowRect: true, strictFileInteractability: false, timeouts: {implicit: 0, pageLoad: 300000, script: 30000}, unhandledPromptBehavior: dismiss and notify, webauthn:extension:credBlob: true, webauthn:extension:largeBlob: true, webauthn:extension:minPinLength: true, webauthn:extension:prf: true, webauthn:virtualAuthenticators: true}
Element: [[RemoteWebDriver: MicrosoftEdge on Windows 11 (214b395f3358172c49a4790f3b54d642)] -&gt; xpath: //i[@class=&apos;fa-solid fa-user&apos;]]
Session ID: 214b395f3358172c49a4790f3b54d642
	at testCases.TC05_WishListNg.testAddToWishList(TC05_WishListNg.java:72)
	at java.base/java.util.ArrayList.forEach(ArrayList.java:1597)
	at java.base/java.util.concurrent.FutureTask.run(FutureTask.java:317)
	at java.base/java.util.concurrent.ThreadPoolExecutor.runWorker(ThreadPoolExecutor.java:1144)
	at java.base/java.util.concurrent.ThreadPoolExecutor$Worker.run(ThreadPoolExecutor.java:642)
	at java.base/java.lang.Thread.run(Thread.java:1575)
... Removed 16 stack frames</div></td></tr></table><p class="totop"><a href="#summary">back to summary</a></p>
<h3 id="m3">testCases.TC01_LaunchApplication#testLaunchApplication</h3><table class="result"><tr><th class="invisible"/></tr></table><p class="totop"><a href="#summary">back to summary</a></p>
<h3 id="m4">testCases.TC02_Login_Ng#testLogin</h3><table class="result"><tr class="param"><th>Parameter #1</th><th>Parameter #2</th></tr><tr class="param stripe"><td>smitasharma.qa@gmail.com</td><td>ss*QA123</td></tr></table><p class="totop"><a href="#summary">back to summary</a></p>
<h3 id="m5">testCases.TC02_Login_Ng#testLogin</h3><table class="result"><tr class="param"><th>Parameter #1</th><th>Parameter #2</th></tr><tr class="param stripe"><td>nona@yahoo.com</td><td>QWER!@#$</td></tr></table><p class="totop"><a href="#summary">back to summary</a></p>
<h3 id="m6">testCases.TC02_Login_Ng#testLogin</h3><table class="result"><tr class="param"><th>Parameter #1</th><th>Parameter #2</th></tr><tr class="param stripe"><td>hichamkhachiai@gmail.com</td><td>hicham123</td></tr></table><p class="totop"><a href="#summary">back to summary</a></p>
<h3 id="m7">testCases.TC02_Login_Ng#testLogin</h3><table class="result"><tr class="param"><th>Parameter #1</th><th>Parameter #2</th></tr><tr class="param stripe"><td>sid@cloudberry.services</td><td>Test123</td></tr></table><p class="totop"><a href="#summary">back to summary</a></p>
<h3 id="m8">testCases.TC02_Login_Ng#testLogin</h3><table class="result"><tr class="param"><th>Parameter #1</th><th>Parameter #2</th></tr><tr class="param stripe"><td>apushedwoman@gmail.com</td><td>password123</td></tr></table><p class="totop"><a href="#summary">back to summary</a></p>
<h3 id="m9">testCases.TC03_AddToCartNg#testAddToCart</h3><table class="result"><tr><th class="invisible"/></tr></table><p class="totop"><a href="#summary">back to summary</a></p>
<h3 id="m10">testCases.TC04_CompletePurchaseNg#addToCart</h3><table class="result"><tr><th class="invisible"/></tr></table><p class="totop"><a href="#summary">back to summary</a></p>
<h3 id="m11">testCases.TC06_AddAffiliateNg#testAddAffiliate</h3><table class="result"><tr><th class="invisible"/></tr></table><p class="totop"><a href="#summary">back to summary</a></p>
<h2>chromeTest</h2><h3 id="m12">testCases.TC04_CompletePurchaseNg#addToCart</h3><table class="result"><tr><th>Exception</th></tr><tr><td><div class="stacktrace">java.lang.AssertionError: Test failed due to exception: no such element: Unable to locate element: {&quot;method&quot;:&quot;xpath&quot;,&quot;selector&quot;:&quot;//strong[normalize-space()=&apos;login page&apos;]&quot;}
  (Session info: chrome=136.0.7103.114)
For documentation on this error, please visit: https://www.selenium.dev/documentation/webdriver/troubleshooting/errors#no-such-element-exception
Build info: version: &apos;4.31.0&apos;, revision: &apos;1ef9f18787*&apos;
System info: os.name: &apos;Windows 11&apos;, os.arch: &apos;amd64&apos;, os.version: &apos;10.0&apos;, java.version: &apos;23.0.2&apos;
Driver info: org.openqa.selenium.remote.RemoteWebDriver
Command: [e61d9fb683ddd0bd5e501a5274c6f35b, findElement {using=xpath, value=//strong[normalize-space()=&apos;login page&apos;]}]
Capabilities {acceptInsecureCerts: false, browserName: chrome, browserVersion: 136.0.7103.114, chrome: {chromedriverVersion: 136.0.7103.94 (fa0be0b33deb..., userDataDir: C:\Users\malli\AppData\Loca...}, fedcm:accounts: true, goog:chromeOptions: {debuggerAddress: localhost:52572}, networkConnectionEnabled: false, pageLoadStrategy: normal, platformName: Windows 11, proxy: Proxy(), se:bidiEnabled: false, se:cdp: ws://192.168.1.204:4444/ses..., se:cdpVersion: 136.0.7103.114, setWindowRect: true, strictFileInteractability: false, timeouts: {implicit: 0, pageLoad: 300000, script: 30000}, unhandledPromptBehavior: dismiss and notify, webauthn:extension:credBlob: true, webauthn:extension:largeBlob: true, webauthn:extension:minPinLength: true, webauthn:extension:prf: true, webauthn:virtualAuthenticators: true}
Session ID: e61d9fb683ddd0bd5e501a5274c6f35b
	at testCases.TC04_CompletePurchaseNg.addToCart(TC04_CompletePurchaseNg.java:127)
	at java.base/java.util.ArrayList.forEach(ArrayList.java:1597)
	at java.base/java.util.concurrent.FutureTask.run(FutureTask.java:317)
	at java.base/java.util.concurrent.ThreadPoolExecutor.runWorker(ThreadPoolExecutor.java:1144)
	at java.base/java.util.concurrent.ThreadPoolExecutor$Worker.run(ThreadPoolExecutor.java:642)
	at java.base/java.lang.Thread.run(Thread.java:1575)
... Removed 16 stack frames</div></td></tr></table><p class="totop"><a href="#summary">back to summary</a></p>
<h3 id="m13">testCases.TC05_WishListNg#testAddToWishList</h3><table class="result"><tr><th>Exception</th></tr><tr><td><div class="stacktrace">java.lang.AssertionError: Test failed due to exception: element click intercepted: Element is not clickable at point (817, -547)
  (Session info: chrome=136.0.7103.114)
Build info: version: &apos;4.31.0&apos;, revision: &apos;1ef9f18787*&apos;
System info: os.name: &apos;Windows 11&apos;, os.arch: &apos;amd64&apos;, os.version: &apos;10.0&apos;, java.version: &apos;23.0.2&apos;
Driver info: org.openqa.selenium.remote.RemoteWebDriver
Command: [f6d83044cbef540593a2a37d6b8d2721, clickElement {id=f.C4EDC42AE7844FF1776B1877A74E1E4F.d.EBBDB96619F5B93B3EE6B59763138768.e.103}]
Capabilities {acceptInsecureCerts: false, browserName: chrome, browserVersion: 136.0.7103.114, chrome: {chromedriverVersion: 136.0.7103.94 (fa0be0b33deb..., userDataDir: C:\Users\malli\AppData\Loca...}, fedcm:accounts: true, goog:chromeOptions: {debuggerAddress: localhost:51909}, networkConnectionEnabled: false, pageLoadStrategy: normal, platformName: Windows 11, proxy: Proxy(), se:bidiEnabled: false, se:cdp: ws://192.168.1.204:4444/ses..., se:cdpVersion: 136.0.7103.114, setWindowRect: true, strictFileInteractability: false, timeouts: {implicit: 0, pageLoad: 300000, script: 30000}, unhandledPromptBehavior: dismiss and notify, webauthn:extension:credBlob: true, webauthn:extension:largeBlob: true, webauthn:extension:minPinLength: true, webauthn:extension:prf: true, webauthn:virtualAuthenticators: true}
Element: [[RemoteWebDriver: chrome on Windows 11 (f6d83044cbef540593a2a37d6b8d2721)] -&gt; xpath: //i[@class=&apos;fa-solid fa-user&apos;]]
Session ID: f6d83044cbef540593a2a37d6b8d2721
	at testCases.TC05_WishListNg.testAddToWishList(TC05_WishListNg.java:72)
	at java.base/java.util.ArrayList.forEach(ArrayList.java:1597)
	at java.base/java.util.concurrent.FutureTask.run(FutureTask.java:317)
	at java.base/java.util.concurrent.ThreadPoolExecutor.runWorker(ThreadPoolExecutor.java:1144)
	at java.base/java.util.concurrent.ThreadPoolExecutor$Worker.run(ThreadPoolExecutor.java:642)
	at java.base/java.lang.Thread.run(Thread.java:1575)
... Removed 16 stack frames</div></td></tr></table><p class="totop"><a href="#summary">back to summary</a></p>
<h3 id="m14">testCases.TC04_CompletePurchaseNg#addToCart</h3><table class="result"><tr><th>Exception</th></tr><tr><td><div class="stacktrace">java.lang.AssertionError: Test failed due to exception: stale element reference: stale element not found
  (Session info: chrome=136.0.7103.114)
For documentation on this error, please visit: https://www.selenium.dev/documentation/webdriver/troubleshooting/errors#stale-element-reference-exception
Build info: version: &apos;4.31.0&apos;, revision: &apos;1ef9f18787*&apos;
System info: os.name: &apos;Windows 11&apos;, os.arch: &apos;amd64&apos;, os.version: &apos;10.0&apos;, java.version: &apos;23.0.2&apos;
Driver info: org.openqa.selenium.remote.RemoteWebDriver
Command: [e61d9fb683ddd0bd5e501a5274c6f35b, clickElement {id=f.B139E9EB126BF72A6ECB6C77DDCCFD09.d.873CFF83A25F052746BB49483582471D.e.174}]
Capabilities {acceptInsecureCerts: false, browserName: chrome, browserVersion: 136.0.7103.114, chrome: {chromedriverVersion: 136.0.7103.94 (fa0be0b33deb..., userDataDir: C:\Users\malli\AppData\Loca...}, fedcm:accounts: true, goog:chromeOptions: {debuggerAddress: localhost:52572}, networkConnectionEnabled: false, pageLoadStrategy: normal, platformName: Windows 11, proxy: Proxy(), se:bidiEnabled: false, se:cdp: ws://192.168.1.204:4444/ses..., se:cdpVersion: 136.0.7103.114, setWindowRect: true, strictFileInteractability: false, timeouts: {implicit: 0, pageLoad: 300000, script: 30000}, unhandledPromptBehavior: dismiss and notify, webauthn:extension:credBlob: true, webauthn:extension:largeBlob: true, webauthn:extension:minPinLength: true, webauthn:extension:prf: true, webauthn:virtualAuthenticators: true}
Element: [[RemoteWebDriver: chrome on Windows 11 (e61d9fb683ddd0bd5e501a5274c6f35b)] -&gt; xpath: //a[@title=&apos;Checkout&apos;]//i[@class=&apos;fa-solid fa-share&apos;]]
Session ID: e61d9fb683ddd0bd5e501a5274c6f35b
	at testCases.TC04_CompletePurchaseNg.addToCart(TC04_CompletePurchaseNg.java:127)
	at java.base/java.util.ArrayList.forEach(ArrayList.java:1597)
	at java.base/java.util.concurrent.FutureTask.run(FutureTask.java:317)
	at java.base/java.util.concurrent.ThreadPoolExecutor.runWorker(ThreadPoolExecutor.java:1144)
	at java.base/java.util.concurrent.ThreadPoolExecutor$Worker.run(ThreadPoolExecutor.java:642)
	at java.base/java.lang.Thread.run(Thread.java:1575)
... Removed 16 stack frames</div></td></tr></table><p class="totop"><a href="#summary">back to summary</a></p>
<h3 id="m15">testCases.TC04_CompletePurchaseNg#addToCart</h3><table class="result"><tr><th>Exception</th></tr><tr><td><div class="stacktrace">java.lang.AssertionError: Test failed due to exception: no such element: Unable to locate element: {&quot;method&quot;:&quot;xpath&quot;,&quot;selector&quot;:&quot;//strong[normalize-space()=&apos;login page&apos;]&quot;}
  (Session info: chrome=136.0.7103.114)
For documentation on this error, please visit: https://www.selenium.dev/documentation/webdriver/troubleshooting/errors#no-such-element-exception
Build info: version: &apos;4.31.0&apos;, revision: &apos;1ef9f18787*&apos;
System info: os.name: &apos;Windows 11&apos;, os.arch: &apos;amd64&apos;, os.version: &apos;10.0&apos;, java.version: &apos;23.0.2&apos;
Driver info: org.openqa.selenium.remote.RemoteWebDriver
Command: [e61d9fb683ddd0bd5e501a5274c6f35b, findElement {using=xpath, value=//strong[normalize-space()=&apos;login page&apos;]}]
Capabilities {acceptInsecureCerts: false, browserName: chrome, browserVersion: 136.0.7103.114, chrome: {chromedriverVersion: 136.0.7103.94 (fa0be0b33deb..., userDataDir: C:\Users\malli\AppData\Loca...}, fedcm:accounts: true, goog:chromeOptions: {debuggerAddress: localhost:52572}, networkConnectionEnabled: false, pageLoadStrategy: normal, platformName: Windows 11, proxy: Proxy(), se:bidiEnabled: false, se:cdp: ws://192.168.1.204:4444/ses..., se:cdpVersion: 136.0.7103.114, setWindowRect: true, strictFileInteractability: false, timeouts: {implicit: 0, pageLoad: 300000, script: 30000}, unhandledPromptBehavior: dismiss and notify, webauthn:extension:credBlob: true, webauthn:extension:largeBlob: true, webauthn:extension:minPinLength: true, webauthn:extension:prf: true, webauthn:virtualAuthenticators: true}
Session ID: e61d9fb683ddd0bd5e501a5274c6f35b
	at testCases.TC04_CompletePurchaseNg.addToCart(TC04_CompletePurchaseNg.java:127)
	at java.base/java.util.ArrayList.forEach(ArrayList.java:1597)
	at java.base/java.util.concurrent.FutureTask.run(FutureTask.java:317)
	at java.base/java.util.concurrent.ThreadPoolExecutor.runWorker(ThreadPoolExecutor.java:1144)
	at java.base/java.util.concurrent.ThreadPoolExecutor$Worker.run(ThreadPoolExecutor.java:642)
	at java.base/java.lang.Thread.run(Thread.java:1575)
... Removed 16 stack frames</div></td></tr></table><p class="totop"><a href="#summary">back to summary</a></p>
<h3 id="m16">testCases.TC05_WishListNg#testAddToWishList</h3><table class="result"><tr><th>Exception</th></tr><tr><td><div class="stacktrace">java.lang.AssertionError: Test failed due to exception: no such element: Unable to locate element: {&quot;method&quot;:&quot;xpath&quot;,&quot;selector&quot;:&quot;//div[@class=&apos;alert alert-success alert-dismissible&apos;]&quot;}
  (Session info: chrome=136.0.7103.114)
For documentation on this error, please visit: https://www.selenium.dev/documentation/webdriver/troubleshooting/errors#no-such-element-exception
Build info: version: &apos;4.31.0&apos;, revision: &apos;1ef9f18787*&apos;
System info: os.name: &apos;Windows 11&apos;, os.arch: &apos;amd64&apos;, os.version: &apos;10.0&apos;, java.version: &apos;23.0.2&apos;
Driver info: org.openqa.selenium.remote.RemoteWebDriver
Command: [f6d83044cbef540593a2a37d6b8d2721, findElement {using=xpath, value=//div[@class=&apos;alert alert-success alert-dismissible&apos;]}]
Capabilities {acceptInsecureCerts: false, browserName: chrome, browserVersion: 136.0.7103.114, chrome: {chromedriverVersion: 136.0.7103.94 (fa0be0b33deb..., userDataDir: C:\Users\malli\AppData\Loca...}, fedcm:accounts: true, goog:chromeOptions: {debuggerAddress: localhost:51909}, networkConnectionEnabled: false, pageLoadStrategy: normal, platformName: Windows 11, proxy: Proxy(), se:bidiEnabled: false, se:cdp: ws://192.168.1.204:4444/ses..., se:cdpVersion: 136.0.7103.114, setWindowRect: true, strictFileInteractability: false, timeouts: {implicit: 0, pageLoad: 300000, script: 30000}, unhandledPromptBehavior: dismiss and notify, webauthn:extension:credBlob: true, webauthn:extension:largeBlob: true, webauthn:extension:minPinLength: true, webauthn:extension:prf: true, webauthn:virtualAuthenticators: true}
Session ID: f6d83044cbef540593a2a37d6b8d2721
	at testCases.TC05_WishListNg.testAddToWishList(TC05_WishListNg.java:72)
	at java.base/java.util.ArrayList.forEach(ArrayList.java:1597)
	at java.base/java.util.concurrent.FutureTask.run(FutureTask.java:317)
	at java.base/java.util.concurrent.ThreadPoolExecutor.runWorker(ThreadPoolExecutor.java:1144)
	at java.base/java.util.concurrent.ThreadPoolExecutor$Worker.run(ThreadPoolExecutor.java:642)
	at java.base/java.lang.Thread.run(Thread.java:1575)
... Removed 16 stack frames</div></td></tr></table><p class="totop"><a href="#summary">back to summary</a></p>
<h3 id="m17">testCases.TC05_WishListNg#testAddToWishList</h3><table class="result"><tr><th>Exception</th></tr><tr><td><div class="stacktrace">java.lang.AssertionError: Test failed due to exception: element click intercepted: Element is not clickable at point (817, -552)
  (Session info: chrome=136.0.7103.114)
Build info: version: &apos;4.31.0&apos;, revision: &apos;1ef9f18787*&apos;
System info: os.name: &apos;Windows 11&apos;, os.arch: &apos;amd64&apos;, os.version: &apos;10.0&apos;, java.version: &apos;23.0.2&apos;
Driver info: org.openqa.selenium.remote.RemoteWebDriver
Command: [f6d83044cbef540593a2a37d6b8d2721, clickElement {id=f.C4EDC42AE7844FF1776B1877A74E1E4F.d.EBBDB96619F5B93B3EE6B59763138768.e.103}]
Capabilities {acceptInsecureCerts: false, browserName: chrome, browserVersion: 136.0.7103.114, chrome: {chromedriverVersion: 136.0.7103.94 (fa0be0b33deb..., userDataDir: C:\Users\malli\AppData\Loca...}, fedcm:accounts: true, goog:chromeOptions: {debuggerAddress: localhost:51909}, networkConnectionEnabled: false, pageLoadStrategy: normal, platformName: Windows 11, proxy: Proxy(), se:bidiEnabled: false, se:cdp: ws://192.168.1.204:4444/ses..., se:cdpVersion: 136.0.7103.114, setWindowRect: true, strictFileInteractability: false, timeouts: {implicit: 0, pageLoad: 300000, script: 30000}, unhandledPromptBehavior: dismiss and notify, webauthn:extension:credBlob: true, webauthn:extension:largeBlob: true, webauthn:extension:minPinLength: true, webauthn:extension:prf: true, webauthn:virtualAuthenticators: true}
Element: [[RemoteWebDriver: chrome on Windows 11 (f6d83044cbef540593a2a37d6b8d2721)] -&gt; xpath: //i[@class=&apos;fa-solid fa-user&apos;]]
Session ID: f6d83044cbef540593a2a37d6b8d2721
	at testCases.TC05_WishListNg.testAddToWishList(TC05_WishListNg.java:72)
	at java.base/java.util.ArrayList.forEach(ArrayList.java:1597)
	at java.base/java.util.concurrent.FutureTask.run(FutureTask.java:317)
	at java.base/java.util.concurrent.ThreadPoolExecutor.runWorker(ThreadPoolExecutor.java:1144)
	at java.base/java.util.concurrent.ThreadPoolExecutor$Worker.run(ThreadPoolExecutor.java:642)
	at java.base/java.lang.Thread.run(Thread.java:1575)
... Removed 16 stack frames</div></td></tr></table><p class="totop"><a href="#summary">back to summary</a></p>
<h3 id="m18">testCases.TC01_LaunchApplication#testLaunchApplication</h3><table class="result"><tr><th class="invisible"/></tr></table><p class="totop"><a href="#summary">back to summary</a></p>
<h3 id="m19">testCases.TC02_Login_Ng#testLogin</h3><table class="result"><tr class="param"><th>Parameter #1</th><th>Parameter #2</th></tr><tr class="param stripe"><td>nona@yahoo.com</td><td>QWER!@#$</td></tr></table><p class="totop"><a href="#summary">back to summary</a></p>
<h3 id="m20">testCases.TC02_Login_Ng#testLogin</h3><table class="result"><tr class="param"><th>Parameter #1</th><th>Parameter #2</th></tr><tr class="param stripe"><td>apushedwoman@gmail.com</td><td>password123</td></tr></table><p class="totop"><a href="#summary">back to summary</a></p>
<h3 id="m21">testCases.TC02_Login_Ng#testLogin</h3><table class="result"><tr class="param"><th>Parameter #1</th><th>Parameter #2</th></tr><tr class="param stripe"><td>hichamkhachiai@gmail.com</td><td>hicham123</td></tr></table><p class="totop"><a href="#summary">back to summary</a></p>
<h3 id="m22">testCases.TC02_Login_Ng#testLogin</h3><table class="result"><tr class="param"><th>Parameter #1</th><th>Parameter #2</th></tr><tr class="param stripe"><td>sid@cloudberry.services</td><td>Test123</td></tr></table><p class="totop"><a href="#summary">back to summary</a></p>
<h3 id="m23">testCases.TC02_Login_Ng#testLogin</h3><table class="result"><tr class="param"><th>Parameter #1</th><th>Parameter #2</th></tr><tr class="param stripe"><td>smitasharma.qa@gmail.com</td><td>ss*QA123</td></tr></table><p class="totop"><a href="#summary">back to summary</a></p>
<h3 id="m24">testCases.TC03_AddToCartNg#testAddToCart</h3><table class="result"><tr><th class="invisible"/></tr></table><p class="totop"><a href="#summary">back to summary</a></p>
<h3 id="m25">testCases.TC06_AddAffiliateNg#testAddAffiliate</h3><table class="result"><tr><th class="invisible"/></tr></table><p class="totop"><a href="#summary">back to summary</a></p>
<h2>firefoxTest</h2><h3 id="m26">testCases.TC03_AddToCartNg#testAddToCart</h3><table class="result"><tr><th>Exception</th></tr><tr><td><div class="stacktrace">java.lang.AssertionError: Test failed due to exception: Element &lt;a class=&quot;nav-link dropdown-toggle&quot; href=&quot;https://www.cloudberrystore.services/index.php?route=product/category&amp;language=en-gb&amp;path=18&quot;&gt; could not be scrolled into view
Build info: version: &apos;4.31.0&apos;, revision: &apos;1ef9f18787*&apos;
System info: os.name: &apos;Windows 11&apos;, os.arch: &apos;amd64&apos;, os.version: &apos;10.0&apos;, java.version: &apos;23.0.2&apos;
Driver info: org.openqa.selenium.remote.RemoteWebDriver
Command: [329975b2-3301-4707-82df-9bf99e81ceff, clickElement {id=56615fe2-91ed-4ed7-809a-22e68901ae63}]
Capabilities {acceptInsecureCerts: true, browserName: firefox, browserVersion: 138.0.4, moz:accessibilityChecks: false, moz:buildID: 20250517143237, moz:firefoxOptions: {binary: C:\Users\malli\.cache\selen..., prefs: {remote.active-protocols: 3}}, moz:geckodriverVersion: 0.36.0, moz:headless: false, moz:platformVersion: 10.0, moz:processID: 28860, moz:profile: C:\Users\malli\AppData\Loca..., moz:shutdownTimeout: 60000, moz:webdriverClick: true, moz:windowless: false, pageLoadStrategy: normal, platformName: Windows 11, proxy: Proxy(), se:bidiEnabled: false, se:cdpEnabled: false, setWindowRect: true, strictFileInteractability: false, timeouts: {implicit: 0, pageLoad: 300000, script: 30000}, unhandledPromptBehavior: dismiss and notify, userAgent: Mozilla/5.0 (Windows NT 10....}
Element: [[RemoteWebDriver: firefox on Windows 11 (329975b2-3301-4707-82df-9bf99e81ceff)] -&gt; xpath: //a[normalize-space()=&apos;Laptops &amp; Notebooks&apos;]]
Session ID: 329975b2-3301-4707-82df-9bf99e81ceff
	at testCases.TC03_AddToCartNg.testAddToCart(TC03_AddToCartNg.java:85)
	at java.base/java.util.ArrayList.forEach(ArrayList.java:1597)
	at java.base/java.util.concurrent.FutureTask.run(FutureTask.java:317)
	at java.base/java.util.concurrent.ThreadPoolExecutor.runWorker(ThreadPoolExecutor.java:1144)
	at java.base/java.util.concurrent.ThreadPoolExecutor$Worker.run(ThreadPoolExecutor.java:642)
	at java.base/java.lang.Thread.run(Thread.java:1575)
... Removed 16 stack frames</div></td></tr></table><p class="totop"><a href="#summary">back to summary</a></p>
<h3 id="m27">testCases.TC04_CompletePurchaseNg#addToCart</h3><table class="result"><tr><th>Exception</th></tr><tr><td><div class="stacktrace">java.lang.AssertionError: Test failed due to exception: Unable to locate element: //strong[normalize-space()=&apos;login page&apos;]
For documentation on this error, please visit: https://www.selenium.dev/documentation/webdriver/troubleshooting/errors#no-such-element-exception
Build info: version: &apos;4.31.0&apos;, revision: &apos;1ef9f18787*&apos;
System info: os.name: &apos;Windows 11&apos;, os.arch: &apos;amd64&apos;, os.version: &apos;10.0&apos;, java.version: &apos;23.0.2&apos;
Driver info: org.openqa.selenium.remote.RemoteWebDriver
Command: [e5ecfe0b-fa9f-4bfd-a36b-1f9d30e20bf2, findElement {using=xpath, value=//strong[normalize-space()=&apos;login page&apos;]}]
Capabilities {acceptInsecureCerts: true, browserName: firefox, browserVersion: 138.0.4, moz:accessibilityChecks: false, moz:buildID: 20250517143237, moz:firefoxOptions: {binary: C:\Users\malli\.cache\selen..., prefs: {remote.active-protocols: 3}}, moz:geckodriverVersion: 0.36.0, moz:headless: false, moz:platformVersion: 10.0, moz:processID: 19864, moz:profile: C:\Users\malli\AppData\Loca..., moz:shutdownTimeout: 60000, moz:webdriverClick: true, moz:windowless: false, pageLoadStrategy: normal, platformName: Windows 11, proxy: Proxy(), se:bidiEnabled: false, se:cdpEnabled: false, setWindowRect: true, strictFileInteractability: false, timeouts: {implicit: 0, pageLoad: 300000, script: 30000}, unhandledPromptBehavior: dismiss and notify, userAgent: Mozilla/5.0 (Windows NT 10....}
Session ID: e5ecfe0b-fa9f-4bfd-a36b-1f9d30e20bf2
	at testCases.TC04_CompletePurchaseNg.addToCart(TC04_CompletePurchaseNg.java:127)
	at java.base/java.util.ArrayList.forEach(ArrayList.java:1597)
	at java.base/java.util.concurrent.FutureTask.run(FutureTask.java:317)
	at java.base/java.util.concurrent.ThreadPoolExecutor.runWorker(ThreadPoolExecutor.java:1144)
	at java.base/java.util.concurrent.ThreadPoolExecutor$Worker.run(ThreadPoolExecutor.java:642)
	at java.base/java.lang.Thread.run(Thread.java:1575)
... Removed 16 stack frames</div></td></tr></table><p class="totop"><a href="#summary">back to summary</a></p>
<h3 id="m28">testCases.TC05_WishListNg#testAddToWishList</h3><table class="result"><tr><th>Exception</th></tr><tr><td><div class="stacktrace">java.lang.AssertionError: Test failed due to exception: Element &lt;i class=&quot;fa-solid fa-user&quot;&gt; could not be scrolled into view
Build info: version: &apos;4.31.0&apos;, revision: &apos;1ef9f18787*&apos;
System info: os.name: &apos;Windows 11&apos;, os.arch: &apos;amd64&apos;, os.version: &apos;10.0&apos;, java.version: &apos;23.0.2&apos;
Driver info: org.openqa.selenium.remote.RemoteWebDriver
Command: [7d20a740-51fd-4bf5-8b85-290864bb6bf7, clickElement {id=5ecfc9e6-fecc-465a-a865-0e82e7ad0f9e}]
Capabilities {acceptInsecureCerts: true, browserName: firefox, browserVersion: 138.0.4, moz:accessibilityChecks: false, moz:buildID: 20250517143237, moz:firefoxOptions: {binary: C:\Users\malli\.cache\selen..., prefs: {remote.active-protocols: 3}}, moz:geckodriverVersion: 0.36.0, moz:headless: false, moz:platformVersion: 10.0, moz:processID: 30276, moz:profile: C:\Users\malli\AppData\Loca..., moz:shutdownTimeout: 60000, moz:webdriverClick: true, moz:windowless: false, pageLoadStrategy: normal, platformName: Windows 11, proxy: Proxy(), se:bidiEnabled: false, se:cdpEnabled: false, setWindowRect: true, strictFileInteractability: false, timeouts: {implicit: 0, pageLoad: 300000, script: 30000}, unhandledPromptBehavior: dismiss and notify, userAgent: Mozilla/5.0 (Windows NT 10....}
Element: [[RemoteWebDriver: firefox on Windows 11 (7d20a740-51fd-4bf5-8b85-290864bb6bf7)] -&gt; xpath: //i[@class=&apos;fa-solid fa-user&apos;]]
Session ID: 7d20a740-51fd-4bf5-8b85-290864bb6bf7
	at testCases.TC05_WishListNg.testAddToWishList(TC05_WishListNg.java:72)
	at java.base/java.util.ArrayList.forEach(ArrayList.java:1597)
	at java.base/java.util.concurrent.FutureTask.run(FutureTask.java:317)
	at java.base/java.util.concurrent.ThreadPoolExecutor.runWorker(ThreadPoolExecutor.java:1144)
	at java.base/java.util.concurrent.ThreadPoolExecutor$Worker.run(ThreadPoolExecutor.java:642)
	at java.base/java.lang.Thread.run(Thread.java:1575)
... Removed 16 stack frames</div></td></tr></table><p class="totop"><a href="#summary">back to summary</a></p>
<h3 id="m29">testCases.TC03_AddToCartNg#testAddToCart</h3><table class="result"><tr><th>Exception</th></tr><tr><td><div class="stacktrace">java.lang.AssertionError: Test failed due to exception: Unable to locate element: //div[@class=&apos;alert alert-success alert-dismissible&apos;]
For documentation on this error, please visit: https://www.selenium.dev/documentation/webdriver/troubleshooting/errors#no-such-element-exception
Build info: version: &apos;4.31.0&apos;, revision: &apos;1ef9f18787*&apos;
System info: os.name: &apos;Windows 11&apos;, os.arch: &apos;amd64&apos;, os.version: &apos;10.0&apos;, java.version: &apos;23.0.2&apos;
Driver info: org.openqa.selenium.remote.RemoteWebDriver
Command: [329975b2-3301-4707-82df-9bf99e81ceff, findElement {using=xpath, value=//div[@class=&apos;alert alert-success alert-dismissible&apos;]}]
Capabilities {acceptInsecureCerts: true, browserName: firefox, browserVersion: 138.0.4, moz:accessibilityChecks: false, moz:buildID: 20250517143237, moz:firefoxOptions: {binary: C:\Users\malli\.cache\selen..., prefs: {remote.active-protocols: 3}}, moz:geckodriverVersion: 0.36.0, moz:headless: false, moz:platformVersion: 10.0, moz:processID: 28860, moz:profile: C:\Users\malli\AppData\Loca..., moz:shutdownTimeout: 60000, moz:webdriverClick: true, moz:windowless: false, pageLoadStrategy: normal, platformName: Windows 11, proxy: Proxy(), se:bidiEnabled: false, se:cdpEnabled: false, setWindowRect: true, strictFileInteractability: false, timeouts: {implicit: 0, pageLoad: 300000, script: 30000}, unhandledPromptBehavior: dismiss and notify, userAgent: Mozilla/5.0 (Windows NT 10....}
Session ID: 329975b2-3301-4707-82df-9bf99e81ceff
	at testCases.TC03_AddToCartNg.testAddToCart(TC03_AddToCartNg.java:85)
	at java.base/java.util.ArrayList.forEach(ArrayList.java:1597)
	at java.base/java.util.concurrent.FutureTask.run(FutureTask.java:317)
	at java.base/java.util.concurrent.ThreadPoolExecutor.runWorker(ThreadPoolExecutor.java:1144)
	at java.base/java.util.concurrent.ThreadPoolExecutor$Worker.run(ThreadPoolExecutor.java:642)
	at java.base/java.lang.Thread.run(Thread.java:1575)
... Removed 16 stack frames</div></td></tr></table><p class="totop"><a href="#summary">back to summary</a></p>
<h3 id="m30">testCases.TC03_AddToCartNg#testAddToCart</h3><table class="result"><tr><th>Exception</th></tr><tr><td><div class="stacktrace">java.lang.AssertionError: Test failed due to exception: Element &lt;a class=&quot;nav-link dropdown-toggle&quot; href=&quot;https://www.cloudberrystore.services/index.php?route=product/category&amp;language=en-gb&amp;path=18&quot;&gt; could not be scrolled into view
Build info: version: &apos;4.31.0&apos;, revision: &apos;1ef9f18787*&apos;
System info: os.name: &apos;Windows 11&apos;, os.arch: &apos;amd64&apos;, os.version: &apos;10.0&apos;, java.version: &apos;23.0.2&apos;
Driver info: org.openqa.selenium.remote.RemoteWebDriver
Command: [329975b2-3301-4707-82df-9bf99e81ceff, clickElement {id=56615fe2-91ed-4ed7-809a-22e68901ae63}]
Capabilities {acceptInsecureCerts: true, browserName: firefox, browserVersion: 138.0.4, moz:accessibilityChecks: false, moz:buildID: 20250517143237, moz:firefoxOptions: {binary: C:\Users\malli\.cache\selen..., prefs: {remote.active-protocols: 3}}, moz:geckodriverVersion: 0.36.0, moz:headless: false, moz:platformVersion: 10.0, moz:processID: 28860, moz:profile: C:\Users\malli\AppData\Loca..., moz:shutdownTimeout: 60000, moz:webdriverClick: true, moz:windowless: false, pageLoadStrategy: normal, platformName: Windows 11, proxy: Proxy(), se:bidiEnabled: false, se:cdpEnabled: false, setWindowRect: true, strictFileInteractability: false, timeouts: {implicit: 0, pageLoad: 300000, script: 30000}, unhandledPromptBehavior: dismiss and notify, userAgent: Mozilla/5.0 (Windows NT 10....}
Element: [[RemoteWebDriver: firefox on Windows 11 (329975b2-3301-4707-82df-9bf99e81ceff)] -&gt; xpath: //a[normalize-space()=&apos;Laptops &amp; Notebooks&apos;]]
Session ID: 329975b2-3301-4707-82df-9bf99e81ceff
	at testCases.TC03_AddToCartNg.testAddToCart(TC03_AddToCartNg.java:85)
	at java.base/java.util.ArrayList.forEach(ArrayList.java:1597)
	at java.base/java.util.concurrent.FutureTask.run(FutureTask.java:317)
	at java.base/java.util.concurrent.ThreadPoolExecutor.runWorker(ThreadPoolExecutor.java:1144)
	at java.base/java.util.concurrent.ThreadPoolExecutor$Worker.run(ThreadPoolExecutor.java:642)
	at java.base/java.lang.Thread.run(Thread.java:1575)
... Removed 16 stack frames</div></td></tr></table><p class="totop"><a href="#summary">back to summary</a></p>
<h3 id="m31">testCases.TC04_CompletePurchaseNg#addToCart</h3><table class="result"><tr><th>Exception</th></tr><tr><td><div class="stacktrace">java.lang.AssertionError: Test failed due to exception: Unable to locate element: //strong[normalize-space()=&apos;login page&apos;]
For documentation on this error, please visit: https://www.selenium.dev/documentation/webdriver/troubleshooting/errors#no-such-element-exception
Build info: version: &apos;4.31.0&apos;, revision: &apos;1ef9f18787*&apos;
System info: os.name: &apos;Windows 11&apos;, os.arch: &apos;amd64&apos;, os.version: &apos;10.0&apos;, java.version: &apos;23.0.2&apos;
Driver info: org.openqa.selenium.remote.RemoteWebDriver
Command: [e5ecfe0b-fa9f-4bfd-a36b-1f9d30e20bf2, findElement {using=xpath, value=//strong[normalize-space()=&apos;login page&apos;]}]
Capabilities {acceptInsecureCerts: true, browserName: firefox, browserVersion: 138.0.4, moz:accessibilityChecks: false, moz:buildID: 20250517143237, moz:firefoxOptions: {binary: C:\Users\malli\.cache\selen..., prefs: {remote.active-protocols: 3}}, moz:geckodriverVersion: 0.36.0, moz:headless: false, moz:platformVersion: 10.0, moz:processID: 19864, moz:profile: C:\Users\malli\AppData\Loca..., moz:shutdownTimeout: 60000, moz:webdriverClick: true, moz:windowless: false, pageLoadStrategy: normal, platformName: Windows 11, proxy: Proxy(), se:bidiEnabled: false, se:cdpEnabled: false, setWindowRect: true, strictFileInteractability: false, timeouts: {implicit: 0, pageLoad: 300000, script: 30000}, unhandledPromptBehavior: dismiss and notify, userAgent: Mozilla/5.0 (Windows NT 10....}
Session ID: e5ecfe0b-fa9f-4bfd-a36b-1f9d30e20bf2
	at testCases.TC04_CompletePurchaseNg.addToCart(TC04_CompletePurchaseNg.java:127)
	at java.base/java.util.ArrayList.forEach(ArrayList.java:1597)
	at java.base/java.util.concurrent.FutureTask.run(FutureTask.java:317)
	at java.base/java.util.concurrent.ThreadPoolExecutor.runWorker(ThreadPoolExecutor.java:1144)
	at java.base/java.util.concurrent.ThreadPoolExecutor$Worker.run(ThreadPoolExecutor.java:642)
	at java.base/java.lang.Thread.run(Thread.java:1575)
... Removed 16 stack frames</div></td></tr></table><p class="totop"><a href="#summary">back to summary</a></p>
<h3 id="m32">testCases.TC04_CompletePurchaseNg#addToCart</h3><table class="result"><tr><th>Exception</th></tr><tr><td><div class="stacktrace">java.lang.AssertionError: Test failed due to exception: Unable to locate element: //strong[normalize-space()=&apos;login page&apos;]
For documentation on this error, please visit: https://www.selenium.dev/documentation/webdriver/troubleshooting/errors#no-such-element-exception
Build info: version: &apos;4.31.0&apos;, revision: &apos;1ef9f18787*&apos;
System info: os.name: &apos;Windows 11&apos;, os.arch: &apos;amd64&apos;, os.version: &apos;10.0&apos;, java.version: &apos;23.0.2&apos;
Driver info: org.openqa.selenium.remote.RemoteWebDriver
Command: [e5ecfe0b-fa9f-4bfd-a36b-1f9d30e20bf2, findElement {using=xpath, value=//strong[normalize-space()=&apos;login page&apos;]}]
Capabilities {acceptInsecureCerts: true, browserName: firefox, browserVersion: 138.0.4, moz:accessibilityChecks: false, moz:buildID: 20250517143237, moz:firefoxOptions: {binary: C:\Users\malli\.cache\selen..., prefs: {remote.active-protocols: 3}}, moz:geckodriverVersion: 0.36.0, moz:headless: false, moz:platformVersion: 10.0, moz:processID: 19864, moz:profile: C:\Users\malli\AppData\Loca..., moz:shutdownTimeout: 60000, moz:webdriverClick: true, moz:windowless: false, pageLoadStrategy: normal, platformName: Windows 11, proxy: Proxy(), se:bidiEnabled: false, se:cdpEnabled: false, setWindowRect: true, strictFileInteractability: false, timeouts: {implicit: 0, pageLoad: 300000, script: 30000}, unhandledPromptBehavior: dismiss and notify, userAgent: Mozilla/5.0 (Windows NT 10....}
Session ID: e5ecfe0b-fa9f-4bfd-a36b-1f9d30e20bf2
	at testCases.TC04_CompletePurchaseNg.addToCart(TC04_CompletePurchaseNg.java:127)
	at java.base/java.util.ArrayList.forEach(ArrayList.java:1597)
	at java.base/java.util.concurrent.FutureTask.run(FutureTask.java:317)
	at java.base/java.util.concurrent.ThreadPoolExecutor.runWorker(ThreadPoolExecutor.java:1144)
	at java.base/java.util.concurrent.ThreadPoolExecutor$Worker.run(ThreadPoolExecutor.java:642)
	at java.base/java.lang.Thread.run(Thread.java:1575)
... Removed 16 stack frames</div></td></tr></table><p class="totop"><a href="#summary">back to summary</a></p>
<h3 id="m33">testCases.TC05_WishListNg#testAddToWishList</h3><table class="result"><tr><th>Exception</th></tr><tr><td><div class="stacktrace">java.lang.AssertionError: Test failed due to exception: Element &lt;i class=&quot;fa-solid fa-user&quot;&gt; could not be scrolled into view
Build info: version: &apos;4.31.0&apos;, revision: &apos;1ef9f18787*&apos;
System info: os.name: &apos;Windows 11&apos;, os.arch: &apos;amd64&apos;, os.version: &apos;10.0&apos;, java.version: &apos;23.0.2&apos;
Driver info: org.openqa.selenium.remote.RemoteWebDriver
Command: [7d20a740-51fd-4bf5-8b85-290864bb6bf7, clickElement {id=5ecfc9e6-fecc-465a-a865-0e82e7ad0f9e}]
Capabilities {acceptInsecureCerts: true, browserName: firefox, browserVersion: 138.0.4, moz:accessibilityChecks: false, moz:buildID: 20250517143237, moz:firefoxOptions: {binary: C:\Users\malli\.cache\selen..., prefs: {remote.active-protocols: 3}}, moz:geckodriverVersion: 0.36.0, moz:headless: false, moz:platformVersion: 10.0, moz:processID: 30276, moz:profile: C:\Users\malli\AppData\Loca..., moz:shutdownTimeout: 60000, moz:webdriverClick: true, moz:windowless: false, pageLoadStrategy: normal, platformName: Windows 11, proxy: Proxy(), se:bidiEnabled: false, se:cdpEnabled: false, setWindowRect: true, strictFileInteractability: false, timeouts: {implicit: 0, pageLoad: 300000, script: 30000}, unhandledPromptBehavior: dismiss and notify, userAgent: Mozilla/5.0 (Windows NT 10....}
Element: [[RemoteWebDriver: firefox on Windows 11 (7d20a740-51fd-4bf5-8b85-290864bb6bf7)] -&gt; xpath: //i[@class=&apos;fa-solid fa-user&apos;]]
Session ID: 7d20a740-51fd-4bf5-8b85-290864bb6bf7
	at testCases.TC05_WishListNg.testAddToWishList(TC05_WishListNg.java:72)
	at java.base/java.util.ArrayList.forEach(ArrayList.java:1597)
	at java.base/java.util.concurrent.FutureTask.run(FutureTask.java:317)
	at java.base/java.util.concurrent.ThreadPoolExecutor.runWorker(ThreadPoolExecutor.java:1144)
	at java.base/java.util.concurrent.ThreadPoolExecutor$Worker.run(ThreadPoolExecutor.java:642)
	at java.base/java.lang.Thread.run(Thread.java:1575)
... Removed 16 stack frames</div></td></tr></table><p class="totop"><a href="#summary">back to summary</a></p>
<h3 id="m34">testCases.TC05_WishListNg#testAddToWishList</h3><table class="result"><tr><th>Exception</th></tr><tr><td><div class="stacktrace">java.lang.AssertionError: Test failed due to exception: Unable to locate element: //div[@class=&apos;alert alert-success alert-dismissible&apos;]
For documentation on this error, please visit: https://www.selenium.dev/documentation/webdriver/troubleshooting/errors#no-such-element-exception
Build info: version: &apos;4.31.0&apos;, revision: &apos;1ef9f18787*&apos;
System info: os.name: &apos;Windows 11&apos;, os.arch: &apos;amd64&apos;, os.version: &apos;10.0&apos;, java.version: &apos;23.0.2&apos;
Driver info: org.openqa.selenium.remote.RemoteWebDriver
Command: [7d20a740-51fd-4bf5-8b85-290864bb6bf7, findElement {using=xpath, value=//div[@class=&apos;alert alert-success alert-dismissible&apos;]}]
Capabilities {acceptInsecureCerts: true, browserName: firefox, browserVersion: 138.0.4, moz:accessibilityChecks: false, moz:buildID: 20250517143237, moz:firefoxOptions: {binary: C:\Users\malli\.cache\selen..., prefs: {remote.active-protocols: 3}}, moz:geckodriverVersion: 0.36.0, moz:headless: false, moz:platformVersion: 10.0, moz:processID: 30276, moz:profile: C:\Users\malli\AppData\Loca..., moz:shutdownTimeout: 60000, moz:webdriverClick: true, moz:windowless: false, pageLoadStrategy: normal, platformName: Windows 11, proxy: Proxy(), se:bidiEnabled: false, se:cdpEnabled: false, setWindowRect: true, strictFileInteractability: false, timeouts: {implicit: 0, pageLoad: 300000, script: 30000}, unhandledPromptBehavior: dismiss and notify, userAgent: Mozilla/5.0 (Windows NT 10....}
Session ID: 7d20a740-51fd-4bf5-8b85-290864bb6bf7
	at testCases.TC05_WishListNg.testAddToWishList(TC05_WishListNg.java:72)
	at java.base/java.util.ArrayList.forEach(ArrayList.java:1597)
	at java.base/java.util.concurrent.FutureTask.run(FutureTask.java:317)
	at java.base/java.util.concurrent.ThreadPoolExecutor.runWorker(ThreadPoolExecutor.java:1144)
	at java.base/java.util.concurrent.ThreadPoolExecutor$Worker.run(ThreadPoolExecutor.java:642)
	at java.base/java.lang.Thread.run(Thread.java:1575)
... Removed 16 stack frames</div></td></tr></table><p class="totop"><a href="#summary">back to summary</a></p>
<h3 id="m35">testCases.TC01_LaunchApplication#testLaunchApplication</h3><table class="result"><tr><th class="invisible"/></tr></table><p class="totop"><a href="#summary">back to summary</a></p>
<h3 id="m36">testCases.TC02_Login_Ng#testLogin</h3><table class="result"><tr class="param"><th>Parameter #1</th><th>Parameter #2</th></tr><tr class="param stripe"><td>sid@cloudberry.services</td><td>Test123</td></tr></table><p class="totop"><a href="#summary">back to summary</a></p>
<h3 id="m37">testCases.TC02_Login_Ng#testLogin</h3><table class="result"><tr class="param"><th>Parameter #1</th><th>Parameter #2</th></tr><tr class="param stripe"><td>hichamkhachiai@gmail.com</td><td>hicham123</td></tr></table><p class="totop"><a href="#summary">back to summary</a></p>
<h3 id="m38">testCases.TC02_Login_Ng#testLogin</h3><table class="result"><tr class="param"><th>Parameter #1</th><th>Parameter #2</th></tr><tr class="param stripe"><td>nona@yahoo.com</td><td>QWER!@#$</td></tr></table><p class="totop"><a href="#summary">back to summary</a></p>
<h3 id="m39">testCases.TC02_Login_Ng#testLogin</h3><table class="result"><tr class="param"><th>Parameter #1</th><th>Parameter #2</th></tr><tr class="param stripe"><td>smitasharma.qa@gmail.com</td><td>ss*QA123</td></tr></table><p class="totop"><a href="#summary">back to summary</a></p>
<h3 id="m40">testCases.TC02_Login_Ng#testLogin</h3><table class="result"><tr class="param"><th>Parameter #1</th><th>Parameter #2</th></tr><tr class="param stripe"><td>apushedwoman@gmail.com</td><td>password123</td></tr></table><p class="totop"><a href="#summary">back to summary</a></p>
<h3 id="m41">testCases.TC06_AddAffiliateNg#testAddAffiliate</h3><table class="result"><tr><th class="invisible"/></tr></table><p class="totop"><a href="#summary">back to summary</a></p>
</body>
</html>
